<?xml version="1.0" encoding="UTF-8"?>
<robot generator="Robot 4.1.3 (Python 3.8.0 on win32)" generated="20220114 01:02:33.693" rpa="false" schemaversion="2">
<suite id="s1" name="Forms Testsuite" source="C:\Users\Bonnie\Documents\Projects\test-automation-practices\robotframe_tests\forms_testsuite">
<suite id="s1-s1" name="Datepicker Test" source="C:\Users\Bonnie\Documents\Projects\test-automation-practices\robotframe_tests\forms_testsuite\datepicker_test.robot">
<test id="s1-s1-t1" name="Select And Display Date Of Birth">
<kw name="Run Keywords" library="BuiltIn" type="SETUP">
<arg>Go To Website</arg>
<arg>AND</arg>
<arg>Go To Practice Page</arg>
<doc>Executes all the given keywords in a sequence.</doc>
<kw name="Go To Website" library="general">
<kw name="Open Browser" library="Selenium2Library">
<arg>${url}</arg>
<arg>${browser}</arg>
<doc>Opens a new browser instance to the optional ``url``.</doc>
<msg timestamp="20220114 01:02:34.084" level="INFO">Opening browser 'chrome' to base url 'https://demoqa.com/'.</msg>
<status status="PASS" starttime="20220114 01:02:34.083" endtime="20220114 01:02:38.535"/>
</kw>
<status status="PASS" starttime="20220114 01:02:34.083" endtime="20220114 01:02:38.536"/>
</kw>
<kw name="Go To Practice Page" library="forms_resource">
<kw name="Go To" library="Selenium2Library">
<arg>${practicepage}</arg>
<doc>Navigates the current browser window to the provided ``url``.</doc>
<msg timestamp="20220114 01:02:38.537" level="INFO">Opening url 'https://demoqa.com/automation-practice-form'</msg>
<status status="PASS" starttime="20220114 01:02:38.537" endtime="20220114 01:02:39.439"/>
</kw>
<status status="PASS" starttime="20220114 01:02:38.536" endtime="20220114 01:02:39.440"/>
</kw>
<status status="PASS" starttime="20220114 01:02:34.082" endtime="20220114 01:02:39.440"/>
</kw>
<kw name="Enter Required Fields" library="forms_resource">
<kw name="Enter First Name" library="forms_resource">
<kw name="Input Text" library="Selenium2Library">
<arg>//input[@id='firstName']</arg>
<arg>Allie</arg>
<doc>Types the given ``text`` into the text field identified by ``locator``.</doc>
<msg timestamp="20220114 01:02:39.446" level="INFO">Typing text 'Allie' into text field '//input[@id='firstName']'.</msg>
<status status="PASS" starttime="20220114 01:02:39.446" endtime="20220114 01:02:39.806"/>
</kw>
<status status="PASS" starttime="20220114 01:02:39.445" endtime="20220114 01:02:39.809"/>
</kw>
<kw name="Enter Last Name" library="forms_resource">
<kw name="Input Text" library="Selenium2Library">
<arg>//input[@id='lastName']</arg>
<arg>Test</arg>
<doc>Types the given ``text`` into the text field identified by ``locator``.</doc>
<msg timestamp="20220114 01:02:39.811" level="INFO">Typing text 'Test' into text field '//input[@id='lastName']'.</msg>
<status status="PASS" starttime="20220114 01:02:39.810" endtime="20220114 01:02:39.967"/>
</kw>
<status status="PASS" starttime="20220114 01:02:39.809" endtime="20220114 01:02:39.967"/>
</kw>
<kw name="Select Gender Option" library="forms_resource">
<kw name="Click Element" library="Selenium2Library">
<arg>//label[contains(text(),'Female')]</arg>
<doc>Click the element identified by ``locator``.</doc>
<msg timestamp="20220114 01:02:39.969" level="INFO">Clicking element '//label[contains(text(),'Female')]'.</msg>
<status status="PASS" starttime="20220114 01:02:39.968" endtime="20220114 01:02:40.096"/>
</kw>
<status status="PASS" starttime="20220114 01:02:39.967" endtime="20220114 01:02:40.096"/>
</kw>
<kw name="Enter Phone Number" library="forms_resource">
<arg>9991231234</arg>
<kw name="Input Text" library="Selenium2Library">
<arg>//input[@id='userNumber']</arg>
<arg>${phone}</arg>
<doc>Types the given ``text`` into the text field identified by ``locator``.</doc>
<msg timestamp="20220114 01:02:40.098" level="INFO">Typing text '9991231234' into text field '//input[@id='userNumber']'.</msg>
<status status="PASS" starttime="20220114 01:02:40.097" endtime="20220114 01:02:40.265"/>
</kw>
<status status="PASS" starttime="20220114 01:02:40.096" endtime="20220114 01:02:40.266"/>
</kw>
<status status="PASS" starttime="20220114 01:02:39.443" endtime="20220114 01:02:40.266"/>
</kw>
<kw name="Click Calendar Field" library="forms_resource">
<kw name="Click Element" library="Selenium2Library">
<arg>//input[@id='dateOfBirthInput']</arg>
<doc>Click the element identified by ``locator``.</doc>
<msg timestamp="20220114 01:02:40.268" level="INFO">Clicking element '//input[@id='dateOfBirthInput']'.</msg>
<status status="PASS" starttime="20220114 01:02:40.267" endtime="20220114 01:02:40.481"/>
</kw>
<status status="PASS" starttime="20220114 01:02:40.267" endtime="20220114 01:02:40.482"/>
</kw>
<kw name="Date Picker Should Be Visible" library="forms_resource">
<kw name="Element Should Be Visible" library="Selenium2Library">
<arg>//body/div[@id='app']/div[1]/div[1]/div[2]/div[2]/div[1]/form[1]/div[5]/div[2]/div[2]/div[2]/div[1]/div[1]/div[2]</arg>
<doc>Verifies that the element identified by ``locator`` is visible.</doc>
<msg timestamp="20220114 01:02:40.547" level="INFO">Element '//body/div[@id='app']/div[1]/div[1]/div[2]/div[2]/div[1]/form[1]/div[5]/div[2]/div[2]/div[2]/div[1]/div[1]/div[2]' is displayed.</msg>
<status status="PASS" starttime="20220114 01:02:40.485" endtime="20220114 01:02:40.547"/>
</kw>
<status status="PASS" starttime="20220114 01:02:40.484" endtime="20220114 01:02:40.548"/>
</kw>
<kw name="Select Date" library="forms_resource">
<kw name="Click Element" library="Selenium2Library">
<arg>//select[@class='react-datepicker__month-select']</arg>
<doc>Click the element identified by ``locator``.</doc>
<msg timestamp="20220114 01:02:40.550" level="INFO">Clicking element '//select[@class='react-datepicker__month-select']'.</msg>
<status status="PASS" starttime="20220114 01:02:40.549" endtime="20220114 01:02:40.687"/>
</kw>
<kw name="Select From List By Value" library="Selenium2Library">
<arg>//select[@class='react-datepicker__month-select']</arg>
<arg>4</arg>
<doc>Selects options from selection list ``locator`` by ``values``.</doc>
<msg timestamp="20220114 01:02:40.689" level="INFO">Selecting options from selection list '//select[@class='react-datepicker__month-select']' by value 4.</msg>
<status status="PASS" starttime="20220114 01:02:40.688" endtime="20220114 01:02:40.794"/>
</kw>
<kw name="Click Element" library="Selenium2Library">
<arg>//select[@class='react-datepicker__year-select']</arg>
<doc>Click the element identified by ``locator``.</doc>
<msg timestamp="20220114 01:02:40.795" level="INFO">Clicking element '//select[@class='react-datepicker__year-select']'.</msg>
<status status="PASS" starttime="20220114 01:02:40.795" endtime="20220114 01:02:40.913"/>
</kw>
<kw name="Select From List By Value" library="Selenium2Library">
<arg>//select[@class='react-datepicker__year-select']</arg>
<arg>1957</arg>
<doc>Selects options from selection list ``locator`` by ``values``.</doc>
<msg timestamp="20220114 01:02:40.914" level="INFO">Selecting options from selection list '//select[@class='react-datepicker__year-select']' by value 1957.</msg>
<status status="PASS" starttime="20220114 01:02:40.913" endtime="20220114 01:02:41.034"/>
</kw>
<kw name="Click Element" library="Selenium2Library">
<arg>//body/div[@id='app']/div[1]/div[1]/div[2]/div[2]/div[1]/form[1]/div[5]/div[2]/div[2]/div[2]/div[1]/div[1]/div[2]/div[2]/div[2]/div[3]</arg>
<doc>Click the element identified by ``locator``.</doc>
<msg timestamp="20220114 01:02:41.035" level="INFO">Clicking element '//body/div[@id='app']/div[1]/div[1]/div[2]/div[2]/div[1]/form[1]/div[5]/div[2]/div[2]/div[2]/div[1]/div[1]/div[2]/div[2]/div[2]/div[3]'.</msg>
<status status="PASS" starttime="20220114 01:02:41.035" endtime="20220114 01:02:41.120"/>
</kw>
<status status="PASS" starttime="20220114 01:02:40.548" endtime="20220114 01:02:41.120"/>
</kw>
<kw name="Click Submit Button" library="forms_resource">
<kw name="Set Focus To Element" library="Selenium2Library">
<arg>//button[@id='submit']</arg>
<doc>Sets the focus to the element identified by ``locator``.</doc>
<status status="PASS" starttime="20220114 01:02:41.121" endtime="20220114 01:02:41.149"/>
</kw>
<kw name="Click Button" library="Selenium2Library">
<arg>//button[@id='submit']</arg>
<doc>Clicks the button identified by ``locator``.</doc>
<msg timestamp="20220114 01:02:41.149" level="INFO">Clicking button '//button[@id='submit']'.</msg>
<status status="PASS" starttime="20220114 01:02:41.149" endtime="20220114 01:02:41.278"/>
</kw>
<status status="PASS" starttime="20220114 01:02:41.121" endtime="20220114 01:02:41.279"/>
</kw>
<kw name="Date Should Be Visible on Modal" library="forms_resource">
<kw name="Element Should Contain" library="Selenium2Library">
<arg>//body/div[4]/div[1]/div[1]/div[2]/div[1]/table[1]</arg>
<arg>07 May,1957</arg>
<doc>Verifies that element ``locator`` contains text ``expected``.</doc>
<msg timestamp="20220114 01:02:41.417" level="INFO">Element '//body/div[4]/div[1]/div[1]/div[2]/div[1]/table[1]' contains text '07 May,1957'.</msg>
<status status="PASS" starttime="20220114 01:02:41.280" endtime="20220114 01:02:41.417"/>
</kw>
<status status="PASS" starttime="20220114 01:02:41.279" endtime="20220114 01:02:41.418"/>
</kw>
<kw name="Close Browser" library="Selenium2Library" type="TEARDOWN">
<doc>Closes the current browser.</doc>
<status status="PASS" starttime="20220114 01:02:41.418" endtime="20220114 01:02:43.912"/>
</kw>
<status status="PASS" starttime="20220114 01:02:34.069" endtime="20220114 01:02:43.912"/>
</test>
<test id="s1-s1-t2" name="Only Date Is Accepted For Date of Birth">
<kw name="Run Keywords" library="BuiltIn" type="SETUP">
<arg>Go To Website</arg>
<arg>AND</arg>
<arg>Go To Practice Page</arg>
<doc>Executes all the given keywords in a sequence.</doc>
<kw name="Go To Website" library="general">
<kw name="Open Browser" library="Selenium2Library">
<arg>${url}</arg>
<arg>${browser}</arg>
<doc>Opens a new browser instance to the optional ``url``.</doc>
<msg timestamp="20220114 01:02:43.934" level="INFO">Opening browser 'chrome' to base url 'https://demoqa.com/'.</msg>
<status status="PASS" starttime="20220114 01:02:43.932" endtime="20220114 01:02:47.448"/>
</kw>
<status status="PASS" starttime="20220114 01:02:43.929" endtime="20220114 01:02:47.449"/>
</kw>
<kw name="Go To Practice Page" library="forms_resource">
<kw name="Go To" library="Selenium2Library">
<arg>${practicepage}</arg>
<doc>Navigates the current browser window to the provided ``url``.</doc>
<msg timestamp="20220114 01:02:47.450" level="INFO">Opening url 'https://demoqa.com/automation-practice-form'</msg>
<status status="PASS" starttime="20220114 01:02:47.450" endtime="20220114 01:02:48.242"/>
</kw>
<status status="PASS" starttime="20220114 01:02:47.449" endtime="20220114 01:02:48.242"/>
</kw>
<status status="PASS" starttime="20220114 01:02:43.925" endtime="20220114 01:02:48.243"/>
</kw>
<kw name="Enter Required Fields" library="forms_resource">
<kw name="Enter First Name" library="forms_resource">
<kw name="Input Text" library="Selenium2Library">
<arg>//input[@id='firstName']</arg>
<arg>Allie</arg>
<doc>Types the given ``text`` into the text field identified by ``locator``.</doc>
<msg timestamp="20220114 01:02:48.247" level="INFO">Typing text 'Allie' into text field '//input[@id='firstName']'.</msg>
<status status="PASS" starttime="20220114 01:02:48.246" endtime="20220114 01:02:48.559"/>
</kw>
<status status="PASS" starttime="20220114 01:02:48.245" endtime="20220114 01:02:48.559"/>
</kw>
<kw name="Enter Last Name" library="forms_resource">
<kw name="Input Text" library="Selenium2Library">
<arg>//input[@id='lastName']</arg>
<arg>Test</arg>
<doc>Types the given ``text`` into the text field identified by ``locator``.</doc>
<msg timestamp="20220114 01:02:48.561" level="INFO">Typing text 'Test' into text field '//input[@id='lastName']'.</msg>
<status status="PASS" starttime="20220114 01:02:48.561" endtime="20220114 01:02:48.692"/>
</kw>
<status status="PASS" starttime="20220114 01:02:48.560" endtime="20220114 01:02:48.692"/>
</kw>
<kw name="Select Gender Option" library="forms_resource">
<kw name="Click Element" library="Selenium2Library">
<arg>//label[contains(text(),'Female')]</arg>
<doc>Click the element identified by ``locator``.</doc>
<msg timestamp="20220114 01:02:48.693" level="INFO">Clicking element '//label[contains(text(),'Female')]'.</msg>
<status status="PASS" starttime="20220114 01:02:48.693" endtime="20220114 01:02:48.790"/>
</kw>
<status status="PASS" starttime="20220114 01:02:48.692" endtime="20220114 01:02:48.791"/>
</kw>
<kw name="Enter Phone Number" library="forms_resource">
<arg>9991231234</arg>
<kw name="Input Text" library="Selenium2Library">
<arg>//input[@id='userNumber']</arg>
<arg>${phone}</arg>
<doc>Types the given ``text`` into the text field identified by ``locator``.</doc>
<msg timestamp="20220114 01:02:48.792" level="INFO">Typing text '9991231234' into text field '//input[@id='userNumber']'.</msg>
<status status="PASS" starttime="20220114 01:02:48.792" endtime="20220114 01:02:48.934"/>
</kw>
<status status="PASS" starttime="20220114 01:02:48.791" endtime="20220114 01:02:48.935"/>
</kw>
<status status="PASS" starttime="20220114 01:02:48.244" endtime="20220114 01:02:48.935"/>
</kw>
<kw name="Clear Element Text" library="Selenium2Library">
<arg>//input[@id='dateOfBirthInput']</arg>
<doc>Clears the value of the text-input-element identified by ``locator``.</doc>
<status status="PASS" starttime="20220114 01:02:48.936" endtime="20220114 01:02:49.095"/>
</kw>
<kw name="Input Text" library="Selenium2Library">
<arg>//input[@id='dateOfBirthInput']</arg>
<arg>this is not a Date</arg>
<doc>Types the given ``text`` into the text field identified by ``locator``.</doc>
<msg timestamp="20220114 01:02:49.097" level="INFO">Typing text 'this is not a Date' into text field '//input[@id='dateOfBirthInput']'.</msg>
<status status="PASS" starttime="20220114 01:02:49.096" endtime="20220114 01:02:49.445"/>
</kw>
<kw name="Click Submit Button" library="forms_resource">
<kw name="Set Focus To Element" library="Selenium2Library">
<arg>//button[@id='submit']</arg>
<doc>Sets the focus to the element identified by ``locator``.</doc>
<status status="PASS" starttime="20220114 01:02:49.446" endtime="20220114 01:02:49.495"/>
</kw>
<kw name="Click Button" library="Selenium2Library">
<arg>//button[@id='submit']</arg>
<doc>Clicks the button identified by ``locator``.</doc>
<msg timestamp="20220114 01:02:49.496" level="INFO">Clicking button '//button[@id='submit']'.</msg>
<status status="PASS" starttime="20220114 01:02:49.496" endtime="20220114 01:02:49.610"/>
</kw>
<status status="PASS" starttime="20220114 01:02:49.446" endtime="20220114 01:02:49.610"/>
</kw>
<kw name="Submit Modal Should Not Be Visible" library="forms_resource">
<kw name="Element Should Not Be Visible" library="Selenium2Library">
<arg>//div[@id='example-modal-sizes-title-lg']</arg>
<doc>Verifies that the element identified by ``locator`` is NOT visible.</doc>
<kw name="Capture Page Screenshot" library="Selenium2Library">
<doc>Takes a screenshot of the current page and embeds it into a log file.</doc>
<msg timestamp="20220114 01:02:49.916" level="INFO" html="true">&lt;/td&gt;&lt;/tr&gt;&lt;tr&gt;&lt;td colspan="3"&gt;&lt;a href="selenium-screenshot-1.png"&gt;&lt;img src="selenium-screenshot-1.png" width="800px"&gt;&lt;/a&gt;</msg>
<status status="PASS" starttime="20220114 01:02:49.663" endtime="20220114 01:02:49.917"/>
</kw>
<msg timestamp="20220114 01:02:49.921" level="FAIL">The element '//div[@id='example-modal-sizes-title-lg']' should not be visible, but it is.</msg>
<status status="FAIL" starttime="20220114 01:02:49.612" endtime="20220114 01:02:49.921"/>
</kw>
<status status="FAIL" starttime="20220114 01:02:49.611" endtime="20220114 01:02:49.922"/>
</kw>
<kw name="Close Browser" library="Selenium2Library" type="TEARDOWN">
<doc>Closes the current browser.</doc>
<status status="PASS" starttime="20220114 01:02:49.923" endtime="20220114 01:02:52.313"/>
</kw>
<tag>fails</tag>
<status status="FAIL" starttime="20220114 01:02:43.921" endtime="20220114 01:02:52.314">The element '//div[@id='example-modal-sizes-title-lg']' should not be visible, but it is.</status>
</test>
<doc>A test suite for submitting a student form</doc>
<status status="FAIL" starttime="20220114 01:02:33.724" endtime="20220114 01:02:52.316"/>
</suite>
<suite id="s1-s2" name="Invalidvalues Test" source="C:\Users\Bonnie\Documents\Projects\test-automation-practices\robotframe_tests\forms_testsuite\invalidvalues_test.robot">
<test id="s1-s2-t1" name="empty phone field">
<kw name="Run Keywords" library="BuiltIn" type="SETUP">
<arg>Go To Website</arg>
<arg>AND</arg>
<arg>Go To Practice Page</arg>
<doc>Executes all the given keywords in a sequence.</doc>
<kw name="Go To Website" library="general">
<kw name="Open Browser" library="Selenium2Library">
<arg>${url}</arg>
<arg>${browser}</arg>
<doc>Opens a new browser instance to the optional ``url``.</doc>
<msg timestamp="20220114 01:02:52.336" level="INFO">Opening browser 'chrome' to base url 'https://demoqa.com/'.</msg>
<status status="PASS" starttime="20220114 01:02:52.336" endtime="20220114 01:02:56.407"/>
</kw>
<status status="PASS" starttime="20220114 01:02:52.335" endtime="20220114 01:02:56.408"/>
</kw>
<kw name="Go To Practice Page" library="forms_resource">
<kw name="Go To" library="Selenium2Library">
<arg>${practicepage}</arg>
<doc>Navigates the current browser window to the provided ``url``.</doc>
<msg timestamp="20220114 01:02:56.410" level="INFO">Opening url 'https://demoqa.com/automation-practice-form'</msg>
<status status="PASS" starttime="20220114 01:02:56.410" endtime="20220114 01:02:57.271"/>
</kw>
<status status="PASS" starttime="20220114 01:02:56.409" endtime="20220114 01:02:57.271"/>
</kw>
<status status="PASS" starttime="20220114 01:02:52.335" endtime="20220114 01:02:57.271"/>
</kw>
<kw name="Invalid Values">
<arg>${empty}</arg>
<kw name="Enter First Name" library="forms_resource">
<kw name="Input Text" library="Selenium2Library">
<arg>//input[@id='firstName']</arg>
<arg>Allie</arg>
<doc>Types the given ``text`` into the text field identified by ``locator``.</doc>
<msg timestamp="20220114 01:02:57.277" level="INFO">Typing text 'Allie' into text field '//input[@id='firstName']'.</msg>
<status status="PASS" starttime="20220114 01:02:57.277" endtime="20220114 01:02:57.882"/>
</kw>
<status status="PASS" starttime="20220114 01:02:57.276" endtime="20220114 01:02:57.882"/>
</kw>
<kw name="Enter Last Name" library="forms_resource">
<kw name="Input Text" library="Selenium2Library">
<arg>//input[@id='lastName']</arg>
<arg>Test</arg>
<doc>Types the given ``text`` into the text field identified by ``locator``.</doc>
<msg timestamp="20220114 01:02:57.884" level="INFO">Typing text 'Test' into text field '//input[@id='lastName']'.</msg>
<status status="PASS" starttime="20220114 01:02:57.883" endtime="20220114 01:02:58.121"/>
</kw>
<status status="PASS" starttime="20220114 01:02:57.883" endtime="20220114 01:02:58.121"/>
</kw>
<kw name="Select Gender Option" library="forms_resource">
<kw name="Click Element" library="Selenium2Library">
<arg>//label[contains(text(),'Female')]</arg>
<doc>Click the element identified by ``locator``.</doc>
<msg timestamp="20220114 01:02:58.123" level="INFO">Clicking element '//label[contains(text(),'Female')]'.</msg>
<status status="PASS" starttime="20220114 01:02:58.122" endtime="20220114 01:02:58.291"/>
</kw>
<status status="PASS" starttime="20220114 01:02:58.121" endtime="20220114 01:02:58.292"/>
</kw>
<kw name="Enter Phone Number" library="forms_resource">
<arg>${value}</arg>
<kw name="Input Text" library="Selenium2Library">
<arg>//input[@id='userNumber']</arg>
<arg>${phone}</arg>
<doc>Types the given ``text`` into the text field identified by ``locator``.</doc>
<msg timestamp="20220114 01:02:58.294" level="INFO">Typing text '' into text field '//input[@id='userNumber']'.</msg>
<status status="PASS" starttime="20220114 01:02:58.293" endtime="20220114 01:02:58.432"/>
</kw>
<status status="PASS" starttime="20220114 01:02:58.292" endtime="20220114 01:02:58.432"/>
</kw>
<kw name="Submit Modal Should Not Be Visible" library="forms_resource">
<kw name="Element Should Not Be Visible" library="Selenium2Library">
<arg>//div[@id='example-modal-sizes-title-lg']</arg>
<doc>Verifies that the element identified by ``locator`` is NOT visible.</doc>
<msg timestamp="20220114 01:02:58.453" level="INFO">Element '//div[@id='example-modal-sizes-title-lg']' did not exist.</msg>
<status status="PASS" starttime="20220114 01:02:58.433" endtime="20220114 01:02:58.454"/>
</kw>
<status status="PASS" starttime="20220114 01:02:58.432" endtime="20220114 01:02:58.454"/>
</kw>
<status status="PASS" starttime="20220114 01:02:57.272" endtime="20220114 01:02:58.454"/>
</kw>
<kw name="Close Browser" library="Selenium2Library" type="TEARDOWN">
<doc>Closes the current browser.</doc>
<status status="PASS" starttime="20220114 01:02:58.455" endtime="20220114 01:03:00.820"/>
</kw>
<status status="PASS" starttime="20220114 01:02:52.334" endtime="20220114 01:03:00.821"/>
</test>
<test id="s1-s2-t2" name="less than 10 digits">
<kw name="Run Keywords" library="BuiltIn" type="SETUP">
<arg>Go To Website</arg>
<arg>AND</arg>
<arg>Go To Practice Page</arg>
<doc>Executes all the given keywords in a sequence.</doc>
<kw name="Go To Website" library="general">
<kw name="Open Browser" library="Selenium2Library">
<arg>${url}</arg>
<arg>${browser}</arg>
<doc>Opens a new browser instance to the optional ``url``.</doc>
<msg timestamp="20220114 01:03:00.829" level="INFO">Opening browser 'chrome' to base url 'https://demoqa.com/'.</msg>
<status status="PASS" starttime="20220114 01:03:00.829" endtime="20220114 01:03:04.476"/>
</kw>
<status status="PASS" starttime="20220114 01:03:00.829" endtime="20220114 01:03:04.476"/>
</kw>
<kw name="Go To Practice Page" library="forms_resource">
<kw name="Go To" library="Selenium2Library">
<arg>${practicepage}</arg>
<doc>Navigates the current browser window to the provided ``url``.</doc>
<msg timestamp="20220114 01:03:04.477" level="INFO">Opening url 'https://demoqa.com/automation-practice-form'</msg>
<status status="PASS" starttime="20220114 01:03:04.477" endtime="20220114 01:03:05.308"/>
</kw>
<status status="PASS" starttime="20220114 01:03:04.476" endtime="20220114 01:03:05.309"/>
</kw>
<status status="PASS" starttime="20220114 01:03:00.829" endtime="20220114 01:03:05.309"/>
</kw>
<kw name="Invalid Values">
<arg>123</arg>
<kw name="Enter First Name" library="forms_resource">
<kw name="Input Text" library="Selenium2Library">
<arg>//input[@id='firstName']</arg>
<arg>Allie</arg>
<doc>Types the given ``text`` into the text field identified by ``locator``.</doc>
<msg timestamp="20220114 01:03:05.312" level="INFO">Typing text 'Allie' into text field '//input[@id='firstName']'.</msg>
<status status="PASS" starttime="20220114 01:03:05.311" endtime="20220114 01:03:05.601"/>
</kw>
<status status="PASS" starttime="20220114 01:03:05.310" endtime="20220114 01:03:05.602"/>
</kw>
<kw name="Enter Last Name" library="forms_resource">
<kw name="Input Text" library="Selenium2Library">
<arg>//input[@id='lastName']</arg>
<arg>Test</arg>
<doc>Types the given ``text`` into the text field identified by ``locator``.</doc>
<msg timestamp="20220114 01:03:05.603" level="INFO">Typing text 'Test' into text field '//input[@id='lastName']'.</msg>
<status status="PASS" starttime="20220114 01:03:05.603" endtime="20220114 01:03:05.744"/>
</kw>
<status status="PASS" starttime="20220114 01:03:05.602" endtime="20220114 01:03:05.744"/>
</kw>
<kw name="Select Gender Option" library="forms_resource">
<kw name="Click Element" library="Selenium2Library">
<arg>//label[contains(text(),'Female')]</arg>
<doc>Click the element identified by ``locator``.</doc>
<msg timestamp="20220114 01:03:05.745" level="INFO">Clicking element '//label[contains(text(),'Female')]'.</msg>
<status status="PASS" starttime="20220114 01:03:05.745" endtime="20220114 01:03:05.824"/>
</kw>
<status status="PASS" starttime="20220114 01:03:05.745" endtime="20220114 01:03:05.824"/>
</kw>
<kw name="Enter Phone Number" library="forms_resource">
<arg>${value}</arg>
<kw name="Input Text" library="Selenium2Library">
<arg>//input[@id='userNumber']</arg>
<arg>${phone}</arg>
<doc>Types the given ``text`` into the text field identified by ``locator``.</doc>
<msg timestamp="20220114 01:03:05.826" level="INFO">Typing text '123' into text field '//input[@id='userNumber']'.</msg>
<status status="PASS" starttime="20220114 01:03:05.825" endtime="20220114 01:03:05.969"/>
</kw>
<status status="PASS" starttime="20220114 01:03:05.824" endtime="20220114 01:03:05.969"/>
</kw>
<kw name="Submit Modal Should Not Be Visible" library="forms_resource">
<kw name="Element Should Not Be Visible" library="Selenium2Library">
<arg>//div[@id='example-modal-sizes-title-lg']</arg>
<doc>Verifies that the element identified by ``locator`` is NOT visible.</doc>
<msg timestamp="20220114 01:03:05.987" level="INFO">Element '//div[@id='example-modal-sizes-title-lg']' did not exist.</msg>
<status status="PASS" starttime="20220114 01:03:05.970" endtime="20220114 01:03:05.987"/>
</kw>
<status status="PASS" starttime="20220114 01:03:05.969" endtime="20220114 01:03:05.988"/>
</kw>
<status status="PASS" starttime="20220114 01:03:05.309" endtime="20220114 01:03:05.988"/>
</kw>
<kw name="Close Browser" library="Selenium2Library" type="TEARDOWN">
<doc>Closes the current browser.</doc>
<status status="PASS" starttime="20220114 01:03:05.989" endtime="20220114 01:03:08.374"/>
</kw>
<status status="PASS" starttime="20220114 01:03:00.827" endtime="20220114 01:03:08.374"/>
</test>
<test id="s1-s2-t3" name="negative phone values">
<kw name="Run Keywords" library="BuiltIn" type="SETUP">
<arg>Go To Website</arg>
<arg>AND</arg>
<arg>Go To Practice Page</arg>
<doc>Executes all the given keywords in a sequence.</doc>
<kw name="Go To Website" library="general">
<kw name="Open Browser" library="Selenium2Library">
<arg>${url}</arg>
<arg>${browser}</arg>
<doc>Opens a new browser instance to the optional ``url``.</doc>
<msg timestamp="20220114 01:03:08.394" level="INFO">Opening browser 'chrome' to base url 'https://demoqa.com/'.</msg>
<status status="PASS" starttime="20220114 01:03:08.392" endtime="20220114 01:03:11.799"/>
</kw>
<status status="PASS" starttime="20220114 01:03:08.389" endtime="20220114 01:03:11.799"/>
</kw>
<kw name="Go To Practice Page" library="forms_resource">
<kw name="Go To" library="Selenium2Library">
<arg>${practicepage}</arg>
<doc>Navigates the current browser window to the provided ``url``.</doc>
<msg timestamp="20220114 01:03:11.800" level="INFO">Opening url 'https://demoqa.com/automation-practice-form'</msg>
<status status="PASS" starttime="20220114 01:03:11.800" endtime="20220114 01:03:12.869"/>
</kw>
<status status="PASS" starttime="20220114 01:03:11.800" endtime="20220114 01:03:12.869"/>
</kw>
<status status="PASS" starttime="20220114 01:03:08.387" endtime="20220114 01:03:12.869"/>
</kw>
<kw name="Invalid Values">
<arg>-543764339</arg>
<kw name="Enter First Name" library="forms_resource">
<kw name="Input Text" library="Selenium2Library">
<arg>//input[@id='firstName']</arg>
<arg>Allie</arg>
<doc>Types the given ``text`` into the text field identified by ``locator``.</doc>
<msg timestamp="20220114 01:03:12.872" level="INFO">Typing text 'Allie' into text field '//input[@id='firstName']'.</msg>
<status status="PASS" starttime="20220114 01:03:12.871" endtime="20220114 01:03:13.089"/>
</kw>
<status status="PASS" starttime="20220114 01:03:12.871" endtime="20220114 01:03:13.089"/>
</kw>
<kw name="Enter Last Name" library="forms_resource">
<kw name="Input Text" library="Selenium2Library">
<arg>//input[@id='lastName']</arg>
<arg>Test</arg>
<doc>Types the given ``text`` into the text field identified by ``locator``.</doc>
<msg timestamp="20220114 01:03:13.091" level="INFO">Typing text 'Test' into text field '//input[@id='lastName']'.</msg>
<status status="PASS" starttime="20220114 01:03:13.090" endtime="20220114 01:03:13.208"/>
</kw>
<status status="PASS" starttime="20220114 01:03:13.089" endtime="20220114 01:03:13.209"/>
</kw>
<kw name="Select Gender Option" library="forms_resource">
<kw name="Click Element" library="Selenium2Library">
<arg>//label[contains(text(),'Female')]</arg>
<doc>Click the element identified by ``locator``.</doc>
<msg timestamp="20220114 01:03:13.212" level="INFO">Clicking element '//label[contains(text(),'Female')]'.</msg>
<status status="PASS" starttime="20220114 01:03:13.210" endtime="20220114 01:03:13.323"/>
</kw>
<status status="PASS" starttime="20220114 01:03:13.209" endtime="20220114 01:03:13.324"/>
</kw>
<kw name="Enter Phone Number" library="forms_resource">
<arg>${value}</arg>
<kw name="Input Text" library="Selenium2Library">
<arg>//input[@id='userNumber']</arg>
<arg>${phone}</arg>
<doc>Types the given ``text`` into the text field identified by ``locator``.</doc>
<msg timestamp="20220114 01:03:13.326" level="INFO">Typing text '-543764339' into text field '//input[@id='userNumber']'.</msg>
<status status="PASS" starttime="20220114 01:03:13.325" endtime="20220114 01:03:13.474"/>
</kw>
<status status="PASS" starttime="20220114 01:03:13.324" endtime="20220114 01:03:13.474"/>
</kw>
<kw name="Submit Modal Should Not Be Visible" library="forms_resource">
<kw name="Element Should Not Be Visible" library="Selenium2Library">
<arg>//div[@id='example-modal-sizes-title-lg']</arg>
<doc>Verifies that the element identified by ``locator`` is NOT visible.</doc>
<msg timestamp="20220114 01:03:13.487" level="INFO">Element '//div[@id='example-modal-sizes-title-lg']' did not exist.</msg>
<status status="PASS" starttime="20220114 01:03:13.475" endtime="20220114 01:03:13.487"/>
</kw>
<status status="PASS" starttime="20220114 01:03:13.474" endtime="20220114 01:03:13.488"/>
</kw>
<status status="PASS" starttime="20220114 01:03:12.870" endtime="20220114 01:03:13.488"/>
</kw>
<kw name="Close Browser" library="Selenium2Library" type="TEARDOWN">
<doc>Closes the current browser.</doc>
<status status="PASS" starttime="20220114 01:03:13.488" endtime="20220114 01:03:15.814"/>
</kw>
<status status="PASS" starttime="20220114 01:03:08.382" endtime="20220114 01:03:15.814"/>
</test>
<doc>A test suite for submitting a student form</doc>
<status status="PASS" starttime="20220114 01:02:52.319" endtime="20220114 01:03:15.825"/>
</suite>
<suite id="s1-s3" name="Uploadimage Test" source="C:\Users\Bonnie\Documents\Projects\test-automation-practices\robotframe_tests\forms_testsuite\uploadimage_test.robot">
<test id="s1-s3-t1" name="Upload A File With Image Extension">
<kw name="Run Keywords" library="BuiltIn" type="SETUP">
<arg>Go To Website</arg>
<arg>AND</arg>
<arg>Go To Practice Page</arg>
<doc>Executes all the given keywords in a sequence.</doc>
<kw name="Go To Website" library="general">
<kw name="Open Browser" library="Selenium2Library">
<arg>${url}</arg>
<arg>${browser}</arg>
<doc>Opens a new browser instance to the optional ``url``.</doc>
<msg timestamp="20220114 01:03:15.861" level="INFO">Opening browser 'chrome' to base url 'https://demoqa.com/'.</msg>
<status status="PASS" starttime="20220114 01:03:15.858" endtime="20220114 01:03:19.286"/>
</kw>
<status status="PASS" starttime="20220114 01:03:15.857" endtime="20220114 01:03:19.286"/>
</kw>
<kw name="Go To Practice Page" library="forms_resource">
<kw name="Go To" library="Selenium2Library">
<arg>${practicepage}</arg>
<doc>Navigates the current browser window to the provided ``url``.</doc>
<msg timestamp="20220114 01:03:19.287" level="INFO">Opening url 'https://demoqa.com/automation-practice-form'</msg>
<status status="PASS" starttime="20220114 01:03:19.286" endtime="20220114 01:03:20.148"/>
</kw>
<status status="PASS" starttime="20220114 01:03:19.286" endtime="20220114 01:03:20.148"/>
</kw>
<status status="PASS" starttime="20220114 01:03:15.856" endtime="20220114 01:03:20.148"/>
</kw>
<kw name="Enter Required Fields" library="forms_resource">
<kw name="Enter First Name" library="forms_resource">
<kw name="Input Text" library="Selenium2Library">
<arg>//input[@id='firstName']</arg>
<arg>Allie</arg>
<doc>Types the given ``text`` into the text field identified by ``locator``.</doc>
<msg timestamp="20220114 01:03:20.151" level="INFO">Typing text 'Allie' into text field '//input[@id='firstName']'.</msg>
<status status="PASS" starttime="20220114 01:03:20.150" endtime="20220114 01:03:20.361"/>
</kw>
<status status="PASS" starttime="20220114 01:03:20.150" endtime="20220114 01:03:20.362"/>
</kw>
<kw name="Enter Last Name" library="forms_resource">
<kw name="Input Text" library="Selenium2Library">
<arg>//input[@id='lastName']</arg>
<arg>Test</arg>
<doc>Types the given ``text`` into the text field identified by ``locator``.</doc>
<msg timestamp="20220114 01:03:20.363" level="INFO">Typing text 'Test' into text field '//input[@id='lastName']'.</msg>
<status status="PASS" starttime="20220114 01:03:20.363" endtime="20220114 01:03:20.485"/>
</kw>
<status status="PASS" starttime="20220114 01:03:20.362" endtime="20220114 01:03:20.486"/>
</kw>
<kw name="Select Gender Option" library="forms_resource">
<kw name="Click Element" library="Selenium2Library">
<arg>//label[contains(text(),'Female')]</arg>
<doc>Click the element identified by ``locator``.</doc>
<msg timestamp="20220114 01:03:20.488" level="INFO">Clicking element '//label[contains(text(),'Female')]'.</msg>
<status status="PASS" starttime="20220114 01:03:20.487" endtime="20220114 01:03:20.606"/>
</kw>
<status status="PASS" starttime="20220114 01:03:20.486" endtime="20220114 01:03:20.606"/>
</kw>
<kw name="Enter Phone Number" library="forms_resource">
<arg>9991231234</arg>
<kw name="Input Text" library="Selenium2Library">
<arg>//input[@id='userNumber']</arg>
<arg>${phone}</arg>
<doc>Types the given ``text`` into the text field identified by ``locator``.</doc>
<msg timestamp="20220114 01:03:20.608" level="INFO">Typing text '9991231234' into text field '//input[@id='userNumber']'.</msg>
<status status="PASS" starttime="20220114 01:03:20.608" endtime="20220114 01:03:20.765"/>
</kw>
<status status="PASS" starttime="20220114 01:03:20.607" endtime="20220114 01:03:20.765"/>
</kw>
<status status="PASS" starttime="20220114 01:03:20.149" endtime="20220114 01:03:20.765"/>
</kw>
<kw name="Choose Image File" library="forms_resource">
<kw name="Choose File" library="Selenium2Library">
<arg>//input[@id='uploadPicture']</arg>
<arg>C:\\Users\\Bonnie\\Documents\\Projects\\test-automation-practices\\robotframe_tests\\forms_testsuite/min2bg.jpg</arg>
<doc>Inputs the ``file_path`` into the file input field ``locator``.</doc>
<msg timestamp="20220114 01:03:20.767" level="INFO">Sending C:\Users\Bonnie\Documents\Projects\test-automation-practices\robotframe_tests\forms_testsuite\min2bg.jpg to browser.</msg>
<status status="PASS" starttime="20220114 01:03:20.766" endtime="20220114 01:03:20.825"/>
</kw>
<status status="PASS" starttime="20220114 01:03:20.766" endtime="20220114 01:03:20.825"/>
</kw>
<kw name="Click Submit Button" library="forms_resource">
<kw name="Set Focus To Element" library="Selenium2Library">
<arg>//button[@id='submit']</arg>
<doc>Sets the focus to the element identified by ``locator``.</doc>
<status status="PASS" starttime="20220114 01:03:20.827" endtime="20220114 01:03:20.860"/>
</kw>
<kw name="Click Button" library="Selenium2Library">
<arg>//button[@id='submit']</arg>
<doc>Clicks the button identified by ``locator``.</doc>
<msg timestamp="20220114 01:03:20.861" level="INFO">Clicking button '//button[@id='submit']'.</msg>
<status status="PASS" starttime="20220114 01:03:20.861" endtime="20220114 01:03:20.962"/>
</kw>
<status status="PASS" starttime="20220114 01:03:20.826" endtime="20220114 01:03:20.962"/>
</kw>
<kw name="Image Name Should Be on Modal" library="forms_resource">
<kw name="Element Should Contain" library="Selenium2Library">
<arg>//body/div[4]/div[1]/div[1]/div[2]/div[1]/table[1]</arg>
<arg>min2bg.jpg</arg>
<doc>Verifies that element ``locator`` contains text ``expected``.</doc>
<msg timestamp="20220114 01:03:21.024" level="INFO">Element '//body/div[4]/div[1]/div[1]/div[2]/div[1]/table[1]' contains text 'min2bg.jpg'.</msg>
<status status="PASS" starttime="20220114 01:03:20.963" endtime="20220114 01:03:21.025"/>
</kw>
<status status="PASS" starttime="20220114 01:03:20.962" endtime="20220114 01:03:21.025"/>
</kw>
<kw name="Close Browser" library="Selenium2Library" type="TEARDOWN">
<doc>Closes the current browser.</doc>
<status status="PASS" starttime="20220114 01:03:21.026" endtime="20220114 01:03:23.388"/>
</kw>
<status status="PASS" starttime="20220114 01:03:15.855" endtime="20220114 01:03:23.388"/>
</test>
<test id="s1-s3-t2" name="Upload a non image file">
<kw name="Run Keywords" library="BuiltIn" type="SETUP">
<arg>Go To Website</arg>
<arg>AND</arg>
<arg>Go To Practice Page</arg>
<doc>Executes all the given keywords in a sequence.</doc>
<kw name="Go To Website" library="general">
<kw name="Open Browser" library="Selenium2Library">
<arg>${url}</arg>
<arg>${browser}</arg>
<doc>Opens a new browser instance to the optional ``url``.</doc>
<msg timestamp="20220114 01:03:23.408" level="INFO">Opening browser 'chrome' to base url 'https://demoqa.com/'.</msg>
<status status="PASS" starttime="20220114 01:03:23.406" endtime="20220114 01:03:27.219"/>
</kw>
<status status="PASS" starttime="20220114 01:03:23.404" endtime="20220114 01:03:27.220"/>
</kw>
<kw name="Go To Practice Page" library="forms_resource">
<kw name="Go To" library="Selenium2Library">
<arg>${practicepage}</arg>
<doc>Navigates the current browser window to the provided ``url``.</doc>
<msg timestamp="20220114 01:03:27.221" level="INFO">Opening url 'https://demoqa.com/automation-practice-form'</msg>
<status status="PASS" starttime="20220114 01:03:27.220" endtime="20220114 01:03:28.032"/>
</kw>
<status status="PASS" starttime="20220114 01:03:27.220" endtime="20220114 01:03:28.032"/>
</kw>
<status status="PASS" starttime="20220114 01:03:23.401" endtime="20220114 01:03:28.032"/>
</kw>
<kw name="Enter Required Fields" library="forms_resource">
<kw name="Enter First Name" library="forms_resource">
<kw name="Input Text" library="Selenium2Library">
<arg>//input[@id='firstName']</arg>
<arg>Allie</arg>
<doc>Types the given ``text`` into the text field identified by ``locator``.</doc>
<msg timestamp="20220114 01:03:28.034" level="INFO">Typing text 'Allie' into text field '//input[@id='firstName']'.</msg>
<status status="PASS" starttime="20220114 01:03:28.034" endtime="20220114 01:03:28.235"/>
</kw>
<status status="PASS" starttime="20220114 01:03:28.033" endtime="20220114 01:03:28.235"/>
</kw>
<kw name="Enter Last Name" library="forms_resource">
<kw name="Input Text" library="Selenium2Library">
<arg>//input[@id='lastName']</arg>
<arg>Test</arg>
<doc>Types the given ``text`` into the text field identified by ``locator``.</doc>
<msg timestamp="20220114 01:03:28.237" level="INFO">Typing text 'Test' into text field '//input[@id='lastName']'.</msg>
<status status="PASS" starttime="20220114 01:03:28.236" endtime="20220114 01:03:28.371"/>
</kw>
<status status="PASS" starttime="20220114 01:03:28.236" endtime="20220114 01:03:28.371"/>
</kw>
<kw name="Select Gender Option" library="forms_resource">
<kw name="Click Element" library="Selenium2Library">
<arg>//label[contains(text(),'Female')]</arg>
<doc>Click the element identified by ``locator``.</doc>
<msg timestamp="20220114 01:03:28.373" level="INFO">Clicking element '//label[contains(text(),'Female')]'.</msg>
<status status="PASS" starttime="20220114 01:03:28.372" endtime="20220114 01:03:28.498"/>
</kw>
<status status="PASS" starttime="20220114 01:03:28.371" endtime="20220114 01:03:28.498"/>
</kw>
<kw name="Enter Phone Number" library="forms_resource">
<arg>9991231234</arg>
<kw name="Input Text" library="Selenium2Library">
<arg>//input[@id='userNumber']</arg>
<arg>${phone}</arg>
<doc>Types the given ``text`` into the text field identified by ``locator``.</doc>
<msg timestamp="20220114 01:03:28.501" level="INFO">Typing text '9991231234' into text field '//input[@id='userNumber']'.</msg>
<status status="PASS" starttime="20220114 01:03:28.500" endtime="20220114 01:03:28.629"/>
</kw>
<status status="PASS" starttime="20220114 01:03:28.499" endtime="20220114 01:03:28.629"/>
</kw>
<status status="PASS" starttime="20220114 01:03:28.033" endtime="20220114 01:03:28.630"/>
</kw>
<kw name="Choose Non-Image File" library="forms_resource">
<kw name="Choose File" library="Selenium2Library">
<arg>//input[@id='uploadPicture']</arg>
<arg>C:\\Users\\Bonnie\\Documents\\Projects\\test-automation-practices\\robotframe_tests\\forms_testsuite/output.xml</arg>
<doc>Inputs the ``file_path`` into the file input field ``locator``.</doc>
<msg timestamp="20220114 01:03:28.631" level="INFO">Sending C:\Users\Bonnie\Documents\Projects\test-automation-practices\robotframe_tests\forms_testsuite\output.xml to browser.</msg>
<status status="PASS" starttime="20220114 01:03:28.631" endtime="20220114 01:03:28.689"/>
</kw>
<status status="PASS" starttime="20220114 01:03:28.630" endtime="20220114 01:03:28.690"/>
</kw>
<kw name="Click Submit Button" library="forms_resource">
<kw name="Set Focus To Element" library="Selenium2Library">
<arg>//button[@id='submit']</arg>
<doc>Sets the focus to the element identified by ``locator``.</doc>
<status status="PASS" starttime="20220114 01:03:28.691" endtime="20220114 01:03:28.718"/>
</kw>
<kw name="Click Button" library="Selenium2Library">
<arg>//button[@id='submit']</arg>
<doc>Clicks the button identified by ``locator``.</doc>
<msg timestamp="20220114 01:03:28.719" level="INFO">Clicking button '//button[@id='submit']'.</msg>
<status status="PASS" starttime="20220114 01:03:28.718" endtime="20220114 01:03:28.827"/>
</kw>
<status status="PASS" starttime="20220114 01:03:28.690" endtime="20220114 01:03:28.828"/>
</kw>
<kw name="Error Should Be Visible" library="forms_resource">
<kw name="Element Should Be Visible" library="Selenium2Library">
<arg>//div[@id='errorMessage']</arg>
<doc>Verifies that the element identified by ``locator`` is visible.</doc>
<kw name="Capture Page Screenshot" library="Selenium2Library">
<doc>Takes a screenshot of the current page and embeds it into a log file.</doc>
<msg timestamp="20220114 01:03:29.138" level="INFO" html="true">&lt;/td&gt;&lt;/tr&gt;&lt;tr&gt;&lt;td colspan="3"&gt;&lt;a href="selenium-screenshot-2.png"&gt;&lt;img src="selenium-screenshot-2.png" width="800px"&gt;&lt;/a&gt;</msg>
<status status="PASS" starttime="20220114 01:03:28.849" endtime="20220114 01:03:29.138"/>
</kw>
<msg timestamp="20220114 01:03:29.140" level="FAIL">Element with locator '//div[@id='errorMessage']' not found.</msg>
<status status="FAIL" starttime="20220114 01:03:28.830" endtime="20220114 01:03:29.140"/>
</kw>
<status status="FAIL" starttime="20220114 01:03:28.829" endtime="20220114 01:03:29.141"/>
</kw>
<kw name="Close Browser" library="Selenium2Library" type="TEARDOWN">
<doc>Closes the current browser.</doc>
<status status="PASS" starttime="20220114 01:03:29.145" endtime="20220114 01:03:31.480"/>
</kw>
<tag>fails</tag>
<status status="FAIL" starttime="20220114 01:03:23.397" endtime="20220114 01:03:31.481">Element with locator '//div[@id='errorMessage']' not found.</status>
</test>
<doc>A test suite for submitting a student form</doc>
<status status="FAIL" starttime="20220114 01:03:15.840" endtime="20220114 01:03:31.484"/>
</suite>
<suite id="s1-s4" name="Validform Tests" source="C:\Users\Bonnie\Documents\Projects\test-automation-practices\robotframe_tests\forms_testsuite\validform_tests.robot">
<test id="s1-s4-t1" name="Student Can Enter Valid Values">
<kw name="Run Keywords" library="BuiltIn" type="SETUP">
<arg>Go To Website</arg>
<arg>AND</arg>
<arg>Go To Practice Page</arg>
<doc>Executes all the given keywords in a sequence.</doc>
<kw name="Go To Website" library="general">
<kw name="Open Browser" library="Selenium2Library">
<arg>${url}</arg>
<arg>${browser}</arg>
<doc>Opens a new browser instance to the optional ``url``.</doc>
<msg timestamp="20220114 01:03:31.501" level="INFO">Opening browser 'chrome' to base url 'https://demoqa.com/'.</msg>
<status status="PASS" starttime="20220114 01:03:31.501" endtime="20220114 01:03:35.612"/>
</kw>
<status status="PASS" starttime="20220114 01:03:31.500" endtime="20220114 01:03:35.612"/>
</kw>
<kw name="Go To Practice Page" library="forms_resource">
<kw name="Go To" library="Selenium2Library">
<arg>${practicepage}</arg>
<doc>Navigates the current browser window to the provided ``url``.</doc>
<msg timestamp="20220114 01:03:35.614" level="INFO">Opening url 'https://demoqa.com/automation-practice-form'</msg>
<status status="PASS" starttime="20220114 01:03:35.613" endtime="20220114 01:03:36.575"/>
</kw>
<status status="PASS" starttime="20220114 01:03:35.613" endtime="20220114 01:03:36.575"/>
</kw>
<status status="PASS" starttime="20220114 01:03:31.500" endtime="20220114 01:03:36.575"/>
</kw>
<kw name="Enter Required Fields" library="forms_resource">
<kw name="Enter First Name" library="forms_resource">
<kw name="Input Text" library="Selenium2Library">
<arg>//input[@id='firstName']</arg>
<arg>Allie</arg>
<doc>Types the given ``text`` into the text field identified by ``locator``.</doc>
<msg timestamp="20220114 01:03:36.579" level="INFO">Typing text 'Allie' into text field '//input[@id='firstName']'.</msg>
<status status="PASS" starttime="20220114 01:03:36.578" endtime="20220114 01:03:36.949"/>
</kw>
<status status="PASS" starttime="20220114 01:03:36.577" endtime="20220114 01:03:36.950"/>
</kw>
<kw name="Enter Last Name" library="forms_resource">
<kw name="Input Text" library="Selenium2Library">
<arg>//input[@id='lastName']</arg>
<arg>Test</arg>
<doc>Types the given ``text`` into the text field identified by ``locator``.</doc>
<msg timestamp="20220114 01:03:36.953" level="INFO">Typing text 'Test' into text field '//input[@id='lastName']'.</msg>
<status status="PASS" starttime="20220114 01:03:36.951" endtime="20220114 01:03:37.111"/>
</kw>
<status status="PASS" starttime="20220114 01:03:36.950" endtime="20220114 01:03:37.112"/>
</kw>
<kw name="Select Gender Option" library="forms_resource">
<kw name="Click Element" library="Selenium2Library">
<arg>//label[contains(text(),'Female')]</arg>
<doc>Click the element identified by ``locator``.</doc>
<msg timestamp="20220114 01:03:37.113" level="INFO">Clicking element '//label[contains(text(),'Female')]'.</msg>
<status status="PASS" starttime="20220114 01:03:37.113" endtime="20220114 01:03:37.243"/>
</kw>
<status status="PASS" starttime="20220114 01:03:37.112" endtime="20220114 01:03:37.243"/>
</kw>
<kw name="Enter Phone Number" library="forms_resource">
<arg>9991231234</arg>
<kw name="Input Text" library="Selenium2Library">
<arg>//input[@id='userNumber']</arg>
<arg>${phone}</arg>
<doc>Types the given ``text`` into the text field identified by ``locator``.</doc>
<msg timestamp="20220114 01:03:37.245" level="INFO">Typing text '9991231234' into text field '//input[@id='userNumber']'.</msg>
<status status="PASS" starttime="20220114 01:03:37.244" endtime="20220114 01:03:37.440"/>
</kw>
<status status="PASS" starttime="20220114 01:03:37.244" endtime="20220114 01:03:37.440"/>
</kw>
<status status="PASS" starttime="20220114 01:03:36.576" endtime="20220114 01:03:37.440"/>
</kw>
<kw name="Enter Email" library="forms_resource">
<kw name="Input Text" library="Selenium2Library">
<arg>//input[@id='userEmail']</arg>
<arg>allietest@fake.com</arg>
<doc>Types the given ``text`` into the text field identified by ``locator``.</doc>
<msg timestamp="20220114 01:03:37.453" level="INFO">Typing text 'allietest@fake.com' into text field '//input[@id='userEmail']'.</msg>
<status status="PASS" starttime="20220114 01:03:37.452" endtime="20220114 01:03:37.765"/>
</kw>
<status status="PASS" starttime="20220114 01:03:37.450" endtime="20220114 01:03:37.766"/>
</kw>
<kw name="Enter Birth Date" library="forms_resource">
<kw name="Clear Element Text" library="Selenium2Library">
<arg>//input[@id='dateOfBirthInput']</arg>
<doc>Clears the value of the text-input-element identified by ``locator``.</doc>
<status status="PASS" starttime="20220114 01:03:37.768" endtime="20220114 01:03:38.011"/>
</kw>
<kw name="Input Text" library="Selenium2Library">
<arg>//input[@id='dateOfBirthInput']</arg>
<arg>January 10, 1967</arg>
<doc>Types the given ``text`` into the text field identified by ``locator``.</doc>
<msg timestamp="20220114 01:03:38.012" level="INFO">Typing text 'January 10, 1967' into text field '//input[@id='dateOfBirthInput']'.</msg>
<status status="PASS" starttime="20220114 01:03:38.011" endtime="20220114 01:03:38.436"/>
</kw>
<status status="PASS" starttime="20220114 01:03:37.767" endtime="20220114 01:03:38.437"/>
</kw>
<kw name="Enter Subjects" library="forms_resource">
<kw name="Input Text" library="Selenium2Library">
<arg>//input[@id='subjectsInput']</arg>
<arg>Maths</arg>
<doc>Types the given ``text`` into the text field identified by ``locator``.</doc>
<msg timestamp="20220114 01:03:38.439" level="INFO">Typing text 'Maths' into text field '//input[@id='subjectsInput']'.</msg>
<status status="PASS" starttime="20220114 01:03:38.438" endtime="20220114 01:03:38.628"/>
</kw>
<kw name="Press Keys" library="Selenium2Library">
<arg>//input[@id='subjectsInput']</arg>
<arg>ENTER</arg>
<doc>Simulates the user pressing key(s) to an element or on the active browser.</doc>
<msg timestamp="20220114 01:03:38.629" level="INFO">Sending key(s) ('ENTER',) to //input[@id='subjectsInput'] element.</msg>
<msg timestamp="20220114 01:03:38.962" level="INFO">Pressing special key ENTER to element.</msg>
<msg timestamp="20220114 01:03:38.962" level="INFO">Releasing special key ENTER.</msg>
<status status="PASS" starttime="20220114 01:03:38.628" endtime="20220114 01:03:38.991"/>
</kw>
<status status="PASS" starttime="20220114 01:03:38.437" endtime="20220114 01:03:38.991"/>
</kw>
<kw name="Select Hobbies" library="forms_resource">
<arg>Sports</arg>
<kw name="Click Element" library="Selenium2Library">
<arg>//label[contains(text(),'${hobby}')]</arg>
<doc>Click the element identified by ``locator``.</doc>
<msg timestamp="20220114 01:03:38.995" level="INFO">Clicking element '//label[contains(text(),'Sports')]'.</msg>
<status status="PASS" starttime="20220114 01:03:38.994" endtime="20220114 01:03:39.077"/>
</kw>
<status status="PASS" starttime="20220114 01:03:38.993" endtime="20220114 01:03:39.077"/>
</kw>
<kw name="Select State Option" library="forms_resource">
<kw name="Input Text" library="Selenium2Library">
<arg>//input[@id='react-select-3-input']</arg>
<arg>Haryana</arg>
<doc>Types the given ``text`` into the text field identified by ``locator``.</doc>
<msg timestamp="20220114 01:03:39.079" level="INFO">Typing text 'Haryana' into text field '//input[@id='react-select-3-input']'.</msg>
<status status="PASS" starttime="20220114 01:03:39.079" endtime="20220114 01:03:39.248"/>
</kw>
<kw name="Press Keys" library="Selenium2Library">
<arg>//input[@id='react-select-3-input']</arg>
<arg>ENTER</arg>
<doc>Simulates the user pressing key(s) to an element or on the active browser.</doc>
<msg timestamp="20220114 01:03:39.249" level="INFO">Sending key(s) ('ENTER',) to //input[@id='react-select-3-input'] element.</msg>
<msg timestamp="20220114 01:03:39.559" level="INFO">Pressing special key ENTER to element.</msg>
<msg timestamp="20220114 01:03:39.560" level="INFO">Releasing special key ENTER.</msg>
<status status="PASS" starttime="20220114 01:03:39.248" endtime="20220114 01:03:39.597"/>
</kw>
<status status="PASS" starttime="20220114 01:03:39.078" endtime="20220114 01:03:39.598"/>
</kw>
<kw name="Select City Option" library="forms_resource">
<kw name="Input Text" library="Selenium2Library">
<arg>//input[@id='react-select-4-input']</arg>
<arg>Panipat</arg>
<doc>Types the given ``text`` into the text field identified by ``locator``.</doc>
<msg timestamp="20220114 01:03:39.605" level="INFO">Typing text 'Panipat' into text field '//input[@id='react-select-4-input']'.</msg>
<status status="PASS" starttime="20220114 01:03:39.604" endtime="20220114 01:03:39.775"/>
</kw>
<kw name="Press Keys" library="Selenium2Library">
<arg>//input[@id='react-select-4-input']</arg>
<arg>ENTER</arg>
<doc>Simulates the user pressing key(s) to an element or on the active browser.</doc>
<msg timestamp="20220114 01:03:39.776" level="INFO">Sending key(s) ('ENTER',) to //input[@id='react-select-4-input'] element.</msg>
<msg timestamp="20220114 01:03:40.090" level="INFO">Pressing special key ENTER to element.</msg>
<msg timestamp="20220114 01:03:40.091" level="INFO">Releasing special key ENTER.</msg>
<status status="PASS" starttime="20220114 01:03:39.775" endtime="20220114 01:03:40.114"/>
</kw>
<status status="PASS" starttime="20220114 01:03:39.602" endtime="20220114 01:03:40.115"/>
</kw>
<kw name="Click Submit Button" library="forms_resource">
<kw name="Set Focus To Element" library="Selenium2Library">
<arg>//button[@id='submit']</arg>
<doc>Sets the focus to the element identified by ``locator``.</doc>
<status status="PASS" starttime="20220114 01:03:40.117" endtime="20220114 01:03:40.144"/>
</kw>
<kw name="Click Button" library="Selenium2Library">
<arg>//button[@id='submit']</arg>
<doc>Clicks the button identified by ``locator``.</doc>
<msg timestamp="20220114 01:03:40.145" level="INFO">Clicking button '//button[@id='submit']'.</msg>
<status status="PASS" starttime="20220114 01:03:40.145" endtime="20220114 01:03:40.237"/>
</kw>
<status status="PASS" starttime="20220114 01:03:40.116" endtime="20220114 01:03:40.237"/>
</kw>
<kw name="Submit Modal Should Be Visible" library="forms_resource">
<kw name="Element Should Be Visible" library="Selenium2Library">
<arg>//div[@id='example-modal-sizes-title-lg']</arg>
<doc>Verifies that the element identified by ``locator`` is visible.</doc>
<msg timestamp="20220114 01:03:40.290" level="INFO">Element '//div[@id='example-modal-sizes-title-lg']' is displayed.</msg>
<status status="PASS" starttime="20220114 01:03:40.239" endtime="20220114 01:03:40.290"/>
</kw>
<status status="PASS" starttime="20220114 01:03:40.238" endtime="20220114 01:03:40.291"/>
</kw>
<kw name="Close Browser" library="Selenium2Library" type="TEARDOWN">
<doc>Closes the current browser.</doc>
<status status="PASS" starttime="20220114 01:03:40.292" endtime="20220114 01:03:42.618"/>
</kw>
<status status="PASS" starttime="20220114 01:03:31.499" endtime="20220114 01:03:42.618"/>
</test>
<test id="s1-s4-t2" name="Student Can Select One Hobby">
<kw name="Run Keywords" library="BuiltIn" type="SETUP">
<arg>Go To Website</arg>
<arg>AND</arg>
<arg>Go To Practice Page</arg>
<doc>Executes all the given keywords in a sequence.</doc>
<kw name="Go To Website" library="general">
<kw name="Open Browser" library="Selenium2Library">
<arg>${url}</arg>
<arg>${browser}</arg>
<doc>Opens a new browser instance to the optional ``url``.</doc>
<msg timestamp="20220114 01:03:42.623" level="INFO">Opening browser 'chrome' to base url 'https://demoqa.com/'.</msg>
<status status="PASS" starttime="20220114 01:03:42.623" endtime="20220114 01:03:46.250"/>
</kw>
<status status="PASS" starttime="20220114 01:03:42.622" endtime="20220114 01:03:46.251"/>
</kw>
<kw name="Go To Practice Page" library="forms_resource">
<kw name="Go To" library="Selenium2Library">
<arg>${practicepage}</arg>
<doc>Navigates the current browser window to the provided ``url``.</doc>
<msg timestamp="20220114 01:03:46.251" level="INFO">Opening url 'https://demoqa.com/automation-practice-form'</msg>
<status status="PASS" starttime="20220114 01:03:46.251" endtime="20220114 01:03:47.082"/>
</kw>
<status status="PASS" starttime="20220114 01:03:46.251" endtime="20220114 01:03:47.082"/>
</kw>
<status status="PASS" starttime="20220114 01:03:42.622" endtime="20220114 01:03:47.082"/>
</kw>
<kw name="Enter Required Fields" library="forms_resource">
<kw name="Enter First Name" library="forms_resource">
<kw name="Input Text" library="Selenium2Library">
<arg>//input[@id='firstName']</arg>
<arg>Allie</arg>
<doc>Types the given ``text`` into the text field identified by ``locator``.</doc>
<msg timestamp="20220114 01:03:47.084" level="INFO">Typing text 'Allie' into text field '//input[@id='firstName']'.</msg>
<status status="PASS" starttime="20220114 01:03:47.084" endtime="20220114 01:03:47.215"/>
</kw>
<status status="PASS" starttime="20220114 01:03:47.084" endtime="20220114 01:03:47.216"/>
</kw>
<kw name="Enter Last Name" library="forms_resource">
<kw name="Input Text" library="Selenium2Library">
<arg>//input[@id='lastName']</arg>
<arg>Test</arg>
<doc>Types the given ``text`` into the text field identified by ``locator``.</doc>
<msg timestamp="20220114 01:03:47.218" level="INFO">Typing text 'Test' into text field '//input[@id='lastName']'.</msg>
<status status="PASS" starttime="20220114 01:03:47.217" endtime="20220114 01:03:47.414"/>
</kw>
<status status="PASS" starttime="20220114 01:03:47.216" endtime="20220114 01:03:47.414"/>
</kw>
<kw name="Select Gender Option" library="forms_resource">
<kw name="Click Element" library="Selenium2Library">
<arg>//label[contains(text(),'Female')]</arg>
<doc>Click the element identified by ``locator``.</doc>
<msg timestamp="20220114 01:03:47.416" level="INFO">Clicking element '//label[contains(text(),'Female')]'.</msg>
<status status="PASS" starttime="20220114 01:03:47.415" endtime="20220114 01:03:47.509"/>
</kw>
<status status="PASS" starttime="20220114 01:03:47.415" endtime="20220114 01:03:47.509"/>
</kw>
<kw name="Enter Phone Number" library="forms_resource">
<arg>9991231234</arg>
<kw name="Input Text" library="Selenium2Library">
<arg>//input[@id='userNumber']</arg>
<arg>${phone}</arg>
<doc>Types the given ``text`` into the text field identified by ``locator``.</doc>
<msg timestamp="20220114 01:03:47.511" level="INFO">Typing text '9991231234' into text field '//input[@id='userNumber']'.</msg>
<status status="PASS" starttime="20220114 01:03:47.510" endtime="20220114 01:03:47.667"/>
</kw>
<status status="PASS" starttime="20220114 01:03:47.510" endtime="20220114 01:03:47.667"/>
</kw>
<status status="PASS" starttime="20220114 01:03:47.083" endtime="20220114 01:03:47.667"/>
</kw>
<kw name="Select Hobbies" library="forms_resource">
<arg>Reading</arg>
<kw name="Click Element" library="Selenium2Library">
<arg>//label[contains(text(),'${hobby}')]</arg>
<doc>Click the element identified by ``locator``.</doc>
<msg timestamp="20220114 01:03:47.669" level="INFO">Clicking element '//label[contains(text(),'Reading')]'.</msg>
<status status="PASS" starttime="20220114 01:03:47.669" endtime="20220114 01:03:47.745"/>
</kw>
<status status="PASS" starttime="20220114 01:03:47.668" endtime="20220114 01:03:47.745"/>
</kw>
<kw name="Click Submit Button" library="forms_resource">
<kw name="Set Focus To Element" library="Selenium2Library">
<arg>//button[@id='submit']</arg>
<doc>Sets the focus to the element identified by ``locator``.</doc>
<status status="PASS" starttime="20220114 01:03:47.747" endtime="20220114 01:03:47.775"/>
</kw>
<kw name="Click Button" library="Selenium2Library">
<arg>//button[@id='submit']</arg>
<doc>Clicks the button identified by ``locator``.</doc>
<msg timestamp="20220114 01:03:47.777" level="INFO">Clicking button '//button[@id='submit']'.</msg>
<status status="PASS" starttime="20220114 01:03:47.776" endtime="20220114 01:03:47.894"/>
</kw>
<status status="PASS" starttime="20220114 01:03:47.746" endtime="20220114 01:03:47.894"/>
</kw>
<kw name="Selected Hobby Should Be on Modal" library="forms_resource">
<kw name="Element Should Contain" library="Selenium2Library">
<arg>//body/div[4]/div[1]/div[1]/div[2]/div[1]/table[1]</arg>
<arg>Reading</arg>
<doc>Verifies that element ``locator`` contains text ``expected``.</doc>
<msg timestamp="20220114 01:03:47.960" level="INFO">Element '//body/div[4]/div[1]/div[1]/div[2]/div[1]/table[1]' contains text 'Reading'.</msg>
<status status="PASS" starttime="20220114 01:03:47.896" endtime="20220114 01:03:47.960"/>
</kw>
<status status="PASS" starttime="20220114 01:03:47.895" endtime="20220114 01:03:47.961"/>
</kw>
<kw name="Close Browser" library="Selenium2Library" type="TEARDOWN">
<doc>Closes the current browser.</doc>
<status status="PASS" starttime="20220114 01:03:47.962" endtime="20220114 01:03:50.346"/>
</kw>
<status status="PASS" starttime="20220114 01:03:42.620" endtime="20220114 01:03:50.346"/>
</test>
<test id="s1-s4-t3" name="Student Can Select Multiple Hobbies">
<kw name="Run Keywords" library="BuiltIn" type="SETUP">
<arg>Go To Website</arg>
<arg>AND</arg>
<arg>Go To Practice Page</arg>
<doc>Executes all the given keywords in a sequence.</doc>
<kw name="Go To Website" library="general">
<kw name="Open Browser" library="Selenium2Library">
<arg>${url}</arg>
<arg>${browser}</arg>
<doc>Opens a new browser instance to the optional ``url``.</doc>
<msg timestamp="20220114 01:03:50.366" level="INFO">Opening browser 'chrome' to base url 'https://demoqa.com/'.</msg>
<status status="PASS" starttime="20220114 01:03:50.363" endtime="20220114 01:03:54.163"/>
</kw>
<status status="PASS" starttime="20220114 01:03:50.361" endtime="20220114 01:03:54.164"/>
</kw>
<kw name="Go To Practice Page" library="forms_resource">
<kw name="Go To" library="Selenium2Library">
<arg>${practicepage}</arg>
<doc>Navigates the current browser window to the provided ``url``.</doc>
<msg timestamp="20220114 01:03:54.165" level="INFO">Opening url 'https://demoqa.com/automation-practice-form'</msg>
<status status="PASS" starttime="20220114 01:03:54.165" endtime="20220114 01:03:54.926"/>
</kw>
<status status="PASS" starttime="20220114 01:03:54.164" endtime="20220114 01:03:54.927"/>
</kw>
<status status="PASS" starttime="20220114 01:03:50.358" endtime="20220114 01:03:54.927"/>
</kw>
<kw name="Enter Required Fields" library="forms_resource">
<kw name="Enter First Name" library="forms_resource">
<kw name="Input Text" library="Selenium2Library">
<arg>//input[@id='firstName']</arg>
<arg>Allie</arg>
<doc>Types the given ``text`` into the text field identified by ``locator``.</doc>
<msg timestamp="20220114 01:03:54.931" level="INFO">Typing text 'Allie' into text field '//input[@id='firstName']'.</msg>
<status status="PASS" starttime="20220114 01:03:54.930" endtime="20220114 01:03:55.243"/>
</kw>
<status status="PASS" starttime="20220114 01:03:54.929" endtime="20220114 01:03:55.243"/>
</kw>
<kw name="Enter Last Name" library="forms_resource">
<kw name="Input Text" library="Selenium2Library">
<arg>//input[@id='lastName']</arg>
<arg>Test</arg>
<doc>Types the given ``text`` into the text field identified by ``locator``.</doc>
<msg timestamp="20220114 01:03:55.245" level="INFO">Typing text 'Test' into text field '//input[@id='lastName']'.</msg>
<status status="PASS" starttime="20220114 01:03:55.244" endtime="20220114 01:03:55.383"/>
</kw>
<status status="PASS" starttime="20220114 01:03:55.243" endtime="20220114 01:03:55.384"/>
</kw>
<kw name="Select Gender Option" library="forms_resource">
<kw name="Click Element" library="Selenium2Library">
<arg>//label[contains(text(),'Female')]</arg>
<doc>Click the element identified by ``locator``.</doc>
<msg timestamp="20220114 01:03:55.386" level="INFO">Clicking element '//label[contains(text(),'Female')]'.</msg>
<status status="PASS" starttime="20220114 01:03:55.385" endtime="20220114 01:03:55.462"/>
</kw>
<status status="PASS" starttime="20220114 01:03:55.384" endtime="20220114 01:03:55.463"/>
</kw>
<kw name="Enter Phone Number" library="forms_resource">
<arg>9991231234</arg>
<kw name="Input Text" library="Selenium2Library">
<arg>//input[@id='userNumber']</arg>
<arg>${phone}</arg>
<doc>Types the given ``text`` into the text field identified by ``locator``.</doc>
<msg timestamp="20220114 01:03:55.464" level="INFO">Typing text '9991231234' into text field '//input[@id='userNumber']'.</msg>
<status status="PASS" starttime="20220114 01:03:55.464" endtime="20220114 01:03:55.613"/>
</kw>
<status status="PASS" starttime="20220114 01:03:55.463" endtime="20220114 01:03:55.613"/>
</kw>
<status status="PASS" starttime="20220114 01:03:54.928" endtime="20220114 01:03:55.613"/>
</kw>
<kw name="Select Hobbies" library="forms_resource">
<arg>Sports</arg>
<kw name="Click Element" library="Selenium2Library">
<arg>//label[contains(text(),'${hobby}')]</arg>
<doc>Click the element identified by ``locator``.</doc>
<msg timestamp="20220114 01:03:55.615" level="INFO">Clicking element '//label[contains(text(),'Sports')]'.</msg>
<status status="PASS" starttime="20220114 01:03:55.615" endtime="20220114 01:03:55.683"/>
</kw>
<status status="PASS" starttime="20220114 01:03:55.614" endtime="20220114 01:03:55.684"/>
</kw>
<kw name="Select Hobbies" library="forms_resource">
<arg>Music</arg>
<kw name="Click Element" library="Selenium2Library">
<arg>//label[contains(text(),'${hobby}')]</arg>
<doc>Click the element identified by ``locator``.</doc>
<msg timestamp="20220114 01:03:55.686" level="INFO">Clicking element '//label[contains(text(),'Music')]'.</msg>
<status status="PASS" starttime="20220114 01:03:55.686" endtime="20220114 01:03:55.750"/>
</kw>
<status status="PASS" starttime="20220114 01:03:55.685" endtime="20220114 01:03:55.751"/>
</kw>
<kw name="Click Submit Button" library="forms_resource">
<kw name="Set Focus To Element" library="Selenium2Library">
<arg>//button[@id='submit']</arg>
<doc>Sets the focus to the element identified by ``locator``.</doc>
<status status="PASS" starttime="20220114 01:03:55.752" endtime="20220114 01:03:55.774"/>
</kw>
<kw name="Click Button" library="Selenium2Library">
<arg>//button[@id='submit']</arg>
<doc>Clicks the button identified by ``locator``.</doc>
<msg timestamp="20220114 01:03:55.775" level="INFO">Clicking button '//button[@id='submit']'.</msg>
<status status="PASS" starttime="20220114 01:03:55.774" endtime="20220114 01:03:55.876"/>
</kw>
<status status="PASS" starttime="20220114 01:03:55.751" endtime="20220114 01:03:55.876"/>
</kw>
<kw name="Selected Hobbies Should Be on Modal" library="forms_resource">
<kw name="Element Should Contain" library="Selenium2Library">
<arg>//body/div[4]/div[1]/div[1]/div[2]/div[1]/table[1]</arg>
<arg>Sports, Music</arg>
<doc>Verifies that element ``locator`` contains text ``expected``.</doc>
<msg timestamp="20220114 01:03:55.938" level="INFO">Element '//body/div[4]/div[1]/div[1]/div[2]/div[1]/table[1]' contains text 'Sports, Music'.</msg>
<status status="PASS" starttime="20220114 01:03:55.877" endtime="20220114 01:03:55.938"/>
</kw>
<status status="PASS" starttime="20220114 01:03:55.877" endtime="20220114 01:03:55.939"/>
</kw>
<kw name="Close Browser" library="Selenium2Library" type="TEARDOWN">
<doc>Closes the current browser.</doc>
<status status="PASS" starttime="20220114 01:03:55.941" endtime="20220114 01:03:58.341"/>
</kw>
<status status="PASS" starttime="20220114 01:03:50.354" endtime="20220114 01:03:58.341"/>
</test>
<test id="s1-s4-t4" name="Select City Before State">
<kw name="Run Keywords" library="BuiltIn" type="SETUP">
<arg>Go To Website</arg>
<arg>AND</arg>
<arg>Go To Practice Page</arg>
<doc>Executes all the given keywords in a sequence.</doc>
<kw name="Go To Website" library="general">
<kw name="Open Browser" library="Selenium2Library">
<arg>${url}</arg>
<arg>${browser}</arg>
<doc>Opens a new browser instance to the optional ``url``.</doc>
<msg timestamp="20220114 01:03:58.351" level="INFO">Opening browser 'chrome' to base url 'https://demoqa.com/'.</msg>
<status status="PASS" starttime="20220114 01:03:58.351" endtime="20220114 01:04:01.952"/>
</kw>
<status status="PASS" starttime="20220114 01:03:58.351" endtime="20220114 01:04:01.952"/>
</kw>
<kw name="Go To Practice Page" library="forms_resource">
<kw name="Go To" library="Selenium2Library">
<arg>${practicepage}</arg>
<doc>Navigates the current browser window to the provided ``url``.</doc>
<msg timestamp="20220114 01:04:01.953" level="INFO">Opening url 'https://demoqa.com/automation-practice-form'</msg>
<status status="PASS" starttime="20220114 01:04:01.952" endtime="20220114 01:04:02.762"/>
</kw>
<status status="PASS" starttime="20220114 01:04:01.952" endtime="20220114 01:04:02.763"/>
</kw>
<status status="PASS" starttime="20220114 01:03:58.351" endtime="20220114 01:04:02.763"/>
</kw>
<kw name="Enter Required Fields" library="forms_resource">
<kw name="Enter First Name" library="forms_resource">
<kw name="Input Text" library="Selenium2Library">
<arg>//input[@id='firstName']</arg>
<arg>Allie</arg>
<doc>Types the given ``text`` into the text field identified by ``locator``.</doc>
<msg timestamp="20220114 01:04:02.766" level="INFO">Typing text 'Allie' into text field '//input[@id='firstName']'.</msg>
<status status="PASS" starttime="20220114 01:04:02.765" endtime="20220114 01:04:02.972"/>
</kw>
<status status="PASS" starttime="20220114 01:04:02.765" endtime="20220114 01:04:02.972"/>
</kw>
<kw name="Enter Last Name" library="forms_resource">
<kw name="Input Text" library="Selenium2Library">
<arg>//input[@id='lastName']</arg>
<arg>Test</arg>
<doc>Types the given ``text`` into the text field identified by ``locator``.</doc>
<msg timestamp="20220114 01:04:02.974" level="INFO">Typing text 'Test' into text field '//input[@id='lastName']'.</msg>
<status status="PASS" starttime="20220114 01:04:02.973" endtime="20220114 01:04:03.103"/>
</kw>
<status status="PASS" starttime="20220114 01:04:02.973" endtime="20220114 01:04:03.103"/>
</kw>
<kw name="Select Gender Option" library="forms_resource">
<kw name="Click Element" library="Selenium2Library">
<arg>//label[contains(text(),'Female')]</arg>
<doc>Click the element identified by ``locator``.</doc>
<msg timestamp="20220114 01:04:03.104" level="INFO">Clicking element '//label[contains(text(),'Female')]'.</msg>
<status status="PASS" starttime="20220114 01:04:03.104" endtime="20220114 01:04:03.223"/>
</kw>
<status status="PASS" starttime="20220114 01:04:03.103" endtime="20220114 01:04:03.223"/>
</kw>
<kw name="Enter Phone Number" library="forms_resource">
<arg>9991231234</arg>
<kw name="Input Text" library="Selenium2Library">
<arg>//input[@id='userNumber']</arg>
<arg>${phone}</arg>
<doc>Types the given ``text`` into the text field identified by ``locator``.</doc>
<msg timestamp="20220114 01:04:03.225" level="INFO">Typing text '9991231234' into text field '//input[@id='userNumber']'.</msg>
<status status="PASS" starttime="20220114 01:04:03.224" endtime="20220114 01:04:03.359"/>
</kw>
<status status="PASS" starttime="20220114 01:04:03.223" endtime="20220114 01:04:03.360"/>
</kw>
<status status="PASS" starttime="20220114 01:04:02.764" endtime="20220114 01:04:03.361"/>
</kw>
<kw name="Select City Option Should Be Disabled" library="forms_resource">
<kw name="Element Should Be Disabled" library="Selenium2Library">
<arg>//input[@id='react-select-4-input']</arg>
<doc>Verifies that element identified by ``locator`` is disabled.</doc>
<status status="PASS" starttime="20220114 01:04:03.362" endtime="20220114 01:04:03.386"/>
</kw>
<status status="PASS" starttime="20220114 01:04:03.361" endtime="20220114 01:04:03.387"/>
</kw>
<kw name="Close Browser" library="Selenium2Library" type="TEARDOWN">
<doc>Closes the current browser.</doc>
<status status="PASS" starttime="20220114 01:04:03.388" endtime="20220114 01:04:05.771"/>
</kw>
<status status="PASS" starttime="20220114 01:03:58.349" endtime="20220114 01:04:05.771"/>
</test>
<test id="s1-s4-t5" name="Gender Is A Required Field">
<kw name="Run Keywords" library="BuiltIn" type="SETUP">
<arg>Go To Website</arg>
<arg>AND</arg>
<arg>Go To Practice Page</arg>
<doc>Executes all the given keywords in a sequence.</doc>
<kw name="Go To Website" library="general">
<kw name="Open Browser" library="Selenium2Library">
<arg>${url}</arg>
<arg>${browser}</arg>
<doc>Opens a new browser instance to the optional ``url``.</doc>
<msg timestamp="20220114 01:04:05.791" level="INFO">Opening browser 'chrome' to base url 'https://demoqa.com/'.</msg>
<status status="PASS" starttime="20220114 01:04:05.788" endtime="20220114 01:04:09.291"/>
</kw>
<status status="PASS" starttime="20220114 01:04:05.785" endtime="20220114 01:04:09.291"/>
</kw>
<kw name="Go To Practice Page" library="forms_resource">
<kw name="Go To" library="Selenium2Library">
<arg>${practicepage}</arg>
<doc>Navigates the current browser window to the provided ``url``.</doc>
<msg timestamp="20220114 01:04:09.292" level="INFO">Opening url 'https://demoqa.com/automation-practice-form'</msg>
<status status="PASS" starttime="20220114 01:04:09.292" endtime="20220114 01:04:10.162"/>
</kw>
<status status="PASS" starttime="20220114 01:04:09.291" endtime="20220114 01:04:10.162"/>
</kw>
<status status="PASS" starttime="20220114 01:04:05.782" endtime="20220114 01:04:10.162"/>
</kw>
<kw name="Enter First Name" library="forms_resource">
<kw name="Input Text" library="Selenium2Library">
<arg>//input[@id='firstName']</arg>
<arg>Allie</arg>
<doc>Types the given ``text`` into the text field identified by ``locator``.</doc>
<msg timestamp="20220114 01:04:10.164" level="INFO">Typing text 'Allie' into text field '//input[@id='firstName']'.</msg>
<status status="PASS" starttime="20220114 01:04:10.164" endtime="20220114 01:04:10.408"/>
</kw>
<status status="PASS" starttime="20220114 01:04:10.163" endtime="20220114 01:04:10.409"/>
</kw>
<kw name="Enter Last Name" library="forms_resource">
<kw name="Input Text" library="Selenium2Library">
<arg>//input[@id='lastName']</arg>
<arg>Test</arg>
<doc>Types the given ``text`` into the text field identified by ``locator``.</doc>
<msg timestamp="20220114 01:04:10.411" level="INFO">Typing text 'Test' into text field '//input[@id='lastName']'.</msg>
<status status="PASS" starttime="20220114 01:04:10.410" endtime="20220114 01:04:10.553"/>
</kw>
<status status="PASS" starttime="20220114 01:04:10.409" endtime="20220114 01:04:10.554"/>
</kw>
<kw name="Enter Phone Number" library="forms_resource">
<arg>55555512234</arg>
<kw name="Input Text" library="Selenium2Library">
<arg>//input[@id='userNumber']</arg>
<arg>${phone}</arg>
<doc>Types the given ``text`` into the text field identified by ``locator``.</doc>
<msg timestamp="20220114 01:04:10.556" level="INFO">Typing text '55555512234' into text field '//input[@id='userNumber']'.</msg>
<status status="PASS" starttime="20220114 01:04:10.556" endtime="20220114 01:04:10.690"/>
</kw>
<status status="PASS" starttime="20220114 01:04:10.555" endtime="20220114 01:04:10.691"/>
</kw>
<kw name="Click Submit Button" library="forms_resource">
<kw name="Set Focus To Element" library="Selenium2Library">
<arg>//button[@id='submit']</arg>
<doc>Sets the focus to the element identified by ``locator``.</doc>
<status status="PASS" starttime="20220114 01:04:10.692" endtime="20220114 01:04:10.716"/>
</kw>
<kw name="Click Button" library="Selenium2Library">
<arg>//button[@id='submit']</arg>
<doc>Clicks the button identified by ``locator``.</doc>
<msg timestamp="20220114 01:04:10.717" level="INFO">Clicking button '//button[@id='submit']'.</msg>
<status status="PASS" starttime="20220114 01:04:10.716" endtime="20220114 01:04:10.859"/>
</kw>
<status status="PASS" starttime="20220114 01:04:10.691" endtime="20220114 01:04:10.859"/>
</kw>
<kw name="Submit Modal Should Not Be Visible" library="forms_resource">
<kw name="Element Should Not Be Visible" library="Selenium2Library">
<arg>//div[@id='example-modal-sizes-title-lg']</arg>
<doc>Verifies that the element identified by ``locator`` is NOT visible.</doc>
<msg timestamp="20220114 01:04:10.899" level="INFO">Element '//div[@id='example-modal-sizes-title-lg']' did not exist.</msg>
<status status="PASS" starttime="20220114 01:04:10.861" endtime="20220114 01:04:10.899"/>
</kw>
<status status="PASS" starttime="20220114 01:04:10.860" endtime="20220114 01:04:10.899"/>
</kw>
<kw name="Close Browser" library="Selenium2Library" type="TEARDOWN">
<doc>Closes the current browser.</doc>
<status status="PASS" starttime="20220114 01:04:10.900" endtime="20220114 01:04:13.254"/>
</kw>
<status status="PASS" starttime="20220114 01:04:05.779" endtime="20220114 01:04:13.254"/>
</test>
<doc>A test suite for submitting a student form</doc>
<status status="PASS" starttime="20220114 01:03:31.487" endtime="20220114 01:04:13.256"/>
</suite>
<status status="FAIL" starttime="20220114 01:02:33.693" endtime="20220114 01:04:13.264"/>
</suite>
<statistics>
<total>
<stat pass="10" fail="2" skip="0">All Tests</stat>
</total>
<tag>
<stat pass="0" fail="2" skip="0">fails</stat>
</tag>
<suite>
<stat pass="10" fail="2" skip="0" id="s1" name="Forms Testsuite">Forms Testsuite</stat>
<stat pass="1" fail="1" skip="0" id="s1-s1" name="Datepicker Test">Forms Testsuite.Datepicker Test</stat>
<stat pass="3" fail="0" skip="0" id="s1-s2" name="Invalidvalues Test">Forms Testsuite.Invalidvalues Test</stat>
<stat pass="1" fail="1" skip="0" id="s1-s3" name="Uploadimage Test">Forms Testsuite.Uploadimage Test</stat>
<stat pass="5" fail="0" skip="0" id="s1-s4" name="Validform Tests">Forms Testsuite.Validform Tests</stat>
</suite>
</statistics>
<errors>
</errors>
</robot>
