<?xml version="1.0" encoding="UTF-8"?>
<robot generator="Robot 4.1.3 (Python 3.8.0 on win32)" generated="20220110 23:52:17.157" rpa="false" schemaversion="2">
<suite id="s1" name="Forms" source="C:\Users\Bonnie\Documents\Projects\test-automation-practices\robotframe_tests\forms">
<suite id="s1-s1" name="Datepicker Test" source="C:\Users\Bonnie\Documents\Projects\test-automation-practices\robotframe_tests\forms\datepicker_test.robot">
<test id="s1-s1-t1" name="Select And Display Date Of Birth">
<kw name="Go To Website" library="forms_resource" type="SETUP">
<kw name="Open Browser" library="Selenium2Library">
<arg>${url}</arg>
<arg>${browser}</arg>
<doc>Opens a new browser instance to the optional ``url``.</doc>
<msg timestamp="20220110 23:52:17.564" level="INFO">Opening browser 'chrome' to base url 'https://demoqa.com/automation-practice-form'.</msg>
<status status="PASS" starttime="20220110 23:52:17.563" endtime="20220110 23:52:21.059"/>
</kw>
<status status="PASS" starttime="20220110 23:52:17.562" endtime="20220110 23:52:21.060"/>
</kw>
<kw name="Enter Required Fields" library="forms_resource">
<kw name="Enter First Name" library="forms_resource">
<kw name="Input Text" library="Selenium2Library">
<arg>//input[@id='firstName']</arg>
<arg>Allie</arg>
<doc>Types the given ``text`` into the text field identified by ``locator``.</doc>
<msg timestamp="20220110 23:52:21.065" level="INFO">Typing text 'Allie' into text field '//input[@id='firstName']'.</msg>
<status status="PASS" starttime="20220110 23:52:21.063" endtime="20220110 23:52:21.296"/>
</kw>
<status status="PASS" starttime="20220110 23:52:21.062" endtime="20220110 23:52:21.296"/>
</kw>
<kw name="Enter Last Name" library="forms_resource">
<kw name="Input Text" library="Selenium2Library">
<arg>//input[@id='lastName']</arg>
<arg>Test</arg>
<doc>Types the given ``text`` into the text field identified by ``locator``.</doc>
<msg timestamp="20220110 23:52:21.298" level="INFO">Typing text 'Test' into text field '//input[@id='lastName']'.</msg>
<status status="PASS" starttime="20220110 23:52:21.297" endtime="20220110 23:52:21.475"/>
</kw>
<status status="PASS" starttime="20220110 23:52:21.296" endtime="20220110 23:52:21.475"/>
</kw>
<kw name="Select Gender Option" library="forms_resource">
<kw name="Click Element" library="Selenium2Library">
<arg>//label[contains(text(),'Female')]</arg>
<doc>Click the element identified by ``locator``.</doc>
<msg timestamp="20220110 23:52:21.476" level="INFO">Clicking element '//label[contains(text(),'Female')]'.</msg>
<status status="PASS" starttime="20220110 23:52:21.476" endtime="20220110 23:52:21.558"/>
</kw>
<status status="PASS" starttime="20220110 23:52:21.475" endtime="20220110 23:52:21.559"/>
</kw>
<kw name="Enter Phone Number" library="forms_resource">
<arg>9991231234</arg>
<kw name="Input Text" library="Selenium2Library">
<arg>//input[@id='userNumber']</arg>
<arg>${phone}</arg>
<doc>Types the given ``text`` into the text field identified by ``locator``.</doc>
<msg timestamp="20220110 23:52:21.560" level="INFO">Typing text '9991231234' into text field '//input[@id='userNumber']'.</msg>
<status status="PASS" starttime="20220110 23:52:21.559" endtime="20220110 23:52:21.692"/>
</kw>
<status status="PASS" starttime="20220110 23:52:21.559" endtime="20220110 23:52:21.692"/>
</kw>
<status status="PASS" starttime="20220110 23:52:21.061" endtime="20220110 23:52:21.692"/>
</kw>
<kw name="Click Calendar Field" library="forms_resource">
<kw name="Click Element" library="Selenium2Library">
<arg>//input[@id='dateOfBirthInput']</arg>
<doc>Click the element identified by ``locator``.</doc>
<msg timestamp="20220110 23:52:21.694" level="INFO">Clicking element '//input[@id='dateOfBirthInput']'.</msg>
<status status="PASS" starttime="20220110 23:52:21.694" endtime="20220110 23:52:21.866"/>
</kw>
<status status="PASS" starttime="20220110 23:52:21.693" endtime="20220110 23:52:21.866"/>
</kw>
<kw name="Date Picker Should Be Visible" library="forms_resource">
<kw name="Element Should Be Visible" library="Selenium2Library">
<arg>//body/div[@id='app']/div[1]/div[1]/div[2]/div[2]/div[1]/form[1]/div[5]/div[2]/div[2]/div[2]/div[1]/div[1]/div[2]</arg>
<doc>Verifies that the element identified by ``locator`` is visible.</doc>
<msg timestamp="20220110 23:52:21.908" level="INFO">Element '//body/div[@id='app']/div[1]/div[1]/div[2]/div[2]/div[1]/form[1]/div[5]/div[2]/div[2]/div[2]/div[1]/div[1]/div[2]' is displayed.</msg>
<status status="PASS" starttime="20220110 23:52:21.869" endtime="20220110 23:52:21.908"/>
</kw>
<status status="PASS" starttime="20220110 23:52:21.868" endtime="20220110 23:52:21.909"/>
</kw>
<kw name="Select Date" library="forms_resource">
<kw name="Click Element" library="Selenium2Library">
<arg>//select[@class='react-datepicker__month-select']</arg>
<doc>Click the element identified by ``locator``.</doc>
<msg timestamp="20220110 23:52:21.910" level="INFO">Clicking element '//select[@class='react-datepicker__month-select']'.</msg>
<status status="PASS" starttime="20220110 23:52:21.910" endtime="20220110 23:52:22.014"/>
</kw>
<kw name="Select From List By Value" library="Selenium2Library">
<arg>//select[@class='react-datepicker__month-select']</arg>
<arg>4</arg>
<doc>Selects options from selection list ``locator`` by ``values``.</doc>
<msg timestamp="20220110 23:52:22.016" level="INFO">Selecting options from selection list '//select[@class='react-datepicker__month-select']' by value 4.</msg>
<status status="PASS" starttime="20220110 23:52:22.014" endtime="20220110 23:52:22.124"/>
</kw>
<kw name="Click Element" library="Selenium2Library">
<arg>//select[@class='react-datepicker__year-select']</arg>
<doc>Click the element identified by ``locator``.</doc>
<msg timestamp="20220110 23:52:22.125" level="INFO">Clicking element '//select[@class='react-datepicker__year-select']'.</msg>
<status status="PASS" starttime="20220110 23:52:22.125" endtime="20220110 23:52:22.217"/>
</kw>
<kw name="Select From List By Value" library="Selenium2Library">
<arg>//select[@class='react-datepicker__year-select']</arg>
<arg>1957</arg>
<doc>Selects options from selection list ``locator`` by ``values``.</doc>
<msg timestamp="20220110 23:52:22.219" level="INFO">Selecting options from selection list '//select[@class='react-datepicker__year-select']' by value 1957.</msg>
<status status="PASS" starttime="20220110 23:52:22.218" endtime="20220110 23:52:22.321"/>
</kw>
<kw name="Click Element" library="Selenium2Library">
<arg>//body/div[@id='app']/div[1]/div[1]/div[2]/div[2]/div[1]/form[1]/div[5]/div[2]/div[2]/div[2]/div[1]/div[1]/div[2]/div[2]/div[2]/div[3]</arg>
<doc>Click the element identified by ``locator``.</doc>
<msg timestamp="20220110 23:52:22.322" level="INFO">Clicking element '//body/div[@id='app']/div[1]/div[1]/div[2]/div[2]/div[1]/form[1]/div[5]/div[2]/div[2]/div[2]/div[1]/div[1]/div[2]/div[2]/div[2]/div[3]'.</msg>
<status status="PASS" starttime="20220110 23:52:22.322" endtime="20220110 23:52:22.393"/>
</kw>
<status status="PASS" starttime="20220110 23:52:21.909" endtime="20220110 23:52:22.394"/>
</kw>
<kw name="Click Submit Button" library="forms_resource">
<kw name="Set Focus To Element" library="Selenium2Library">
<arg>//button[@id='submit']</arg>
<doc>Sets the focus to the element identified by ``locator``.</doc>
<status status="PASS" starttime="20220110 23:52:22.395" endtime="20220110 23:52:22.416"/>
</kw>
<kw name="Click Button" library="Selenium2Library">
<arg>//button[@id='submit']</arg>
<doc>Clicks the button identified by ``locator``.</doc>
<msg timestamp="20220110 23:52:22.417" level="INFO">Clicking button '//button[@id='submit']'.</msg>
<status status="PASS" starttime="20220110 23:52:22.416" endtime="20220110 23:52:22.552"/>
</kw>
<status status="PASS" starttime="20220110 23:52:22.394" endtime="20220110 23:52:22.553"/>
</kw>
<kw name="Date Should Be Visible on Modal" library="forms_resource">
<kw name="Element Should Contain" library="Selenium2Library">
<arg>//body/div[4]/div[1]/div[1]/div[2]/div[1]/table[1]</arg>
<arg>07 May,1957</arg>
<doc>Verifies that element ``locator`` contains text ``expected``.</doc>
<msg timestamp="20220110 23:52:22.650" level="INFO">Element '//body/div[4]/div[1]/div[1]/div[2]/div[1]/table[1]' contains text '07 May,1957'.</msg>
<status status="PASS" starttime="20220110 23:52:22.562" endtime="20220110 23:52:22.650"/>
</kw>
<status status="PASS" starttime="20220110 23:52:22.562" endtime="20220110 23:52:22.651"/>
</kw>
<kw name="Close Browser" library="Selenium2Library" type="TEARDOWN">
<doc>Closes the current browser.</doc>
<status status="PASS" starttime="20220110 23:52:22.652" endtime="20220110 23:52:25.167"/>
</kw>
<status status="PASS" starttime="20220110 23:52:17.560" endtime="20220110 23:52:25.168"/>
</test>
<test id="s1-s1-t2" name="Only Date Is Accepted For Date of Birth">
<kw name="Go To Website" library="forms_resource" type="SETUP">
<kw name="Open Browser" library="Selenium2Library">
<arg>${url}</arg>
<arg>${browser}</arg>
<doc>Opens a new browser instance to the optional ``url``.</doc>
<msg timestamp="20220110 23:52:25.173" level="INFO">Opening browser 'chrome' to base url 'https://demoqa.com/automation-practice-form'.</msg>
<status status="PASS" starttime="20220110 23:52:25.172" endtime="20220110 23:52:28.888"/>
</kw>
<status status="PASS" starttime="20220110 23:52:25.171" endtime="20220110 23:52:28.889"/>
</kw>
<kw name="Enter Required Fields" library="forms_resource">
<kw name="Enter First Name" library="forms_resource">
<kw name="Input Text" library="Selenium2Library">
<arg>//input[@id='firstName']</arg>
<arg>Allie</arg>
<doc>Types the given ``text`` into the text field identified by ``locator``.</doc>
<msg timestamp="20220110 23:52:28.894" level="INFO">Typing text 'Allie' into text field '//input[@id='firstName']'.</msg>
<status status="PASS" starttime="20220110 23:52:28.893" endtime="20220110 23:52:29.030"/>
</kw>
<status status="PASS" starttime="20220110 23:52:28.891" endtime="20220110 23:52:29.031"/>
</kw>
<kw name="Enter Last Name" library="forms_resource">
<kw name="Input Text" library="Selenium2Library">
<arg>//input[@id='lastName']</arg>
<arg>Test</arg>
<doc>Types the given ``text`` into the text field identified by ``locator``.</doc>
<msg timestamp="20220110 23:52:29.032" level="INFO">Typing text 'Test' into text field '//input[@id='lastName']'.</msg>
<status status="PASS" starttime="20220110 23:52:29.032" endtime="20220110 23:52:29.235"/>
</kw>
<status status="PASS" starttime="20220110 23:52:29.031" endtime="20220110 23:52:29.236"/>
</kw>
<kw name="Select Gender Option" library="forms_resource">
<kw name="Click Element" library="Selenium2Library">
<arg>//label[contains(text(),'Female')]</arg>
<doc>Click the element identified by ``locator``.</doc>
<msg timestamp="20220110 23:52:29.237" level="INFO">Clicking element '//label[contains(text(),'Female')]'.</msg>
<status status="PASS" starttime="20220110 23:52:29.237" endtime="20220110 23:52:29.331"/>
</kw>
<status status="PASS" starttime="20220110 23:52:29.236" endtime="20220110 23:52:29.332"/>
</kw>
<kw name="Enter Phone Number" library="forms_resource">
<arg>9991231234</arg>
<kw name="Input Text" library="Selenium2Library">
<arg>//input[@id='userNumber']</arg>
<arg>${phone}</arg>
<doc>Types the given ``text`` into the text field identified by ``locator``.</doc>
<msg timestamp="20220110 23:52:29.334" level="INFO">Typing text '9991231234' into text field '//input[@id='userNumber']'.</msg>
<status status="PASS" starttime="20220110 23:52:29.333" endtime="20220110 23:52:29.465"/>
</kw>
<status status="PASS" starttime="20220110 23:52:29.332" endtime="20220110 23:52:29.465"/>
</kw>
<status status="PASS" starttime="20220110 23:52:28.890" endtime="20220110 23:52:29.466"/>
</kw>
<kw name="Clear Element Text" library="Selenium2Library">
<arg>//input[@id='dateOfBirthInput']</arg>
<doc>Clears the value of the text-input-element identified by ``locator``.</doc>
<status status="PASS" starttime="20220110 23:52:29.466" endtime="20220110 23:52:29.647"/>
</kw>
<kw name="Input Text" library="Selenium2Library">
<arg>//input[@id='dateOfBirthInput']</arg>
<arg>this is not a Date</arg>
<doc>Types the given ``text`` into the text field identified by ``locator``.</doc>
<msg timestamp="20220110 23:52:29.667" level="INFO">Typing text 'this is not a Date' into text field '//input[@id='dateOfBirthInput']'.</msg>
<status status="PASS" starttime="20220110 23:52:29.666" endtime="20220110 23:52:30.027"/>
</kw>
<kw name="Click Submit Button" library="forms_resource">
<kw name="Set Focus To Element" library="Selenium2Library">
<arg>//button[@id='submit']</arg>
<doc>Sets the focus to the element identified by ``locator``.</doc>
<status status="PASS" starttime="20220110 23:52:30.028" endtime="20220110 23:52:30.057"/>
</kw>
<kw name="Click Button" library="Selenium2Library">
<arg>//button[@id='submit']</arg>
<doc>Clicks the button identified by ``locator``.</doc>
<msg timestamp="20220110 23:52:30.058" level="INFO">Clicking button '//button[@id='submit']'.</msg>
<status status="PASS" starttime="20220110 23:52:30.057" endtime="20220110 23:52:30.185"/>
</kw>
<status status="PASS" starttime="20220110 23:52:30.027" endtime="20220110 23:52:30.185"/>
</kw>
<kw name="Submit Modal Should Not Be Visible" library="forms_resource">
<kw name="Element Should Not Be Visible" library="Selenium2Library">
<arg>//div[@id='example-modal-sizes-title-lg']</arg>
<doc>Verifies that the element identified by ``locator`` is NOT visible.</doc>
<kw name="Capture Page Screenshot" library="Selenium2Library">
<doc>Takes a screenshot of the current page and embeds it into a log file.</doc>
<msg timestamp="20220110 23:52:30.480" level="INFO" html="true">&lt;/td&gt;&lt;/tr&gt;&lt;tr&gt;&lt;td colspan="3"&gt;&lt;a href="selenium-screenshot-12.png"&gt;&lt;img src="selenium-screenshot-12.png" width="800px"&gt;&lt;/a&gt;</msg>
<status status="PASS" starttime="20220110 23:52:30.233" endtime="20220110 23:52:30.481"/>
</kw>
<msg timestamp="20220110 23:52:30.483" level="FAIL">The element '//div[@id='example-modal-sizes-title-lg']' should not be visible, but it is.</msg>
<status status="FAIL" starttime="20220110 23:52:30.187" endtime="20220110 23:52:30.484"/>
</kw>
<status status="FAIL" starttime="20220110 23:52:30.186" endtime="20220110 23:52:30.485"/>
</kw>
<kw name="Close Browser" library="Selenium2Library" type="TEARDOWN">
<doc>Closes the current browser.</doc>
<status status="PASS" starttime="20220110 23:52:30.486" endtime="20220110 23:52:32.900"/>
</kw>
<tag>fails</tag>
<status status="FAIL" starttime="20220110 23:52:25.170" endtime="20220110 23:52:32.901">The element '//div[@id='example-modal-sizes-title-lg']' should not be visible, but it is.</status>
</test>
<doc>A test suite for submitting a student form</doc>
<status status="FAIL" starttime="20220110 23:52:17.209" endtime="20220110 23:52:32.904"/>
</suite>
<suite id="s1-s2" name="Invalidvalues Test" source="C:\Users\Bonnie\Documents\Projects\test-automation-practices\robotframe_tests\forms\invalidvalues_test.robot">
<kw name="Go To Website" library="forms_resource" type="SETUP">
<kw name="Open Browser" library="Selenium2Library">
<arg>${url}</arg>
<arg>${browser}</arg>
<doc>Opens a new browser instance to the optional ``url``.</doc>
<msg timestamp="20220110 23:52:32.922" level="INFO">Opening browser 'chrome' to base url 'https://demoqa.com/automation-practice-form'.</msg>
<status status="PASS" starttime="20220110 23:52:32.921" endtime="20220110 23:52:36.849"/>
</kw>
<status status="PASS" starttime="20220110 23:52:32.921" endtime="20220110 23:52:36.849"/>
</kw>
<test id="s1-s2-t1" name="empty phone field">
<kw name="Invalid Values">
<arg>${empty}</arg>
<kw name="Enter First Name" library="forms_resource">
<kw name="Input Text" library="Selenium2Library">
<arg>//input[@id='firstName']</arg>
<arg>Allie</arg>
<doc>Types the given ``text`` into the text field identified by ``locator``.</doc>
<msg timestamp="20220110 23:52:36.856" level="INFO">Typing text 'Allie' into text field '//input[@id='firstName']'.</msg>
<status status="PASS" starttime="20220110 23:52:36.855" endtime="20220110 23:52:37.201"/>
</kw>
<status status="PASS" starttime="20220110 23:52:36.854" endtime="20220110 23:52:37.201"/>
</kw>
<kw name="Enter Last Name" library="forms_resource">
<kw name="Input Text" library="Selenium2Library">
<arg>//input[@id='lastName']</arg>
<arg>Test</arg>
<doc>Types the given ``text`` into the text field identified by ``locator``.</doc>
<msg timestamp="20220110 23:52:37.203" level="INFO">Typing text 'Test' into text field '//input[@id='lastName']'.</msg>
<status status="PASS" starttime="20220110 23:52:37.203" endtime="20220110 23:52:37.370"/>
</kw>
<status status="PASS" starttime="20220110 23:52:37.202" endtime="20220110 23:52:37.371"/>
</kw>
<kw name="Select Gender Option" library="forms_resource">
<kw name="Click Element" library="Selenium2Library">
<arg>//label[contains(text(),'Female')]</arg>
<doc>Click the element identified by ``locator``.</doc>
<msg timestamp="20220110 23:52:37.373" level="INFO">Clicking element '//label[contains(text(),'Female')]'.</msg>
<status status="PASS" starttime="20220110 23:52:37.372" endtime="20220110 23:52:37.499"/>
</kw>
<status status="PASS" starttime="20220110 23:52:37.371" endtime="20220110 23:52:37.500"/>
</kw>
<kw name="Enter Phone Number" library="forms_resource">
<arg>${value}</arg>
<kw name="Input Text" library="Selenium2Library">
<arg>//input[@id='userNumber']</arg>
<arg>${phone}</arg>
<doc>Types the given ``text`` into the text field identified by ``locator``.</doc>
<msg timestamp="20220110 23:52:37.503" level="INFO">Typing text '' into text field '//input[@id='userNumber']'.</msg>
<status status="PASS" starttime="20220110 23:52:37.502" endtime="20220110 23:52:37.692"/>
</kw>
<status status="PASS" starttime="20220110 23:52:37.500" endtime="20220110 23:52:37.693"/>
</kw>
<kw name="Submit Modal Should Not Be Visible" library="forms_resource">
<kw name="Element Should Not Be Visible" library="Selenium2Library">
<arg>//div[@id='example-modal-sizes-title-lg']</arg>
<doc>Verifies that the element identified by ``locator`` is NOT visible.</doc>
<msg timestamp="20220110 23:52:37.713" level="INFO">Element '//div[@id='example-modal-sizes-title-lg']' did not exist.</msg>
<status status="PASS" starttime="20220110 23:52:37.694" endtime="20220110 23:52:37.713"/>
</kw>
<status status="PASS" starttime="20220110 23:52:37.693" endtime="20220110 23:52:37.713"/>
</kw>
<status status="PASS" starttime="20220110 23:52:36.851" endtime="20220110 23:52:37.713"/>
</kw>
<status status="PASS" starttime="20220110 23:52:36.849" endtime="20220110 23:52:37.714"/>
</test>
<test id="s1-s2-t2" name="less than 10 digits">
<kw name="Invalid Values">
<arg>123</arg>
<kw name="Enter First Name" library="forms_resource">
<kw name="Input Text" library="Selenium2Library">
<arg>//input[@id='firstName']</arg>
<arg>Allie</arg>
<doc>Types the given ``text`` into the text field identified by ``locator``.</doc>
<msg timestamp="20220110 23:52:37.721" level="INFO">Typing text 'Allie' into text field '//input[@id='firstName']'.</msg>
<status status="PASS" starttime="20220110 23:52:37.720" endtime="20220110 23:52:37.827"/>
</kw>
<status status="PASS" starttime="20220110 23:52:37.719" endtime="20220110 23:52:37.827"/>
</kw>
<kw name="Enter Last Name" library="forms_resource">
<kw name="Input Text" library="Selenium2Library">
<arg>//input[@id='lastName']</arg>
<arg>Test</arg>
<doc>Types the given ``text`` into the text field identified by ``locator``.</doc>
<msg timestamp="20220110 23:52:37.828" level="INFO">Typing text 'Test' into text field '//input[@id='lastName']'.</msg>
<status status="PASS" starttime="20220110 23:52:37.828" endtime="20220110 23:52:37.920"/>
</kw>
<status status="PASS" starttime="20220110 23:52:37.827" endtime="20220110 23:52:37.920"/>
</kw>
<kw name="Select Gender Option" library="forms_resource">
<kw name="Click Element" library="Selenium2Library">
<arg>//label[contains(text(),'Female')]</arg>
<doc>Click the element identified by ``locator``.</doc>
<msg timestamp="20220110 23:52:37.922" level="INFO">Clicking element '//label[contains(text(),'Female')]'.</msg>
<status status="PASS" starttime="20220110 23:52:37.921" endtime="20220110 23:52:37.964"/>
</kw>
<status status="PASS" starttime="20220110 23:52:37.920" endtime="20220110 23:52:37.964"/>
</kw>
<kw name="Enter Phone Number" library="forms_resource">
<arg>${value}</arg>
<kw name="Input Text" library="Selenium2Library">
<arg>//input[@id='userNumber']</arg>
<arg>${phone}</arg>
<doc>Types the given ``text`` into the text field identified by ``locator``.</doc>
<msg timestamp="20220110 23:52:37.965" level="INFO">Typing text '123' into text field '//input[@id='userNumber']'.</msg>
<status status="PASS" starttime="20220110 23:52:37.965" endtime="20220110 23:52:38.130"/>
</kw>
<status status="PASS" starttime="20220110 23:52:37.964" endtime="20220110 23:52:38.131"/>
</kw>
<kw name="Submit Modal Should Not Be Visible" library="forms_resource">
<kw name="Element Should Not Be Visible" library="Selenium2Library">
<arg>//div[@id='example-modal-sizes-title-lg']</arg>
<doc>Verifies that the element identified by ``locator`` is NOT visible.</doc>
<msg timestamp="20220110 23:52:38.143" level="INFO">Element '//div[@id='example-modal-sizes-title-lg']' did not exist.</msg>
<status status="PASS" starttime="20220110 23:52:38.132" endtime="20220110 23:52:38.143"/>
</kw>
<status status="PASS" starttime="20220110 23:52:38.131" endtime="20220110 23:52:38.143"/>
</kw>
<status status="PASS" starttime="20220110 23:52:37.718" endtime="20220110 23:52:38.143"/>
</kw>
<status status="PASS" starttime="20220110 23:52:37.716" endtime="20220110 23:52:38.144"/>
</test>
<test id="s1-s2-t3" name="negative phone values">
<kw name="Invalid Values">
<arg>-543764339</arg>
<kw name="Enter First Name" library="forms_resource">
<kw name="Input Text" library="Selenium2Library">
<arg>//input[@id='firstName']</arg>
<arg>Allie</arg>
<doc>Types the given ``text`` into the text field identified by ``locator``.</doc>
<msg timestamp="20220110 23:52:38.151" level="INFO">Typing text 'Allie' into text field '//input[@id='firstName']'.</msg>
<status status="PASS" starttime="20220110 23:52:38.149" endtime="20220110 23:52:38.298"/>
</kw>
<status status="PASS" starttime="20220110 23:52:38.148" endtime="20220110 23:52:38.299"/>
</kw>
<kw name="Enter Last Name" library="forms_resource">
<kw name="Input Text" library="Selenium2Library">
<arg>//input[@id='lastName']</arg>
<arg>Test</arg>
<doc>Types the given ``text`` into the text field identified by ``locator``.</doc>
<msg timestamp="20220110 23:52:38.302" level="INFO">Typing text 'Test' into text field '//input[@id='lastName']'.</msg>
<status status="PASS" starttime="20220110 23:52:38.300" endtime="20220110 23:52:38.432"/>
</kw>
<status status="PASS" starttime="20220110 23:52:38.299" endtime="20220110 23:52:38.432"/>
</kw>
<kw name="Select Gender Option" library="forms_resource">
<kw name="Click Element" library="Selenium2Library">
<arg>//label[contains(text(),'Female')]</arg>
<doc>Click the element identified by ``locator``.</doc>
<msg timestamp="20220110 23:52:38.435" level="INFO">Clicking element '//label[contains(text(),'Female')]'.</msg>
<status status="PASS" starttime="20220110 23:52:38.434" endtime="20220110 23:52:38.472"/>
</kw>
<status status="PASS" starttime="20220110 23:52:38.432" endtime="20220110 23:52:38.473"/>
</kw>
<kw name="Enter Phone Number" library="forms_resource">
<arg>${value}</arg>
<kw name="Input Text" library="Selenium2Library">
<arg>//input[@id='userNumber']</arg>
<arg>${phone}</arg>
<doc>Types the given ``text`` into the text field identified by ``locator``.</doc>
<msg timestamp="20220110 23:52:38.474" level="INFO">Typing text '-543764339' into text field '//input[@id='userNumber']'.</msg>
<status status="PASS" starttime="20220110 23:52:38.473" endtime="20220110 23:52:38.573"/>
</kw>
<status status="PASS" starttime="20220110 23:52:38.473" endtime="20220110 23:52:38.573"/>
</kw>
<kw name="Submit Modal Should Not Be Visible" library="forms_resource">
<kw name="Element Should Not Be Visible" library="Selenium2Library">
<arg>//div[@id='example-modal-sizes-title-lg']</arg>
<doc>Verifies that the element identified by ``locator`` is NOT visible.</doc>
<msg timestamp="20220110 23:52:38.581" level="INFO">Element '//div[@id='example-modal-sizes-title-lg']' did not exist.</msg>
<status status="PASS" starttime="20220110 23:52:38.574" endtime="20220110 23:52:38.581"/>
</kw>
<status status="PASS" starttime="20220110 23:52:38.573" endtime="20220110 23:52:38.582"/>
</kw>
<status status="PASS" starttime="20220110 23:52:38.147" endtime="20220110 23:52:38.582"/>
</kw>
<status status="PASS" starttime="20220110 23:52:38.146" endtime="20220110 23:52:38.583"/>
</test>
<kw name="Close Browser" library="Selenium2Library" type="TEARDOWN">
<doc>Closes the current browser.</doc>
<status status="PASS" starttime="20220110 23:52:38.586" endtime="20220110 23:52:40.946"/>
</kw>
<doc>A test suite for submitting a student form</doc>
<status status="PASS" starttime="20220110 23:52:32.909" endtime="20220110 23:52:40.946"/>
</suite>
<suite id="s1-s3" name="Uploadimage Test" source="C:\Users\Bonnie\Documents\Projects\test-automation-practices\robotframe_tests\forms\uploadimage_test.robot">
<test id="s1-s3-t1" name="Upload A File With Image Extension">
<kw name="Go To Website" library="forms_resource" type="SETUP">
<kw name="Open Browser" library="Selenium2Library">
<arg>${url}</arg>
<arg>${browser}</arg>
<doc>Opens a new browser instance to the optional ``url``.</doc>
<msg timestamp="20220110 23:52:40.987" level="INFO">Opening browser 'chrome' to base url 'https://demoqa.com/automation-practice-form'.</msg>
<status status="PASS" starttime="20220110 23:52:40.986" endtime="20220110 23:52:44.597"/>
</kw>
<status status="PASS" starttime="20220110 23:52:40.985" endtime="20220110 23:52:44.598"/>
</kw>
<kw name="Enter Required Fields" library="forms_resource">
<kw name="Enter First Name" library="forms_resource">
<kw name="Input Text" library="Selenium2Library">
<arg>//input[@id='firstName']</arg>
<arg>Allie</arg>
<doc>Types the given ``text`` into the text field identified by ``locator``.</doc>
<msg timestamp="20220110 23:52:44.601" level="INFO">Typing text 'Allie' into text field '//input[@id='firstName']'.</msg>
<status status="PASS" starttime="20220110 23:52:44.600" endtime="20220110 23:52:44.737"/>
</kw>
<status status="PASS" starttime="20220110 23:52:44.600" endtime="20220110 23:52:44.738"/>
</kw>
<kw name="Enter Last Name" library="forms_resource">
<kw name="Input Text" library="Selenium2Library">
<arg>//input[@id='lastName']</arg>
<arg>Test</arg>
<doc>Types the given ``text`` into the text field identified by ``locator``.</doc>
<msg timestamp="20220110 23:52:44.740" level="INFO">Typing text 'Test' into text field '//input[@id='lastName']'.</msg>
<status status="PASS" starttime="20220110 23:52:44.739" endtime="20220110 23:52:44.922"/>
</kw>
<status status="PASS" starttime="20220110 23:52:44.738" endtime="20220110 23:52:44.922"/>
</kw>
<kw name="Select Gender Option" library="forms_resource">
<kw name="Click Element" library="Selenium2Library">
<arg>//label[contains(text(),'Female')]</arg>
<doc>Click the element identified by ``locator``.</doc>
<msg timestamp="20220110 23:52:44.923" level="INFO">Clicking element '//label[contains(text(),'Female')]'.</msg>
<status status="PASS" starttime="20220110 23:52:44.923" endtime="20220110 23:52:45.017"/>
</kw>
<status status="PASS" starttime="20220110 23:52:44.922" endtime="20220110 23:52:45.018"/>
</kw>
<kw name="Enter Phone Number" library="forms_resource">
<arg>9991231234</arg>
<kw name="Input Text" library="Selenium2Library">
<arg>//input[@id='userNumber']</arg>
<arg>${phone}</arg>
<doc>Types the given ``text`` into the text field identified by ``locator``.</doc>
<msg timestamp="20220110 23:52:45.020" level="INFO">Typing text '9991231234' into text field '//input[@id='userNumber']'.</msg>
<status status="PASS" starttime="20220110 23:52:45.019" endtime="20220110 23:52:45.180"/>
</kw>
<status status="PASS" starttime="20220110 23:52:45.018" endtime="20220110 23:52:45.181"/>
</kw>
<status status="PASS" starttime="20220110 23:52:44.599" endtime="20220110 23:52:45.181"/>
</kw>
<kw name="Choose Image File" library="forms_resource">
<kw name="Choose File" library="Selenium2Library">
<arg>//input[@id='uploadPicture']</arg>
<arg>C:\\Users\\Bonnie\\Documents\\Projects\\test-automation-practices\\robotframe_tests\\forms/min2bg.jpg</arg>
<doc>Inputs the ``file_path`` into the file input field ``locator``.</doc>
<msg timestamp="20220110 23:52:45.183" level="INFO">Sending C:\Users\Bonnie\Documents\Projects\test-automation-practices\robotframe_tests\forms\min2bg.jpg to browser.</msg>
<status status="PASS" starttime="20220110 23:52:45.182" endtime="20220110 23:52:45.239"/>
</kw>
<status status="PASS" starttime="20220110 23:52:45.182" endtime="20220110 23:52:45.239"/>
</kw>
<kw name="Click Submit Button" library="forms_resource">
<kw name="Set Focus To Element" library="Selenium2Library">
<arg>//button[@id='submit']</arg>
<doc>Sets the focus to the element identified by ``locator``.</doc>
<status status="PASS" starttime="20220110 23:52:45.241" endtime="20220110 23:52:45.267"/>
</kw>
<kw name="Click Button" library="Selenium2Library">
<arg>//button[@id='submit']</arg>
<doc>Clicks the button identified by ``locator``.</doc>
<msg timestamp="20220110 23:52:45.268" level="INFO">Clicking button '//button[@id='submit']'.</msg>
<status status="PASS" starttime="20220110 23:52:45.267" endtime="20220110 23:52:45.373"/>
</kw>
<status status="PASS" starttime="20220110 23:52:45.240" endtime="20220110 23:52:45.373"/>
</kw>
<kw name="Image Name Should Be on Modal" library="forms_resource">
<kw name="Element Should Contain" library="Selenium2Library">
<arg>//body/div[4]/div[1]/div[1]/div[2]/div[1]/table[1]</arg>
<arg>min2bg.jpg</arg>
<doc>Verifies that element ``locator`` contains text ``expected``.</doc>
<msg timestamp="20220110 23:52:45.439" level="INFO">Element '//body/div[4]/div[1]/div[1]/div[2]/div[1]/table[1]' contains text 'min2bg.jpg'.</msg>
<status status="PASS" starttime="20220110 23:52:45.374" endtime="20220110 23:52:45.439"/>
</kw>
<status status="PASS" starttime="20220110 23:52:45.374" endtime="20220110 23:52:45.439"/>
</kw>
<kw name="Close Browser" library="Selenium2Library" type="TEARDOWN">
<doc>Closes the current browser.</doc>
<status status="PASS" starttime="20220110 23:52:45.440" endtime="20220110 23:52:47.869"/>
</kw>
<status status="PASS" starttime="20220110 23:52:40.983" endtime="20220110 23:52:47.870"/>
</test>
<test id="s1-s3-t2" name="Upload a non image file">
<kw name="Go To Website" library="forms_resource" type="SETUP">
<kw name="Open Browser" library="Selenium2Library">
<arg>${url}</arg>
<arg>${browser}</arg>
<doc>Opens a new browser instance to the optional ``url``.</doc>
<msg timestamp="20220110 23:52:47.888" level="INFO">Opening browser 'chrome' to base url 'https://demoqa.com/automation-practice-form'.</msg>
<status status="PASS" starttime="20220110 23:52:47.885" endtime="20220110 23:52:51.613"/>
</kw>
<status status="PASS" starttime="20220110 23:52:47.881" endtime="20220110 23:52:51.613"/>
</kw>
<kw name="Enter Required Fields" library="forms_resource">
<kw name="Enter First Name" library="forms_resource">
<kw name="Input Text" library="Selenium2Library">
<arg>//input[@id='firstName']</arg>
<arg>Allie</arg>
<doc>Types the given ``text`` into the text field identified by ``locator``.</doc>
<msg timestamp="20220110 23:52:51.616" level="INFO">Typing text 'Allie' into text field '//input[@id='firstName']'.</msg>
<status status="PASS" starttime="20220110 23:52:51.615" endtime="20220110 23:52:51.741"/>
</kw>
<status status="PASS" starttime="20220110 23:52:51.615" endtime="20220110 23:52:51.742"/>
</kw>
<kw name="Enter Last Name" library="forms_resource">
<kw name="Input Text" library="Selenium2Library">
<arg>//input[@id='lastName']</arg>
<arg>Test</arg>
<doc>Types the given ``text`` into the text field identified by ``locator``.</doc>
<msg timestamp="20220110 23:52:51.744" level="INFO">Typing text 'Test' into text field '//input[@id='lastName']'.</msg>
<status status="PASS" starttime="20220110 23:52:51.743" endtime="20220110 23:52:51.960"/>
</kw>
<status status="PASS" starttime="20220110 23:52:51.742" endtime="20220110 23:52:51.961"/>
</kw>
<kw name="Select Gender Option" library="forms_resource">
<kw name="Click Element" library="Selenium2Library">
<arg>//label[contains(text(),'Female')]</arg>
<doc>Click the element identified by ``locator``.</doc>
<msg timestamp="20220110 23:52:51.963" level="INFO">Clicking element '//label[contains(text(),'Female')]'.</msg>
<status status="PASS" starttime="20220110 23:52:51.962" endtime="20220110 23:52:52.052"/>
</kw>
<status status="PASS" starttime="20220110 23:52:51.961" endtime="20220110 23:52:52.052"/>
</kw>
<kw name="Enter Phone Number" library="forms_resource">
<arg>9991231234</arg>
<kw name="Input Text" library="Selenium2Library">
<arg>//input[@id='userNumber']</arg>
<arg>${phone}</arg>
<doc>Types the given ``text`` into the text field identified by ``locator``.</doc>
<msg timestamp="20220110 23:52:52.053" level="INFO">Typing text '9991231234' into text field '//input[@id='userNumber']'.</msg>
<status status="PASS" starttime="20220110 23:52:52.053" endtime="20220110 23:52:52.213"/>
</kw>
<status status="PASS" starttime="20220110 23:52:52.052" endtime="20220110 23:52:52.213"/>
</kw>
<status status="PASS" starttime="20220110 23:52:51.614" endtime="20220110 23:52:52.213"/>
</kw>
<kw name="Choose Non-Image File" library="forms_resource">
<kw name="Choose File" library="Selenium2Library">
<arg>//input[@id='uploadPicture']</arg>
<arg>C:\\Users\\Bonnie\\Documents\\Projects\\test-automation-practices\\robotframe_tests\\forms/output.xml</arg>
<doc>Inputs the ``file_path`` into the file input field ``locator``.</doc>
<msg timestamp="20220110 23:52:52.215" level="INFO">Sending C:\Users\Bonnie\Documents\Projects\test-automation-practices\robotframe_tests\forms\output.xml to browser.</msg>
<status status="PASS" starttime="20220110 23:52:52.214" endtime="20220110 23:52:52.277"/>
</kw>
<status status="PASS" starttime="20220110 23:52:52.214" endtime="20220110 23:52:52.277"/>
</kw>
<kw name="Click Submit Button" library="forms_resource">
<kw name="Set Focus To Element" library="Selenium2Library">
<arg>//button[@id='submit']</arg>
<doc>Sets the focus to the element identified by ``locator``.</doc>
<status status="PASS" starttime="20220110 23:52:52.279" endtime="20220110 23:52:52.303"/>
</kw>
<kw name="Click Button" library="Selenium2Library">
<arg>//button[@id='submit']</arg>
<doc>Clicks the button identified by ``locator``.</doc>
<msg timestamp="20220110 23:52:52.305" level="INFO">Clicking button '//button[@id='submit']'.</msg>
<status status="PASS" starttime="20220110 23:52:52.303" endtime="20220110 23:52:52.412"/>
</kw>
<status status="PASS" starttime="20220110 23:52:52.279" endtime="20220110 23:52:52.412"/>
</kw>
<kw name="Error Should Be Visible" library="forms_resource">
<kw name="Element Should Be Visible" library="Selenium2Library">
<arg>//div[@id='errorMessage']</arg>
<doc>Verifies that the element identified by ``locator`` is visible.</doc>
<kw name="Capture Page Screenshot" library="Selenium2Library">
<doc>Takes a screenshot of the current page and embeds it into a log file.</doc>
<msg timestamp="20220110 23:52:52.788" level="INFO" html="true">&lt;/td&gt;&lt;/tr&gt;&lt;tr&gt;&lt;td colspan="3"&gt;&lt;a href="selenium-screenshot-13.png"&gt;&lt;img src="selenium-screenshot-13.png" width="800px"&gt;&lt;/a&gt;</msg>
<status status="PASS" starttime="20220110 23:52:52.437" endtime="20220110 23:52:52.788"/>
</kw>
<msg timestamp="20220110 23:52:52.790" level="FAIL">Element with locator '//div[@id='errorMessage']' not found.</msg>
<status status="FAIL" starttime="20220110 23:52:52.414" endtime="20220110 23:52:52.790"/>
</kw>
<status status="FAIL" starttime="20220110 23:52:52.413" endtime="20220110 23:52:52.791"/>
</kw>
<kw name="Close Browser" library="Selenium2Library" type="TEARDOWN">
<doc>Closes the current browser.</doc>
<status status="PASS" starttime="20220110 23:52:52.793" endtime="20220110 23:52:55.195"/>
</kw>
<tag>fails</tag>
<status status="FAIL" starttime="20220110 23:52:47.877" endtime="20220110 23:52:55.196">Element with locator '//div[@id='errorMessage']' not found.</status>
</test>
<doc>A test suite for submitting a student form</doc>
<status status="FAIL" starttime="20220110 23:52:40.959" endtime="20220110 23:52:55.198"/>
</suite>
<suite id="s1-s4" name="Validform Tests" source="C:\Users\Bonnie\Documents\Projects\test-automation-practices\robotframe_tests\forms\validform_tests.robot">
<test id="s1-s4-t1" name="Student Can Enter Valid Values">
<kw name="Go To Website" library="forms_resource" type="SETUP">
<kw name="Open Browser" library="Selenium2Library">
<arg>${url}</arg>
<arg>${browser}</arg>
<doc>Opens a new browser instance to the optional ``url``.</doc>
<msg timestamp="20220110 23:52:55.220" level="INFO">Opening browser 'chrome' to base url 'https://demoqa.com/automation-practice-form'.</msg>
<status status="PASS" starttime="20220110 23:52:55.219" endtime="20220110 23:52:59.132"/>
</kw>
<status status="PASS" starttime="20220110 23:52:55.217" endtime="20220110 23:52:59.133"/>
</kw>
<kw name="Enter Required Fields" library="forms_resource">
<kw name="Enter First Name" library="forms_resource">
<kw name="Input Text" library="Selenium2Library">
<arg>//input[@id='firstName']</arg>
<arg>Allie</arg>
<doc>Types the given ``text`` into the text field identified by ``locator``.</doc>
<msg timestamp="20220110 23:52:59.137" level="INFO">Typing text 'Allie' into text field '//input[@id='firstName']'.</msg>
<status status="PASS" starttime="20220110 23:52:59.137" endtime="20220110 23:52:59.288"/>
</kw>
<status status="PASS" starttime="20220110 23:52:59.136" endtime="20220110 23:52:59.288"/>
</kw>
<kw name="Enter Last Name" library="forms_resource">
<kw name="Input Text" library="Selenium2Library">
<arg>//input[@id='lastName']</arg>
<arg>Test</arg>
<doc>Types the given ``text`` into the text field identified by ``locator``.</doc>
<msg timestamp="20220110 23:52:59.290" level="INFO">Typing text 'Test' into text field '//input[@id='lastName']'.</msg>
<status status="PASS" starttime="20220110 23:52:59.289" endtime="20220110 23:52:59.415"/>
</kw>
<status status="PASS" starttime="20220110 23:52:59.289" endtime="20220110 23:52:59.416"/>
</kw>
<kw name="Select Gender Option" library="forms_resource">
<kw name="Click Element" library="Selenium2Library">
<arg>//label[contains(text(),'Female')]</arg>
<doc>Click the element identified by ``locator``.</doc>
<msg timestamp="20220110 23:52:59.417" level="INFO">Clicking element '//label[contains(text(),'Female')]'.</msg>
<status status="PASS" starttime="20220110 23:52:59.416" endtime="20220110 23:52:59.613"/>
</kw>
<status status="PASS" starttime="20220110 23:52:59.416" endtime="20220110 23:52:59.613"/>
</kw>
<kw name="Enter Phone Number" library="forms_resource">
<arg>9991231234</arg>
<kw name="Input Text" library="Selenium2Library">
<arg>//input[@id='userNumber']</arg>
<arg>${phone}</arg>
<doc>Types the given ``text`` into the text field identified by ``locator``.</doc>
<msg timestamp="20220110 23:52:59.615" level="INFO">Typing text '9991231234' into text field '//input[@id='userNumber']'.</msg>
<status status="PASS" starttime="20220110 23:52:59.614" endtime="20220110 23:52:59.765"/>
</kw>
<status status="PASS" starttime="20220110 23:52:59.613" endtime="20220110 23:52:59.766"/>
</kw>
<status status="PASS" starttime="20220110 23:52:59.135" endtime="20220110 23:52:59.766"/>
</kw>
<kw name="Enter Email" library="forms_resource">
<kw name="Input Text" library="Selenium2Library">
<arg>//input[@id='userEmail']</arg>
<arg>allietest@fake.com</arg>
<doc>Types the given ``text`` into the text field identified by ``locator``.</doc>
<msg timestamp="20220110 23:52:59.768" level="INFO">Typing text 'allietest@fake.com' into text field '//input[@id='userEmail']'.</msg>
<status status="PASS" starttime="20220110 23:52:59.768" endtime="20220110 23:52:59.932"/>
</kw>
<status status="PASS" starttime="20220110 23:52:59.767" endtime="20220110 23:52:59.933"/>
</kw>
<kw name="Enter Birth Date" library="forms_resource">
<kw name="Clear Element Text" library="Selenium2Library">
<arg>//input[@id='dateOfBirthInput']</arg>
<doc>Clears the value of the text-input-element identified by ``locator``.</doc>
<status status="PASS" starttime="20220110 23:52:59.934" endtime="20220110 23:53:00.116"/>
</kw>
<kw name="Input Text" library="Selenium2Library">
<arg>//input[@id='dateOfBirthInput']</arg>
<arg>January 10, 1967</arg>
<doc>Types the given ``text`` into the text field identified by ``locator``.</doc>
<msg timestamp="20220110 23:53:00.117" level="INFO">Typing text 'January 10, 1967' into text field '//input[@id='dateOfBirthInput']'.</msg>
<status status="PASS" starttime="20220110 23:53:00.116" endtime="20220110 23:53:00.466"/>
</kw>
<status status="PASS" starttime="20220110 23:52:59.933" endtime="20220110 23:53:00.467"/>
</kw>
<kw name="Enter Subjects" library="forms_resource">
<kw name="Input Text" library="Selenium2Library">
<arg>//input[@id='subjectsInput']</arg>
<arg>Maths</arg>
<doc>Types the given ``text`` into the text field identified by ``locator``.</doc>
<msg timestamp="20220110 23:53:00.468" level="INFO">Typing text 'Maths' into text field '//input[@id='subjectsInput']'.</msg>
<status status="PASS" starttime="20220110 23:53:00.468" endtime="20220110 23:53:00.619"/>
</kw>
<kw name="Press Keys" library="Selenium2Library">
<arg>//input[@id='subjectsInput']</arg>
<arg>ENTER</arg>
<doc>Simulates the user pressing key(s) to an element or on the active browser.</doc>
<msg timestamp="20220110 23:53:00.620" level="INFO">Sending key(s) ('ENTER',) to //input[@id='subjectsInput'] element.</msg>
<msg timestamp="20220110 23:53:01.045" level="INFO">Pressing special key ENTER to element.</msg>
<msg timestamp="20220110 23:53:01.045" level="INFO">Releasing special key ENTER.</msg>
<status status="PASS" starttime="20220110 23:53:00.619" endtime="20220110 23:53:01.078"/>
</kw>
<status status="PASS" starttime="20220110 23:53:00.467" endtime="20220110 23:53:01.078"/>
</kw>
<kw name="Select Hobbies" library="forms_resource">
<arg>Sports</arg>
<kw name="Click Element" library="Selenium2Library">
<arg>//label[contains(text(),'${hobby}')]</arg>
<doc>Click the element identified by ``locator``.</doc>
<msg timestamp="20220110 23:53:01.080" level="INFO">Clicking element '//label[contains(text(),'Sports')]'.</msg>
<status status="PASS" starttime="20220110 23:53:01.080" endtime="20220110 23:53:01.143"/>
</kw>
<status status="PASS" starttime="20220110 23:53:01.079" endtime="20220110 23:53:01.143"/>
</kw>
<kw name="Select State Option" library="forms_resource">
<kw name="Input Text" library="Selenium2Library">
<arg>//input[@id='react-select-3-input']</arg>
<arg>Haryana</arg>
<doc>Types the given ``text`` into the text field identified by ``locator``.</doc>
<msg timestamp="20220110 23:53:01.146" level="INFO">Typing text 'Haryana' into text field '//input[@id='react-select-3-input']'.</msg>
<status status="PASS" starttime="20220110 23:53:01.145" endtime="20220110 23:53:01.300"/>
</kw>
<kw name="Press Keys" library="Selenium2Library">
<arg>//input[@id='react-select-3-input']</arg>
<arg>ENTER</arg>
<doc>Simulates the user pressing key(s) to an element or on the active browser.</doc>
<msg timestamp="20220110 23:53:01.302" level="INFO">Sending key(s) ('ENTER',) to //input[@id='react-select-3-input'] element.</msg>
<msg timestamp="20220110 23:53:01.596" level="INFO">Pressing special key ENTER to element.</msg>
<msg timestamp="20220110 23:53:01.597" level="INFO">Releasing special key ENTER.</msg>
<status status="PASS" starttime="20220110 23:53:01.301" endtime="20220110 23:53:01.628"/>
</kw>
<status status="PASS" starttime="20220110 23:53:01.144" endtime="20220110 23:53:01.629"/>
</kw>
<kw name="Select City Option" library="forms_resource">
<kw name="Input Text" library="Selenium2Library">
<arg>//input[@id='react-select-4-input']</arg>
<arg>Panipat</arg>
<doc>Types the given ``text`` into the text field identified by ``locator``.</doc>
<msg timestamp="20220110 23:53:01.634" level="INFO">Typing text 'Panipat' into text field '//input[@id='react-select-4-input']'.</msg>
<status status="PASS" starttime="20220110 23:53:01.633" endtime="20220110 23:53:01.798"/>
</kw>
<kw name="Press Keys" library="Selenium2Library">
<arg>//input[@id='react-select-4-input']</arg>
<arg>ENTER</arg>
<doc>Simulates the user pressing key(s) to an element or on the active browser.</doc>
<msg timestamp="20220110 23:53:01.799" level="INFO">Sending key(s) ('ENTER',) to //input[@id='react-select-4-input'] element.</msg>
<msg timestamp="20220110 23:53:02.096" level="INFO">Pressing special key ENTER to element.</msg>
<msg timestamp="20220110 23:53:02.097" level="INFO">Releasing special key ENTER.</msg>
<status status="PASS" starttime="20220110 23:53:01.798" endtime="20220110 23:53:02.132"/>
</kw>
<status status="PASS" starttime="20220110 23:53:01.631" endtime="20220110 23:53:02.133"/>
</kw>
<kw name="Click Submit Button" library="forms_resource">
<kw name="Set Focus To Element" library="Selenium2Library">
<arg>//button[@id='submit']</arg>
<doc>Sets the focus to the element identified by ``locator``.</doc>
<status status="PASS" starttime="20220110 23:53:02.135" endtime="20220110 23:53:02.168"/>
</kw>
<kw name="Click Button" library="Selenium2Library">
<arg>//button[@id='submit']</arg>
<doc>Clicks the button identified by ``locator``.</doc>
<msg timestamp="20220110 23:53:02.169" level="INFO">Clicking button '//button[@id='submit']'.</msg>
<status status="PASS" starttime="20220110 23:53:02.168" endtime="20220110 23:53:02.264"/>
</kw>
<status status="PASS" starttime="20220110 23:53:02.134" endtime="20220110 23:53:02.264"/>
</kw>
<kw name="Submit Modal Should Be Visible" library="forms_resource">
<kw name="Element Should Be Visible" library="Selenium2Library">
<arg>//div[@id='example-modal-sizes-title-lg']</arg>
<doc>Verifies that the element identified by ``locator`` is visible.</doc>
<msg timestamp="20220110 23:53:02.312" level="INFO">Element '//div[@id='example-modal-sizes-title-lg']' is displayed.</msg>
<status status="PASS" starttime="20220110 23:53:02.266" endtime="20220110 23:53:02.312"/>
</kw>
<status status="PASS" starttime="20220110 23:53:02.265" endtime="20220110 23:53:02.312"/>
</kw>
<kw name="Close Browser" library="Selenium2Library" type="TEARDOWN">
<doc>Closes the current browser.</doc>
<status status="PASS" starttime="20220110 23:53:02.314" endtime="20220110 23:53:04.738"/>
</kw>
<status status="PASS" starttime="20220110 23:52:55.215" endtime="20220110 23:53:04.740"/>
</test>
<test id="s1-s4-t2" name="Student Can Select One Hobby">
<kw name="Go To Website" library="forms_resource" type="SETUP">
<kw name="Open Browser" library="Selenium2Library">
<arg>${url}</arg>
<arg>${browser}</arg>
<doc>Opens a new browser instance to the optional ``url``.</doc>
<msg timestamp="20220110 23:53:04.760" level="INFO">Opening browser 'chrome' to base url 'https://demoqa.com/automation-practice-form'.</msg>
<status status="PASS" starttime="20220110 23:53:04.756" endtime="20220110 23:53:08.483"/>
</kw>
<status status="PASS" starttime="20220110 23:53:04.750" endtime="20220110 23:53:08.483"/>
</kw>
<kw name="Enter Required Fields" library="forms_resource">
<kw name="Enter First Name" library="forms_resource">
<kw name="Input Text" library="Selenium2Library">
<arg>//input[@id='firstName']</arg>
<arg>Allie</arg>
<doc>Types the given ``text`` into the text field identified by ``locator``.</doc>
<msg timestamp="20220110 23:53:08.486" level="INFO">Typing text 'Allie' into text field '//input[@id='firstName']'.</msg>
<status status="PASS" starttime="20220110 23:53:08.485" endtime="20220110 23:53:08.734"/>
</kw>
<status status="PASS" starttime="20220110 23:53:08.485" endtime="20220110 23:53:08.734"/>
</kw>
<kw name="Enter Last Name" library="forms_resource">
<kw name="Input Text" library="Selenium2Library">
<arg>//input[@id='lastName']</arg>
<arg>Test</arg>
<doc>Types the given ``text`` into the text field identified by ``locator``.</doc>
<msg timestamp="20220110 23:53:08.737" level="INFO">Typing text 'Test' into text field '//input[@id='lastName']'.</msg>
<status status="PASS" starttime="20220110 23:53:08.735" endtime="20220110 23:53:08.987"/>
</kw>
<status status="PASS" starttime="20220110 23:53:08.734" endtime="20220110 23:53:08.987"/>
</kw>
<kw name="Select Gender Option" library="forms_resource">
<kw name="Click Element" library="Selenium2Library">
<arg>//label[contains(text(),'Female')]</arg>
<doc>Click the element identified by ``locator``.</doc>
<msg timestamp="20220110 23:53:08.989" level="INFO">Clicking element '//label[contains(text(),'Female')]'.</msg>
<status status="PASS" starttime="20220110 23:53:08.988" endtime="20220110 23:53:09.100"/>
</kw>
<status status="PASS" starttime="20220110 23:53:08.988" endtime="20220110 23:53:09.101"/>
</kw>
<kw name="Enter Phone Number" library="forms_resource">
<arg>9991231234</arg>
<kw name="Input Text" library="Selenium2Library">
<arg>//input[@id='userNumber']</arg>
<arg>${phone}</arg>
<doc>Types the given ``text`` into the text field identified by ``locator``.</doc>
<msg timestamp="20220110 23:53:09.104" level="INFO">Typing text '9991231234' into text field '//input[@id='userNumber']'.</msg>
<status status="PASS" starttime="20220110 23:53:09.102" endtime="20220110 23:53:09.238"/>
</kw>
<status status="PASS" starttime="20220110 23:53:09.101" endtime="20220110 23:53:09.238"/>
</kw>
<status status="PASS" starttime="20220110 23:53:08.484" endtime="20220110 23:53:09.239"/>
</kw>
<kw name="Select Hobbies" library="forms_resource">
<arg>Reading</arg>
<kw name="Click Element" library="Selenium2Library">
<arg>//label[contains(text(),'${hobby}')]</arg>
<doc>Click the element identified by ``locator``.</doc>
<msg timestamp="20220110 23:53:09.241" level="INFO">Clicking element '//label[contains(text(),'Reading')]'.</msg>
<status status="PASS" starttime="20220110 23:53:09.241" endtime="20220110 23:53:09.317"/>
</kw>
<status status="PASS" starttime="20220110 23:53:09.240" endtime="20220110 23:53:09.317"/>
</kw>
<kw name="Click Submit Button" library="forms_resource">
<kw name="Set Focus To Element" library="Selenium2Library">
<arg>//button[@id='submit']</arg>
<doc>Sets the focus to the element identified by ``locator``.</doc>
<status status="PASS" starttime="20220110 23:53:09.318" endtime="20220110 23:53:09.348"/>
</kw>
<kw name="Click Button" library="Selenium2Library">
<arg>//button[@id='submit']</arg>
<doc>Clicks the button identified by ``locator``.</doc>
<msg timestamp="20220110 23:53:09.349" level="INFO">Clicking button '//button[@id='submit']'.</msg>
<status status="PASS" starttime="20220110 23:53:09.349" endtime="20220110 23:53:09.473"/>
</kw>
<status status="PASS" starttime="20220110 23:53:09.318" endtime="20220110 23:53:09.473"/>
</kw>
<kw name="Selected Hobby Should Be on Modal" library="forms_resource">
<kw name="Element Should Contain" library="Selenium2Library">
<arg>//body/div[4]/div[1]/div[1]/div[2]/div[1]/table[1]</arg>
<arg>Reading</arg>
<doc>Verifies that element ``locator`` contains text ``expected``.</doc>
<msg timestamp="20220110 23:53:09.546" level="INFO">Element '//body/div[4]/div[1]/div[1]/div[2]/div[1]/table[1]' contains text 'Reading'.</msg>
<status status="PASS" starttime="20220110 23:53:09.476" endtime="20220110 23:53:09.546"/>
</kw>
<status status="PASS" starttime="20220110 23:53:09.476" endtime="20220110 23:53:09.547"/>
</kw>
<kw name="Close Browser" library="Selenium2Library" type="TEARDOWN">
<doc>Closes the current browser.</doc>
<status status="PASS" starttime="20220110 23:53:09.548" endtime="20220110 23:53:11.974"/>
</kw>
<status status="PASS" starttime="20220110 23:53:04.746" endtime="20220110 23:53:11.975"/>
</test>
<test id="s1-s4-t3" name="Student Can Select Multiple Hobbies">
<kw name="Go To Website" library="forms_resource" type="SETUP">
<kw name="Open Browser" library="Selenium2Library">
<arg>${url}</arg>
<arg>${browser}</arg>
<doc>Opens a new browser instance to the optional ``url``.</doc>
<msg timestamp="20220110 23:53:11.993" level="INFO">Opening browser 'chrome' to base url 'https://demoqa.com/automation-practice-form'.</msg>
<status status="PASS" starttime="20220110 23:53:11.990" endtime="20220110 23:53:15.712"/>
</kw>
<status status="PASS" starttime="20220110 23:53:11.986" endtime="20220110 23:53:15.712"/>
</kw>
<kw name="Enter Required Fields" library="forms_resource">
<kw name="Enter First Name" library="forms_resource">
<kw name="Input Text" library="Selenium2Library">
<arg>//input[@id='firstName']</arg>
<arg>Allie</arg>
<doc>Types the given ``text`` into the text field identified by ``locator``.</doc>
<msg timestamp="20220110 23:53:15.716" level="INFO">Typing text 'Allie' into text field '//input[@id='firstName']'.</msg>
<status status="PASS" starttime="20220110 23:53:15.716" endtime="20220110 23:53:16.003"/>
</kw>
<status status="PASS" starttime="20220110 23:53:15.715" endtime="20220110 23:53:16.004"/>
</kw>
<kw name="Enter Last Name" library="forms_resource">
<kw name="Input Text" library="Selenium2Library">
<arg>//input[@id='lastName']</arg>
<arg>Test</arg>
<doc>Types the given ``text`` into the text field identified by ``locator``.</doc>
<msg timestamp="20220110 23:53:16.005" level="INFO">Typing text 'Test' into text field '//input[@id='lastName']'.</msg>
<status status="PASS" starttime="20220110 23:53:16.005" endtime="20220110 23:53:16.236"/>
</kw>
<status status="PASS" starttime="20220110 23:53:16.004" endtime="20220110 23:53:16.236"/>
</kw>
<kw name="Select Gender Option" library="forms_resource">
<kw name="Click Element" library="Selenium2Library">
<arg>//label[contains(text(),'Female')]</arg>
<doc>Click the element identified by ``locator``.</doc>
<msg timestamp="20220110 23:53:16.238" level="INFO">Clicking element '//label[contains(text(),'Female')]'.</msg>
<status status="PASS" starttime="20220110 23:53:16.237" endtime="20220110 23:53:16.357"/>
</kw>
<status status="PASS" starttime="20220110 23:53:16.237" endtime="20220110 23:53:16.357"/>
</kw>
<kw name="Enter Phone Number" library="forms_resource">
<arg>9991231234</arg>
<kw name="Input Text" library="Selenium2Library">
<arg>//input[@id='userNumber']</arg>
<arg>${phone}</arg>
<doc>Types the given ``text`` into the text field identified by ``locator``.</doc>
<msg timestamp="20220110 23:53:16.359" level="INFO">Typing text '9991231234' into text field '//input[@id='userNumber']'.</msg>
<status status="PASS" starttime="20220110 23:53:16.358" endtime="20220110 23:53:16.504"/>
</kw>
<status status="PASS" starttime="20220110 23:53:16.357" endtime="20220110 23:53:16.505"/>
</kw>
<status status="PASS" starttime="20220110 23:53:15.714" endtime="20220110 23:53:16.505"/>
</kw>
<kw name="Select Hobbies" library="forms_resource">
<arg>Sports</arg>
<kw name="Click Element" library="Selenium2Library">
<arg>//label[contains(text(),'${hobby}')]</arg>
<doc>Click the element identified by ``locator``.</doc>
<msg timestamp="20220110 23:53:16.507" level="INFO">Clicking element '//label[contains(text(),'Sports')]'.</msg>
<status status="PASS" starttime="20220110 23:53:16.506" endtime="20220110 23:53:16.586"/>
</kw>
<status status="PASS" starttime="20220110 23:53:16.506" endtime="20220110 23:53:16.586"/>
</kw>
<kw name="Select Hobbies" library="forms_resource">
<arg>Music</arg>
<kw name="Click Element" library="Selenium2Library">
<arg>//label[contains(text(),'${hobby}')]</arg>
<doc>Click the element identified by ``locator``.</doc>
<msg timestamp="20220110 23:53:16.588" level="INFO">Clicking element '//label[contains(text(),'Music')]'.</msg>
<status status="PASS" starttime="20220110 23:53:16.588" endtime="20220110 23:53:16.656"/>
</kw>
<status status="PASS" starttime="20220110 23:53:16.587" endtime="20220110 23:53:16.656"/>
</kw>
<kw name="Click Submit Button" library="forms_resource">
<kw name="Set Focus To Element" library="Selenium2Library">
<arg>//button[@id='submit']</arg>
<doc>Sets the focus to the element identified by ``locator``.</doc>
<status status="PASS" starttime="20220110 23:53:16.657" endtime="20220110 23:53:16.690"/>
</kw>
<kw name="Click Button" library="Selenium2Library">
<arg>//button[@id='submit']</arg>
<doc>Clicks the button identified by ``locator``.</doc>
<msg timestamp="20220110 23:53:16.691" level="INFO">Clicking button '//button[@id='submit']'.</msg>
<status status="PASS" starttime="20220110 23:53:16.690" endtime="20220110 23:53:16.802"/>
</kw>
<status status="PASS" starttime="20220110 23:53:16.657" endtime="20220110 23:53:16.802"/>
</kw>
<kw name="Selected Hobbies Should Be on Modal" library="forms_resource">
<kw name="Element Should Contain" library="Selenium2Library">
<arg>//body/div[4]/div[1]/div[1]/div[2]/div[1]/table[1]</arg>
<arg>Sports, Music</arg>
<doc>Verifies that element ``locator`` contains text ``expected``.</doc>
<msg timestamp="20220110 23:53:16.865" level="INFO">Element '//body/div[4]/div[1]/div[1]/div[2]/div[1]/table[1]' contains text 'Sports, Music'.</msg>
<status status="PASS" starttime="20220110 23:53:16.803" endtime="20220110 23:53:16.865"/>
</kw>
<status status="PASS" starttime="20220110 23:53:16.802" endtime="20220110 23:53:16.865"/>
</kw>
<kw name="Close Browser" library="Selenium2Library" type="TEARDOWN">
<doc>Closes the current browser.</doc>
<status status="PASS" starttime="20220110 23:53:16.866" endtime="20220110 23:53:19.317"/>
</kw>
<status status="PASS" starttime="20220110 23:53:11.982" endtime="20220110 23:53:19.318"/>
</test>
<test id="s1-s4-t4" name="Select City Before State">
<kw name="Go To Website" library="forms_resource" type="SETUP">
<kw name="Open Browser" library="Selenium2Library">
<arg>${url}</arg>
<arg>${browser}</arg>
<doc>Opens a new browser instance to the optional ``url``.</doc>
<msg timestamp="20220110 23:53:19.335" level="INFO">Opening browser 'chrome' to base url 'https://demoqa.com/automation-practice-form'.</msg>
<status status="PASS" starttime="20220110 23:53:19.333" endtime="20220110 23:53:23.168"/>
</kw>
<status status="PASS" starttime="20220110 23:53:19.330" endtime="20220110 23:53:23.168"/>
</kw>
<kw name="Enter Required Fields" library="forms_resource">
<kw name="Enter First Name" library="forms_resource">
<kw name="Input Text" library="Selenium2Library">
<arg>//input[@id='firstName']</arg>
<arg>Allie</arg>
<doc>Types the given ``text`` into the text field identified by ``locator``.</doc>
<msg timestamp="20220110 23:53:23.171" level="INFO">Typing text 'Allie' into text field '//input[@id='firstName']'.</msg>
<status status="PASS" starttime="20220110 23:53:23.171" endtime="20220110 23:53:23.372"/>
</kw>
<status status="PASS" starttime="20220110 23:53:23.170" endtime="20220110 23:53:23.373"/>
</kw>
<kw name="Enter Last Name" library="forms_resource">
<kw name="Input Text" library="Selenium2Library">
<arg>//input[@id='lastName']</arg>
<arg>Test</arg>
<doc>Types the given ``text`` into the text field identified by ``locator``.</doc>
<msg timestamp="20220110 23:53:23.375" level="INFO">Typing text 'Test' into text field '//input[@id='lastName']'.</msg>
<status status="PASS" starttime="20220110 23:53:23.374" endtime="20220110 23:53:23.756"/>
</kw>
<status status="PASS" starttime="20220110 23:53:23.373" endtime="20220110 23:53:23.756"/>
</kw>
<kw name="Select Gender Option" library="forms_resource">
<kw name="Click Element" library="Selenium2Library">
<arg>//label[contains(text(),'Female')]</arg>
<doc>Click the element identified by ``locator``.</doc>
<msg timestamp="20220110 23:53:23.759" level="INFO">Clicking element '//label[contains(text(),'Female')]'.</msg>
<status status="PASS" starttime="20220110 23:53:23.758" endtime="20220110 23:53:23.843"/>
</kw>
<status status="PASS" starttime="20220110 23:53:23.757" endtime="20220110 23:53:23.843"/>
</kw>
<kw name="Enter Phone Number" library="forms_resource">
<arg>9991231234</arg>
<kw name="Input Text" library="Selenium2Library">
<arg>//input[@id='userNumber']</arg>
<arg>${phone}</arg>
<doc>Types the given ``text`` into the text field identified by ``locator``.</doc>
<msg timestamp="20220110 23:53:23.845" level="INFO">Typing text '9991231234' into text field '//input[@id='userNumber']'.</msg>
<status status="PASS" starttime="20220110 23:53:23.844" endtime="20220110 23:53:23.967"/>
</kw>
<status status="PASS" starttime="20220110 23:53:23.844" endtime="20220110 23:53:23.968"/>
</kw>
<status status="PASS" starttime="20220110 23:53:23.169" endtime="20220110 23:53:23.968"/>
</kw>
<kw name="Select City Option Should Be Disabled" library="forms_resource">
<kw name="Element Should Be Disabled" library="Selenium2Library">
<arg>//input[@id='react-select-4-input']</arg>
<doc>Verifies that element identified by ``locator`` is disabled.</doc>
<status status="PASS" starttime="20220110 23:53:23.969" endtime="20220110 23:53:23.995"/>
</kw>
<status status="PASS" starttime="20220110 23:53:23.968" endtime="20220110 23:53:23.995"/>
</kw>
<kw name="Close Browser" library="Selenium2Library" type="TEARDOWN">
<doc>Closes the current browser.</doc>
<status status="PASS" starttime="20220110 23:53:23.997" endtime="20220110 23:53:26.489"/>
</kw>
<status status="PASS" starttime="20220110 23:53:19.325" endtime="20220110 23:53:26.490"/>
</test>
<test id="s1-s4-t5" name="Gender Is A Required Field">
<kw name="Go To Website" library="forms_resource" type="SETUP">
<kw name="Open Browser" library="Selenium2Library">
<arg>${url}</arg>
<arg>${browser}</arg>
<doc>Opens a new browser instance to the optional ``url``.</doc>
<msg timestamp="20220110 23:53:26.507" level="INFO">Opening browser 'chrome' to base url 'https://demoqa.com/automation-practice-form'.</msg>
<status status="PASS" starttime="20220110 23:53:26.504" endtime="20220110 23:53:29.883"/>
</kw>
<status status="PASS" starttime="20220110 23:53:26.499" endtime="20220110 23:53:29.884"/>
</kw>
<kw name="Enter First Name" library="forms_resource">
<kw name="Input Text" library="Selenium2Library">
<arg>//input[@id='firstName']</arg>
<arg>Allie</arg>
<doc>Types the given ``text`` into the text field identified by ``locator``.</doc>
<msg timestamp="20220110 23:53:29.886" level="INFO">Typing text 'Allie' into text field '//input[@id='firstName']'.</msg>
<status status="PASS" starttime="20220110 23:53:29.885" endtime="20220110 23:53:30.146"/>
</kw>
<status status="PASS" starttime="20220110 23:53:29.885" endtime="20220110 23:53:30.146"/>
</kw>
<kw name="Enter Last Name" library="forms_resource">
<kw name="Input Text" library="Selenium2Library">
<arg>//input[@id='lastName']</arg>
<arg>Test</arg>
<doc>Types the given ``text`` into the text field identified by ``locator``.</doc>
<msg timestamp="20220110 23:53:30.149" level="INFO">Typing text 'Test' into text field '//input[@id='lastName']'.</msg>
<status status="PASS" starttime="20220110 23:53:30.148" endtime="20220110 23:53:30.312"/>
</kw>
<status status="PASS" starttime="20220110 23:53:30.147" endtime="20220110 23:53:30.313"/>
</kw>
<kw name="Enter Phone Number" library="forms_resource">
<arg>55555512234</arg>
<kw name="Input Text" library="Selenium2Library">
<arg>//input[@id='userNumber']</arg>
<arg>${phone}</arg>
<doc>Types the given ``text`` into the text field identified by ``locator``.</doc>
<msg timestamp="20220110 23:53:30.316" level="INFO">Typing text '55555512234' into text field '//input[@id='userNumber']'.</msg>
<status status="PASS" starttime="20220110 23:53:30.315" endtime="20220110 23:53:30.484"/>
</kw>
<status status="PASS" starttime="20220110 23:53:30.313" endtime="20220110 23:53:30.485"/>
</kw>
<kw name="Click Submit Button" library="forms_resource">
<kw name="Set Focus To Element" library="Selenium2Library">
<arg>//button[@id='submit']</arg>
<doc>Sets the focus to the element identified by ``locator``.</doc>
<status status="PASS" starttime="20220110 23:53:30.487" endtime="20220110 23:53:30.517"/>
</kw>
<kw name="Click Button" library="Selenium2Library">
<arg>//button[@id='submit']</arg>
<doc>Clicks the button identified by ``locator``.</doc>
<msg timestamp="20220110 23:53:30.519" level="INFO">Clicking button '//button[@id='submit']'.</msg>
<status status="PASS" starttime="20220110 23:53:30.518" endtime="20220110 23:53:30.647"/>
</kw>
<status status="PASS" starttime="20220110 23:53:30.486" endtime="20220110 23:53:30.647"/>
</kw>
<kw name="Submit Modal Should Not Be Visible" library="forms_resource">
<kw name="Element Should Not Be Visible" library="Selenium2Library">
<arg>//div[@id='example-modal-sizes-title-lg']</arg>
<doc>Verifies that the element identified by ``locator`` is NOT visible.</doc>
<msg timestamp="20220110 23:53:30.675" level="INFO">Element '//div[@id='example-modal-sizes-title-lg']' did not exist.</msg>
<status status="PASS" starttime="20220110 23:53:30.652" endtime="20220110 23:53:30.676"/>
</kw>
<status status="PASS" starttime="20220110 23:53:30.651" endtime="20220110 23:53:30.676"/>
</kw>
<kw name="Close Browser" library="Selenium2Library" type="TEARDOWN">
<doc>Closes the current browser.</doc>
<status status="PASS" starttime="20220110 23:53:30.677" endtime="20220110 23:53:33.043"/>
</kw>
<status status="PASS" starttime="20220110 23:53:26.496" endtime="20220110 23:53:33.044"/>
</test>
<doc>A test suite for submitting a student form</doc>
<status status="PASS" starttime="20220110 23:52:55.204" endtime="20220110 23:53:33.053"/>
</suite>
<status status="FAIL" starttime="20220110 23:52:17.159" endtime="20220110 23:53:33.081"/>
</suite>
<statistics>
<total>
<stat pass="10" fail="2" skip="0">All Tests</stat>
</total>
<tag>
<stat pass="0" fail="2" skip="0">fails</stat>
</tag>
<suite>
<stat pass="10" fail="2" skip="0" id="s1" name="Forms">Forms</stat>
<stat pass="1" fail="1" skip="0" id="s1-s1" name="Datepicker Test">Forms.Datepicker Test</stat>
<stat pass="3" fail="0" skip="0" id="s1-s2" name="Invalidvalues Test">Forms.Invalidvalues Test</stat>
<stat pass="1" fail="1" skip="0" id="s1-s3" name="Uploadimage Test">Forms.Uploadimage Test</stat>
<stat pass="5" fail="0" skip="0" id="s1-s4" name="Validform Tests">Forms.Validform Tests</stat>
</suite>
</statistics>
<errors>
</errors>
</robot>
