<?xml version="1.0" encoding="UTF-8"?>
<robot generator="Robot 4.1.3 (Python 3.8.0 on win32)" generated="20220116 22:46:34.476" rpa="false" schemaversion="2">
<suite id="s1" name="Sort Order Test" source="C:\Users\Bonnie\Documents\Projects\test-automation-practices\robotframe_tests\tableview_testsuite\sort_order_test.robot">
<kw name="Go To Table Page" library="table_resource" type="SETUP">
<kw name="Open Browser" library="Selenium2Library">
<arg>${tablepage}</arg>
<arg>${browser}</arg>
<doc>Opens a new browser instance to the optional ``url``.</doc>
<msg timestamp="20220116 22:46:34.840" level="INFO">Opening browser 'chrome' to base url 'https://computer-database.gatling.io/computers'.</msg>
<status status="PASS" starttime="20220116 22:46:34.840" endtime="20220116 22:46:36.837"/>
</kw>
<status status="PASS" starttime="20220116 22:46:34.839" endtime="20220116 22:46:36.837"/>
</kw>
<test id="s1-t1" name="Computer Name Ascending">
<kw name="Sort Order">
<arg>name</arg>
<arg>asc</arg>
<arg>Computer name</arg>
<kw name="Click Header" library="table_resource">
<arg>${name}</arg>
<kw name="Click Link" library="Selenium2Library">
<arg>//a[contains(text(),'${name}')]</arg>
<doc>Clicks a link identified by ``locator``.</doc>
<msg timestamp="20220116 22:46:36.845" level="INFO">Clicking link '//a[contains(text(),'Computer name')]'.</msg>
<status status="PASS" starttime="20220116 22:46:36.841" endtime="20220116 22:46:37.082"/>
</kw>
<status status="PASS" starttime="20220116 22:46:36.840" endtime="20220116 22:46:37.082"/>
</kw>
<kw name="List Should Be Sorted In Order" library="table_resource">
<arg>${header}</arg>
<arg>${order}</arg>
<arg>${name}</arg>
<kw name="Element Attribute Value Should Be" library="Selenium2Library">
<arg>//a[contains(text(),'${name}')]</arg>
<arg>href</arg>
<arg>https://computer-database.gatling.io/computers?p=0&amp;n=10&amp;s=${header}&amp;d=${order}</arg>
<doc>Verifies element identified by ``locator`` contains expected attribute value.</doc>
<msg timestamp="20220116 22:46:37.128" level="INFO">Element '//a[contains(text(),'Computer name')]' attribute 'href' contains value 'https://computer-database.gatling.io/computers?p=0&amp;n=10&amp;s=name&amp;d=asc'.</msg>
<status status="PASS" starttime="20220116 22:46:37.084" endtime="20220116 22:46:37.128"/>
</kw>
<status status="PASS" starttime="20220116 22:46:37.083" endtime="20220116 22:46:37.129"/>
</kw>
<status status="PASS" starttime="20220116 22:46:36.839" endtime="20220116 22:46:37.129"/>
</kw>
<status status="PASS" starttime="20220116 22:46:36.838" endtime="20220116 22:46:37.130"/>
</test>
<test id="s1-t2" name="Computer Name Descending">
<kw name="Sort Order">
<arg>name</arg>
<arg>desc</arg>
<arg>Computer name</arg>
<kw name="Click Header" library="table_resource">
<arg>${name}</arg>
<kw name="Click Link" library="Selenium2Library">
<arg>//a[contains(text(),'${name}')]</arg>
<doc>Clicks a link identified by ``locator``.</doc>
<msg timestamp="20220116 22:46:37.136" level="INFO">Clicking link '//a[contains(text(),'Computer name')]'.</msg>
<status status="PASS" starttime="20220116 22:46:37.135" endtime="20220116 22:46:37.300"/>
</kw>
<status status="PASS" starttime="20220116 22:46:37.134" endtime="20220116 22:46:37.300"/>
</kw>
<kw name="List Should Be Sorted In Order" library="table_resource">
<arg>${header}</arg>
<arg>${order}</arg>
<arg>${name}</arg>
<kw name="Element Attribute Value Should Be" library="Selenium2Library">
<arg>//a[contains(text(),'${name}')]</arg>
<arg>href</arg>
<arg>https://computer-database.gatling.io/computers?p=0&amp;n=10&amp;s=${header}&amp;d=${order}</arg>
<doc>Verifies element identified by ``locator`` contains expected attribute value.</doc>
<msg timestamp="20220116 22:46:37.352" level="INFO">Element '//a[contains(text(),'Computer name')]' attribute 'href' contains value 'https://computer-database.gatling.io/computers?p=0&amp;n=10&amp;s=name&amp;d=desc'.</msg>
<status status="PASS" starttime="20220116 22:46:37.302" endtime="20220116 22:46:37.353"/>
</kw>
<status status="PASS" starttime="20220116 22:46:37.301" endtime="20220116 22:46:37.353"/>
</kw>
<status status="PASS" starttime="20220116 22:46:37.133" endtime="20220116 22:46:37.354"/>
</kw>
<status status="PASS" starttime="20220116 22:46:37.132" endtime="20220116 22:46:37.354"/>
</test>
<test id="s1-t3" name="Introduced Descending">
<kw name="Sort Order">
<arg>introduced</arg>
<arg>desc</arg>
<arg>Introduced</arg>
<kw name="Click Header" library="table_resource">
<arg>${name}</arg>
<kw name="Click Link" library="Selenium2Library">
<arg>//a[contains(text(),'${name}')]</arg>
<doc>Clicks a link identified by ``locator``.</doc>
<msg timestamp="20220116 22:46:37.362" level="INFO">Clicking link '//a[contains(text(),'Introduced')]'.</msg>
<status status="PASS" starttime="20220116 22:46:37.361" endtime="20220116 22:46:37.566"/>
</kw>
<status status="PASS" starttime="20220116 22:46:37.360" endtime="20220116 22:46:37.566"/>
</kw>
<kw name="List Should Be Sorted In Order" library="table_resource">
<arg>${header}</arg>
<arg>${order}</arg>
<arg>${name}</arg>
<kw name="Element Attribute Value Should Be" library="Selenium2Library">
<arg>//a[contains(text(),'${name}')]</arg>
<arg>href</arg>
<arg>https://computer-database.gatling.io/computers?p=0&amp;n=10&amp;s=${header}&amp;d=${order}</arg>
<doc>Verifies element identified by ``locator`` contains expected attribute value.</doc>
<msg timestamp="20220116 22:46:37.593" level="INFO">Element '//a[contains(text(),'Introduced')]' attribute 'href' contains value 'https://computer-database.gatling.io/computers?p=0&amp;n=10&amp;s=introduced&amp;d=desc'.</msg>
<status status="PASS" starttime="20220116 22:46:37.568" endtime="20220116 22:46:37.594"/>
</kw>
<status status="PASS" starttime="20220116 22:46:37.566" endtime="20220116 22:46:37.594"/>
</kw>
<status status="PASS" starttime="20220116 22:46:37.359" endtime="20220116 22:46:37.594"/>
</kw>
<status status="PASS" starttime="20220116 22:46:37.356" endtime="20220116 22:46:37.595"/>
</test>
<test id="s1-t4" name="Introduced Ascending">
<kw name="Sort Order">
<arg>introduced</arg>
<arg>asc</arg>
<arg>Introduced</arg>
<kw name="Click Header" library="table_resource">
<arg>${name}</arg>
<kw name="Click Link" library="Selenium2Library">
<arg>//a[contains(text(),'${name}')]</arg>
<doc>Clicks a link identified by ``locator``.</doc>
<msg timestamp="20220116 22:46:37.601" level="INFO">Clicking link '//a[contains(text(),'Introduced')]'.</msg>
<status status="PASS" starttime="20220116 22:46:37.601" endtime="20220116 22:46:37.818"/>
</kw>
<status status="PASS" starttime="20220116 22:46:37.600" endtime="20220116 22:46:37.818"/>
</kw>
<kw name="List Should Be Sorted In Order" library="table_resource">
<arg>${header}</arg>
<arg>${order}</arg>
<arg>${name}</arg>
<kw name="Element Attribute Value Should Be" library="Selenium2Library">
<arg>//a[contains(text(),'${name}')]</arg>
<arg>href</arg>
<arg>https://computer-database.gatling.io/computers?p=0&amp;n=10&amp;s=${header}&amp;d=${order}</arg>
<doc>Verifies element identified by ``locator`` contains expected attribute value.</doc>
<msg timestamp="20220116 22:46:37.862" level="INFO">Element '//a[contains(text(),'Introduced')]' attribute 'href' contains value 'https://computer-database.gatling.io/computers?p=0&amp;n=10&amp;s=introduced&amp;d=asc'.</msg>
<status status="PASS" starttime="20220116 22:46:37.820" endtime="20220116 22:46:37.863"/>
</kw>
<status status="PASS" starttime="20220116 22:46:37.818" endtime="20220116 22:46:37.863"/>
</kw>
<status status="PASS" starttime="20220116 22:46:37.599" endtime="20220116 22:46:37.863"/>
</kw>
<status status="PASS" starttime="20220116 22:46:37.597" endtime="20220116 22:46:37.864"/>
</test>
<test id="s1-t5" name="Discontinued Ascending">
<kw name="Sort Order">
<arg>discontinued</arg>
<arg>asc</arg>
<arg>Discontinued</arg>
<kw name="Click Header" library="table_resource">
<arg>${name}</arg>
<kw name="Click Link" library="Selenium2Library">
<arg>//a[contains(text(),'${name}')]</arg>
<doc>Clicks a link identified by ``locator``.</doc>
<msg timestamp="20220116 22:46:37.871" level="INFO">Clicking link '//a[contains(text(),'Discontinued')]'.</msg>
<status status="PASS" starttime="20220116 22:46:37.870" endtime="20220116 22:46:38.054"/>
</kw>
<status status="PASS" starttime="20220116 22:46:37.869" endtime="20220116 22:46:38.055"/>
</kw>
<kw name="List Should Be Sorted In Order" library="table_resource">
<arg>${header}</arg>
<arg>${order}</arg>
<arg>${name}</arg>
<kw name="Element Attribute Value Should Be" library="Selenium2Library">
<arg>//a[contains(text(),'${name}')]</arg>
<arg>href</arg>
<arg>https://computer-database.gatling.io/computers?p=0&amp;n=10&amp;s=${header}&amp;d=${order}</arg>
<doc>Verifies element identified by ``locator`` contains expected attribute value.</doc>
<msg timestamp="20220116 22:46:38.106" level="INFO">Element '//a[contains(text(),'Discontinued')]' attribute 'href' contains value 'https://computer-database.gatling.io/computers?p=0&amp;n=10&amp;s=discontinued&amp;d=asc'.</msg>
<status status="PASS" starttime="20220116 22:46:38.059" endtime="20220116 22:46:38.106"/>
</kw>
<status status="PASS" starttime="20220116 22:46:38.055" endtime="20220116 22:46:38.106"/>
</kw>
<status status="PASS" starttime="20220116 22:46:37.867" endtime="20220116 22:46:38.107"/>
</kw>
<status status="PASS" starttime="20220116 22:46:37.866" endtime="20220116 22:46:38.108"/>
</test>
<test id="s1-t6" name="Discontinued Descending">
<kw name="Sort Order">
<arg>discontinued</arg>
<arg>desc</arg>
<arg>Discontinued</arg>
<kw name="Click Header" library="table_resource">
<arg>${name}</arg>
<kw name="Click Link" library="Selenium2Library">
<arg>//a[contains(text(),'${name}')]</arg>
<doc>Clicks a link identified by ``locator``.</doc>
<msg timestamp="20220116 22:46:38.113" level="INFO">Clicking link '//a[contains(text(),'Discontinued')]'.</msg>
<status status="PASS" starttime="20220116 22:46:38.112" endtime="20220116 22:46:38.284"/>
</kw>
<status status="PASS" starttime="20220116 22:46:38.111" endtime="20220116 22:46:38.285"/>
</kw>
<kw name="List Should Be Sorted In Order" library="table_resource">
<arg>${header}</arg>
<arg>${order}</arg>
<arg>${name}</arg>
<kw name="Element Attribute Value Should Be" library="Selenium2Library">
<arg>//a[contains(text(),'${name}')]</arg>
<arg>href</arg>
<arg>https://computer-database.gatling.io/computers?p=0&amp;n=10&amp;s=${header}&amp;d=${order}</arg>
<doc>Verifies element identified by ``locator`` contains expected attribute value.</doc>
<msg timestamp="20220116 22:46:38.339" level="INFO">Element '//a[contains(text(),'Discontinued')]' attribute 'href' contains value 'https://computer-database.gatling.io/computers?p=0&amp;n=10&amp;s=discontinued&amp;d=desc'.</msg>
<status status="PASS" starttime="20220116 22:46:38.286" endtime="20220116 22:46:38.339"/>
</kw>
<status status="PASS" starttime="20220116 22:46:38.285" endtime="20220116 22:46:38.339"/>
</kw>
<status status="PASS" starttime="20220116 22:46:38.111" endtime="20220116 22:46:38.339"/>
</kw>
<status status="PASS" starttime="20220116 22:46:38.109" endtime="20220116 22:46:38.341"/>
</test>
<test id="s1-t7" name="Company Name Descending">
<kw name="Sort Order">
<arg>companyName</arg>
<arg>desc</arg>
<arg>Company</arg>
<kw name="Click Header" library="table_resource">
<arg>${name}</arg>
<kw name="Click Link" library="Selenium2Library">
<arg>//a[contains(text(),'${name}')]</arg>
<doc>Clicks a link identified by ``locator``.</doc>
<msg timestamp="20220116 22:46:38.351" level="INFO">Clicking link '//a[contains(text(),'Company')]'.</msg>
<status status="PASS" starttime="20220116 22:46:38.351" endtime="20220116 22:46:38.564"/>
</kw>
<status status="PASS" starttime="20220116 22:46:38.349" endtime="20220116 22:46:38.565"/>
</kw>
<kw name="List Should Be Sorted In Order" library="table_resource">
<arg>${header}</arg>
<arg>${order}</arg>
<arg>${name}</arg>
<kw name="Element Attribute Value Should Be" library="Selenium2Library">
<arg>//a[contains(text(),'${name}')]</arg>
<arg>href</arg>
<arg>https://computer-database.gatling.io/computers?p=0&amp;n=10&amp;s=${header}&amp;d=${order}</arg>
<doc>Verifies element identified by ``locator`` contains expected attribute value.</doc>
<msg timestamp="20220116 22:46:38.598" level="INFO">Element '//a[contains(text(),'Company')]' attribute 'href' contains value 'https://computer-database.gatling.io/computers?p=0&amp;n=10&amp;s=companyName&amp;d=desc'.</msg>
<status status="PASS" starttime="20220116 22:46:38.566" endtime="20220116 22:46:38.598"/>
</kw>
<status status="PASS" starttime="20220116 22:46:38.565" endtime="20220116 22:46:38.599"/>
</kw>
<status status="PASS" starttime="20220116 22:46:38.348" endtime="20220116 22:46:38.599"/>
</kw>
<status status="PASS" starttime="20220116 22:46:38.346" endtime="20220116 22:46:38.600"/>
</test>
<test id="s1-t8" name="Company Name Ascending">
<kw name="Sort Order">
<arg>companyName</arg>
<arg>asc</arg>
<arg>Company</arg>
<kw name="Click Header" library="table_resource">
<arg>${name}</arg>
<kw name="Click Link" library="Selenium2Library">
<arg>//a[contains(text(),'${name}')]</arg>
<doc>Clicks a link identified by ``locator``.</doc>
<msg timestamp="20220116 22:46:38.606" level="INFO">Clicking link '//a[contains(text(),'Company')]'.</msg>
<status status="PASS" starttime="20220116 22:46:38.605" endtime="20220116 22:46:38.765"/>
</kw>
<status status="PASS" starttime="20220116 22:46:38.604" endtime="20220116 22:46:38.765"/>
</kw>
<kw name="List Should Be Sorted In Order" library="table_resource">
<arg>${header}</arg>
<arg>${order}</arg>
<arg>${name}</arg>
<kw name="Element Attribute Value Should Be" library="Selenium2Library">
<arg>//a[contains(text(),'${name}')]</arg>
<arg>href</arg>
<arg>https://computer-database.gatling.io/computers?p=0&amp;n=10&amp;s=${header}&amp;d=${order}</arg>
<doc>Verifies element identified by ``locator`` contains expected attribute value.</doc>
<msg timestamp="20220116 22:46:38.799" level="INFO">Element '//a[contains(text(),'Company')]' attribute 'href' contains value 'https://computer-database.gatling.io/computers?p=0&amp;n=10&amp;s=companyName&amp;d=asc'.</msg>
<status status="PASS" starttime="20220116 22:46:38.767" endtime="20220116 22:46:38.800"/>
</kw>
<status status="PASS" starttime="20220116 22:46:38.765" endtime="20220116 22:46:38.800"/>
</kw>
<status status="PASS" starttime="20220116 22:46:38.603" endtime="20220116 22:46:38.801"/>
</kw>
<status status="PASS" starttime="20220116 22:46:38.602" endtime="20220116 22:46:38.802"/>
</test>
<kw name="Close Browser" library="Selenium2Library" type="TEARDOWN">
<doc>Closes the current browser.</doc>
<status status="PASS" starttime="20220116 22:46:38.805" endtime="20220116 22:46:41.272"/>
</kw>
<doc>A test suite for Sort order</doc>
<status status="PASS" starttime="20220116 22:46:34.478" endtime="20220116 22:46:41.272"/>
</suite>
<statistics>
<total>
<stat pass="8" fail="0" skip="0">All Tests</stat>
</total>
<tag>
</tag>
<suite>
<stat pass="8" fail="0" skip="0" id="s1" name="Sort Order Test">Sort Order Test</stat>
</suite>
</statistics>
<errors>
</errors>
</robot>
