<?xml version="1.0" encoding="UTF-8"?>
<robot generator="Robot 4.1.3 (Python 3.8.0 on win32)" generated="20220121 00:07:44.957" rpa="false" schemaversion="2">
<suite id="s1" name="LinkedIn TheApp TestSuite" source="C:\Users\Bonnie\Documents\Projects\test-automation-practices\appium_tests\LinkedIn_TheApp_TestSuite">
<suite id="s1-s1" name="Clipboard Tests" source="C:\Users\Bonnie\Documents\Projects\test-automation-practices\appium_tests\LinkedIn_TheApp_TestSuite\clipboard_tests.robot">
<test id="s1-s1-t1" name="Set Clipboard Text">
<kw name="Run Keywords" library="BuiltIn" type="SETUP">
<arg>Open Android Application</arg>
<arg>AND</arg>
<arg>Go To Clipboard Demo</arg>
<doc>Executes all the given keywords in a sequence.</doc>
<kw name="Open Android Application" library="resource">
<kw name="Open Application" library="AppiumLibrary">
<arg>http://127.0.0.1:4723/wd/hub</arg>
<arg>automationName=${ANDROID_AUTOMATION_NAME}</arg>
<arg>app=${ANDROID_APP}</arg>
<arg>platformName=${ANDROID_PLATFORM_NAME}</arg>
<arg>platformVersion=${ANDROID_PLATFORM_VERSION}</arg>
<arg>appPackage=${ANDROID_APP_PACKAGE}</arg>
<arg>deviceName=${ANDROID_DEVICE_NAME}</arg>
<doc>Opens a new application to given Appium server.
Capabilities of appium server, Android and iOS,
Please check https://github.com/appium/appium/blob/master/docs/en/writing-running-appium/server-args.md
| *Option*            | *Man.* | *Description*     |
| remote_url          | Yes    | Appium server url |
| alias               | no     | alias             |</doc>
<status status="PASS" starttime="20220121 00:07:45.407" endtime="20220121 00:08:03.644"/>
</kw>
<status status="PASS" starttime="20220121 00:07:45.406" endtime="20220121 00:08:03.645"/>
</kw>
<kw name="Go To Clipboard Demo">
<kw name="Wait Until Page Contains Element" library="AppiumLibrary">
<arg>accessibility_id=Clipboard Demo</arg>
<arg>timeout=10 seconds</arg>
<doc>Waits until element specified with `locator` appears on current page.</doc>
<status status="PASS" starttime="20220121 00:08:03.646" endtime="20220121 00:08:06.391"/>
</kw>
<kw name="Click Element" library="AppiumLibrary">
<arg>accessibility_id=Clipboard Demo</arg>
<doc>Click element identified by `locator`.</doc>
<msg timestamp="20220121 00:08:06.398" level="INFO">Clicking element 'accessibility_id=Clipboard Demo'.</msg>
<status status="PASS" starttime="20220121 00:08:06.392" endtime="20220121 00:08:06.670"/>
</kw>
<status status="PASS" starttime="20220121 00:08:03.645" endtime="20220121 00:08:06.670"/>
</kw>
<status status="PASS" starttime="20220121 00:07:45.405" endtime="20220121 00:08:06.670"/>
</kw>
<kw name="Enter Clipboard Text">
<arg>foo</arg>
<kw name="Wait Until Page Contains" library="AppiumLibrary">
<arg>Here's the clipboard text:</arg>
<arg>timeout=10 seconds</arg>
<doc>Waits until `text` appears on current page.</doc>
<status status="PASS" starttime="20220121 00:08:06.673" endtime="20220121 00:08:07.918"/>
</kw>
<kw name="Input Text" library="AppiumLibrary">
<arg>accessibility_id=messageInput</arg>
<arg>${text}</arg>
<doc>Types the given `text` into text field identified by `locator`.</doc>
<msg timestamp="20220121 00:08:07.924" level="INFO">Typing text 'foo' into text field 'accessibility_id=messageInput'</msg>
<status status="PASS" starttime="20220121 00:08:07.918" endtime="20220121 00:08:08.552"/>
</kw>
<status status="PASS" starttime="20220121 00:08:06.672" endtime="20220121 00:08:08.553"/>
</kw>
<kw name="Click Set Button">
<kw name="Click Element" library="AppiumLibrary">
<arg>//android.view.ViewGroup[@content-desc="setClipboardText"]</arg>
<doc>Click element identified by `locator`.</doc>
<msg timestamp="20220121 00:08:08.561" level="INFO">Clicking element '//android.view.ViewGroup[@content-desc="setClipboardText"]'.</msg>
<status status="PASS" starttime="20220121 00:08:08.555" endtime="20220121 00:08:09.418"/>
</kw>
<status status="PASS" starttime="20220121 00:08:08.554" endtime="20220121 00:08:09.418"/>
</kw>
<kw name="Input Text Should Be Visible">
<arg>foo</arg>
<kw name="Element Should Contain Text" library="AppiumLibrary">
<arg>accessibility_id=messageInput</arg>
<arg>${text}</arg>
<doc>Verifies element identified by ``locator`` contains text ``expected``.</doc>
<msg timestamp="20220121 00:08:09.429" level="INFO">Verifying element 'accessibility_id=messageInput' contains text 'foo'.</msg>
<status status="PASS" starttime="20220121 00:08:09.420" endtime="20220121 00:08:09.553"/>
</kw>
<status status="PASS" starttime="20220121 00:08:09.419" endtime="20220121 00:08:09.554"/>
</kw>
<kw name="Close Application" library="AppiumLibrary" type="TEARDOWN">
<doc>Closes the current application and also close webdriver session.</doc>
<status status="PASS" starttime="20220121 00:08:09.555" endtime="20220121 00:08:11.868"/>
</kw>
<status status="PASS" starttime="20220121 00:07:45.404" endtime="20220121 00:08:11.870"/>
</test>
<test id="s1-s1-t2" name="Set Empty Clipboard">
<kw name="Run Keywords" library="BuiltIn" type="SETUP">
<arg>Open Android Application</arg>
<arg>AND</arg>
<arg>Go To Clipboard Demo</arg>
<doc>Executes all the given keywords in a sequence.</doc>
<kw name="Open Android Application" library="resource">
<kw name="Open Application" library="AppiumLibrary">
<arg>http://127.0.0.1:4723/wd/hub</arg>
<arg>automationName=${ANDROID_AUTOMATION_NAME}</arg>
<arg>app=${ANDROID_APP}</arg>
<arg>platformName=${ANDROID_PLATFORM_NAME}</arg>
<arg>platformVersion=${ANDROID_PLATFORM_VERSION}</arg>
<arg>appPackage=${ANDROID_APP_PACKAGE}</arg>
<arg>deviceName=${ANDROID_DEVICE_NAME}</arg>
<doc>Opens a new application to given Appium server.
Capabilities of appium server, Android and iOS,
Please check https://github.com/appium/appium/blob/master/docs/en/writing-running-appium/server-args.md
| *Option*            | *Man.* | *Description*     |
| remote_url          | Yes    | Appium server url |
| alias               | no     | alias             |</doc>
<status status="PASS" starttime="20220121 00:08:11.874" endtime="20220121 00:08:29.962"/>
</kw>
<status status="PASS" starttime="20220121 00:08:11.874" endtime="20220121 00:08:29.962"/>
</kw>
<kw name="Go To Clipboard Demo">
<kw name="Wait Until Page Contains Element" library="AppiumLibrary">
<arg>accessibility_id=Clipboard Demo</arg>
<arg>timeout=10 seconds</arg>
<doc>Waits until element specified with `locator` appears on current page.</doc>
<status status="PASS" starttime="20220121 00:08:29.963" endtime="20220121 00:08:32.531"/>
</kw>
<kw name="Click Element" library="AppiumLibrary">
<arg>accessibility_id=Clipboard Demo</arg>
<doc>Click element identified by `locator`.</doc>
<msg timestamp="20220121 00:08:32.536" level="INFO">Clicking element 'accessibility_id=Clipboard Demo'.</msg>
<status status="PASS" starttime="20220121 00:08:32.532" endtime="20220121 00:08:32.701"/>
</kw>
<status status="PASS" starttime="20220121 00:08:29.962" endtime="20220121 00:08:32.702"/>
</kw>
<status status="PASS" starttime="20220121 00:08:11.873" endtime="20220121 00:08:32.702"/>
</kw>
<kw name="Enter Clipboard Text">
<arg>${EMPTY}</arg>
<kw name="Wait Until Page Contains" library="AppiumLibrary">
<arg>Here's the clipboard text:</arg>
<arg>timeout=10 seconds</arg>
<doc>Waits until `text` appears on current page.</doc>
<status status="PASS" starttime="20220121 00:08:32.706" endtime="20220121 00:08:33.911"/>
</kw>
<kw name="Input Text" library="AppiumLibrary">
<arg>accessibility_id=messageInput</arg>
<arg>${text}</arg>
<doc>Types the given `text` into text field identified by `locator`.</doc>
<msg timestamp="20220121 00:08:33.915" level="INFO">Typing text '' into text field 'accessibility_id=messageInput'</msg>
<status status="PASS" starttime="20220121 00:08:33.911" endtime="20220121 00:08:34.046"/>
</kw>
<status status="PASS" starttime="20220121 00:08:32.703" endtime="20220121 00:08:34.046"/>
</kw>
<kw name="Click Set Button">
<kw name="Click Element" library="AppiumLibrary">
<arg>//android.view.ViewGroup[@content-desc="setClipboardText"]</arg>
<doc>Click element identified by `locator`.</doc>
<msg timestamp="20220121 00:08:34.053" level="INFO">Clicking element '//android.view.ViewGroup[@content-desc="setClipboardText"]'.</msg>
<status status="PASS" starttime="20220121 00:08:34.049" endtime="20220121 00:08:35.003"/>
</kw>
<status status="PASS" starttime="20220121 00:08:34.048" endtime="20220121 00:08:35.004"/>
</kw>
<kw name="Enter Text Should Be Visible">
<kw name="Element Should Contain Text" library="AppiumLibrary">
<arg>accessibility_id=messageInput</arg>
<arg>Enter text</arg>
<doc>Verifies element identified by ``locator`` contains text ``expected``.</doc>
<msg timestamp="20220121 00:08:35.010" level="INFO">Verifying element 'accessibility_id=messageInput' contains text 'Enter text'.</msg>
<status status="PASS" starttime="20220121 00:08:35.005" endtime="20220121 00:08:35.130"/>
</kw>
<status status="PASS" starttime="20220121 00:08:35.004" endtime="20220121 00:08:35.131"/>
</kw>
<kw name="Close Application" library="AppiumLibrary" type="TEARDOWN">
<doc>Closes the current application and also close webdriver session.</doc>
<status status="PASS" starttime="20220121 00:08:35.132" endtime="20220121 00:08:37.477"/>
</kw>
<status status="PASS" starttime="20220121 00:08:11.872" endtime="20220121 00:08:37.478"/>
</test>
<test id="s1-s1-t3" name="Refresh Clipboard Text">
<kw name="Run Keywords" library="BuiltIn" type="SETUP">
<arg>Open Android Application</arg>
<arg>AND</arg>
<arg>Go To Clipboard Demo</arg>
<doc>Executes all the given keywords in a sequence.</doc>
<kw name="Open Android Application" library="resource">
<kw name="Open Application" library="AppiumLibrary">
<arg>http://127.0.0.1:4723/wd/hub</arg>
<arg>automationName=${ANDROID_AUTOMATION_NAME}</arg>
<arg>app=${ANDROID_APP}</arg>
<arg>platformName=${ANDROID_PLATFORM_NAME}</arg>
<arg>platformVersion=${ANDROID_PLATFORM_VERSION}</arg>
<arg>appPackage=${ANDROID_APP_PACKAGE}</arg>
<arg>deviceName=${ANDROID_DEVICE_NAME}</arg>
<doc>Opens a new application to given Appium server.
Capabilities of appium server, Android and iOS,
Please check https://github.com/appium/appium/blob/master/docs/en/writing-running-appium/server-args.md
| *Option*            | *Man.* | *Description*     |
| remote_url          | Yes    | Appium server url |
| alias               | no     | alias             |</doc>
<status status="PASS" starttime="20220121 00:08:37.483" endtime="20220121 00:08:53.497"/>
</kw>
<status status="PASS" starttime="20220121 00:08:37.482" endtime="20220121 00:08:53.498"/>
</kw>
<kw name="Go To Clipboard Demo">
<kw name="Wait Until Page Contains Element" library="AppiumLibrary">
<arg>accessibility_id=Clipboard Demo</arg>
<arg>timeout=10 seconds</arg>
<doc>Waits until element specified with `locator` appears on current page.</doc>
<status status="PASS" starttime="20220121 00:08:53.498" endtime="20220121 00:08:56.024"/>
</kw>
<kw name="Click Element" library="AppiumLibrary">
<arg>accessibility_id=Clipboard Demo</arg>
<doc>Click element identified by `locator`.</doc>
<msg timestamp="20220121 00:08:56.033" level="INFO">Clicking element 'accessibility_id=Clipboard Demo'.</msg>
<status status="PASS" starttime="20220121 00:08:56.024" endtime="20220121 00:08:56.248"/>
</kw>
<status status="PASS" starttime="20220121 00:08:53.498" endtime="20220121 00:08:56.249"/>
</kw>
<status status="PASS" starttime="20220121 00:08:37.482" endtime="20220121 00:08:56.249"/>
</kw>
<kw name="Enter Clipboard Text">
<arg>Test</arg>
<kw name="Wait Until Page Contains" library="AppiumLibrary">
<arg>Here's the clipboard text:</arg>
<arg>timeout=10 seconds</arg>
<doc>Waits until `text` appears on current page.</doc>
<status status="PASS" starttime="20220121 00:08:56.251" endtime="20220121 00:08:57.484"/>
</kw>
<kw name="Input Text" library="AppiumLibrary">
<arg>accessibility_id=messageInput</arg>
<arg>${text}</arg>
<doc>Types the given `text` into text field identified by `locator`.</doc>
<msg timestamp="20220121 00:08:57.489" level="INFO">Typing text 'Test' into text field 'accessibility_id=messageInput'</msg>
<status status="PASS" starttime="20220121 00:08:57.484" endtime="20220121 00:08:57.624"/>
</kw>
<status status="PASS" starttime="20220121 00:08:56.250" endtime="20220121 00:08:57.625"/>
</kw>
<kw name="Click Set Button">
<kw name="Click Element" library="AppiumLibrary">
<arg>//android.view.ViewGroup[@content-desc="setClipboardText"]</arg>
<doc>Click element identified by `locator`.</doc>
<msg timestamp="20220121 00:08:57.637" level="INFO">Clicking element '//android.view.ViewGroup[@content-desc="setClipboardText"]'.</msg>
<status status="PASS" starttime="20220121 00:08:57.627" endtime="20220121 00:08:58.534"/>
</kw>
<status status="PASS" starttime="20220121 00:08:57.626" endtime="20220121 00:08:58.535"/>
</kw>
<kw name="Click Refresh Button">
<kw name="Click Element" library="AppiumLibrary">
<arg>//android.view.ViewGroup[@content-desc="refreshClipboardText"]</arg>
<doc>Click element identified by `locator`.</doc>
<msg timestamp="20220121 00:08:58.544" level="INFO">Clicking element '//android.view.ViewGroup[@content-desc="refreshClipboardText"]'.</msg>
<status status="PASS" starttime="20220121 00:08:58.539" endtime="20220121 00:08:58.889"/>
</kw>
<status status="PASS" starttime="20220121 00:08:58.538" endtime="20220121 00:08:58.890"/>
</kw>
<kw name="Clipboard Should Display Text">
<arg>Test</arg>
<kw name="Wait Until Page Contains Element" library="AppiumLibrary">
<arg>accessibility_id=${text}</arg>
<doc>Waits until element specified with `locator` appears on current page.</doc>
<status status="PASS" starttime="20220121 00:08:58.895" endtime="20220121 00:08:58.968"/>
</kw>
<kw name="Element Should Be Visible" library="AppiumLibrary">
<arg>accessibility_id=${text}</arg>
<doc>Verifies that element identified with locator is visible.</doc>
<status status="PASS" starttime="20220121 00:08:58.969" endtime="20220121 00:08:59.567"/>
</kw>
<status status="PASS" starttime="20220121 00:08:58.893" endtime="20220121 00:08:59.567"/>
</kw>
<kw name="Close Application" library="AppiumLibrary" type="TEARDOWN">
<doc>Closes the current application and also close webdriver session.</doc>
<status status="PASS" starttime="20220121 00:08:59.569" endtime="20220121 00:09:01.514"/>
</kw>
<status status="PASS" starttime="20220121 00:08:37.480" endtime="20220121 00:09:01.515"/>
</test>
<doc>test cases for the clipboard</doc>
<status status="PASS" starttime="20220121 00:07:45.030" endtime="20220121 00:09:01.518"/>
</suite>
<suite id="s1-s2" name="Date Picker Tests" source="C:\Users\Bonnie\Documents\Projects\test-automation-practices\appium_tests\LinkedIn_TheApp_TestSuite\date_picker_tests.robot">
<test id="s1-s2-t1" name="Select A Date">
<kw name="Run Keywords" library="BuiltIn" type="SETUP">
<arg>Open Android Application</arg>
<arg>AND</arg>
<arg>Go To Picker Demo</arg>
<doc>Executes all the given keywords in a sequence.</doc>
<kw name="Open Android Application" library="resource">
<kw name="Open Application" library="AppiumLibrary">
<arg>http://127.0.0.1:4723/wd/hub</arg>
<arg>automationName=${ANDROID_AUTOMATION_NAME}</arg>
<arg>app=${ANDROID_APP}</arg>
<arg>platformName=${ANDROID_PLATFORM_NAME}</arg>
<arg>platformVersion=${ANDROID_PLATFORM_VERSION}</arg>
<arg>appPackage=${ANDROID_APP_PACKAGE}</arg>
<arg>deviceName=${ANDROID_DEVICE_NAME}</arg>
<doc>Opens a new application to given Appium server.
Capabilities of appium server, Android and iOS,
Please check https://github.com/appium/appium/blob/master/docs/en/writing-running-appium/server-args.md
| *Option*            | *Man.* | *Description*     |
| remote_url          | Yes    | Appium server url |
| alias               | no     | alias             |</doc>
<status status="PASS" starttime="20220121 00:09:01.541" endtime="20220121 00:09:18.423"/>
</kw>
<status status="PASS" starttime="20220121 00:09:01.540" endtime="20220121 00:09:18.423"/>
</kw>
<kw name="Go To Picker Demo">
<kw name="Wait Until Page Contains Element" library="AppiumLibrary">
<arg>accessibility_id=Picker Demo</arg>
<arg>timeout=10 seconds</arg>
<doc>Waits until element specified with `locator` appears on current page.</doc>
<status status="PASS" starttime="20220121 00:09:18.425" endtime="20220121 00:09:20.492"/>
</kw>
<kw name="Click Element" library="AppiumLibrary">
<arg>accessibility_id=Picker Demo</arg>
<doc>Click element identified by `locator`.</doc>
<msg timestamp="20220121 00:09:20.497" level="INFO">Clicking element 'accessibility_id=Picker Demo'.</msg>
<status status="PASS" starttime="20220121 00:09:20.493" endtime="20220121 00:09:21.108"/>
</kw>
<status status="PASS" starttime="20220121 00:09:18.424" endtime="20220121 00:09:21.109"/>
</kw>
<status status="PASS" starttime="20220121 00:09:01.540" endtime="20220121 00:09:21.109"/>
</kw>
<kw name="Select A Month">
<kw name="Wait Until Page Contains Element" library="AppiumLibrary">
<arg>accessibility_id=monthPicker</arg>
<arg>timeout=10 seconds</arg>
<doc>Waits until element specified with `locator` appears on current page.</doc>
<status status="PASS" starttime="20220121 00:09:21.111" endtime="20220121 00:09:21.660"/>
</kw>
<kw name="Click Element" library="AppiumLibrary">
<arg>accessibility_id=monthPicker</arg>
<doc>Click element identified by `locator`.</doc>
<msg timestamp="20220121 00:09:21.665" level="INFO">Clicking element 'accessibility_id=monthPicker'.</msg>
<status status="PASS" starttime="20220121 00:09:21.660" endtime="20220121 00:09:22.324"/>
</kw>
<kw name="Click Element" library="AppiumLibrary">
<arg>//android.widget.CheckedTextView[9]</arg>
<doc>Click element identified by `locator`.</doc>
<msg timestamp="20220121 00:09:22.332" level="INFO">Clicking element '//android.widget.CheckedTextView[9]'.</msg>
<status status="PASS" starttime="20220121 00:09:22.325" endtime="20220121 00:09:24.404"/>
</kw>
<status status="PASS" starttime="20220121 00:09:21.110" endtime="20220121 00:09:24.404"/>
</kw>
<kw name="Select A Day">
<kw name="Click Element" library="AppiumLibrary">
<arg>accessibility_id=dayPicker</arg>
<doc>Click element identified by `locator`.</doc>
<msg timestamp="20220121 00:09:24.410" level="INFO">Clicking element 'accessibility_id=dayPicker'.</msg>
<status status="PASS" starttime="20220121 00:09:24.406" endtime="20220121 00:09:24.561"/>
</kw>
<kw name="Click Element" library="AppiumLibrary">
<arg>//android.widget.CheckedTextView[8]</arg>
<doc>Click element identified by `locator`.</doc>
<msg timestamp="20220121 00:09:24.568" level="INFO">Clicking element '//android.widget.CheckedTextView[8]'.</msg>
<status status="PASS" starttime="20220121 00:09:24.562" endtime="20220121 00:09:26.273"/>
</kw>
<status status="PASS" starttime="20220121 00:09:24.405" endtime="20220121 00:09:26.273"/>
</kw>
<kw name="Click Learn More Button">
<kw name="Click Element" library="AppiumLibrary">
<arg>//android.view.ViewGroup[@content-desc="learnMore"]</arg>
<doc>Click element identified by `locator`.</doc>
<msg timestamp="20220121 00:09:26.278" level="INFO">Clicking element '//android.view.ViewGroup[@content-desc="learnMore"]'.</msg>
<status status="PASS" starttime="20220121 00:09:26.275" endtime="20220121 00:09:26.520"/>
</kw>
<status status="PASS" starttime="20220121 00:09:26.274" endtime="20220121 00:09:26.521"/>
</kw>
<kw name="On This Day Notice Appears">
<kw name="Wait Until Page Contains Element" library="AppiumLibrary">
<arg>id=android:id/alertTitle</arg>
<arg>timeout=10 seconds</arg>
<doc>Waits until element specified with `locator` appears on current page.</doc>
<status status="PASS" starttime="20220121 00:09:26.523" endtime="20220121 00:09:27.894"/>
</kw>
<kw name="Element Should Be Enabled" library="AppiumLibrary">
<arg>id=android:id/alertTitle</arg>
<doc>Verifies that element identified with locator is enabled.</doc>
<msg timestamp="20220121 00:09:27.963" level="INFO">Element 'id=android:id/alertTitle' is enabled .</msg>
<status status="PASS" starttime="20220121 00:09:27.894" endtime="20220121 00:09:27.963"/>
</kw>
<status status="PASS" starttime="20220121 00:09:26.522" endtime="20220121 00:09:27.964"/>
</kw>
<kw name="Close Application" library="AppiumLibrary" type="TEARDOWN">
<doc>Closes the current application and also close webdriver session.</doc>
<status status="PASS" starttime="20220121 00:09:27.965" endtime="20220121 00:09:29.609"/>
</kw>
<status status="PASS" starttime="20220121 00:09:01.539" endtime="20220121 00:09:29.610"/>
</test>
<doc>test cases for the Picker demo</doc>
<status status="PASS" starttime="20220121 00:09:01.522" endtime="20220121 00:09:29.614"/>
</suite>
<suite id="s1-s3" name="Echo Box Tests" source="C:\Users\Bonnie\Documents\Projects\test-automation-practices\appium_tests\LinkedIn_TheApp_TestSuite\echo_box_tests.robot">
<test id="s1-s3-t1" name="Echo Box Returns Same Text Entered">
<kw name="Run Keywords" library="BuiltIn" type="SETUP">
<arg>Open Android Application</arg>
<arg>AND</arg>
<arg>Go To Echo Box</arg>
<doc>Executes all the given keywords in a sequence.</doc>
<kw name="Open Android Application" library="resource">
<kw name="Open Application" library="AppiumLibrary">
<arg>http://127.0.0.1:4723/wd/hub</arg>
<arg>automationName=${ANDROID_AUTOMATION_NAME}</arg>
<arg>app=${ANDROID_APP}</arg>
<arg>platformName=${ANDROID_PLATFORM_NAME}</arg>
<arg>platformVersion=${ANDROID_PLATFORM_VERSION}</arg>
<arg>appPackage=${ANDROID_APP_PACKAGE}</arg>
<arg>deviceName=${ANDROID_DEVICE_NAME}</arg>
<doc>Opens a new application to given Appium server.
Capabilities of appium server, Android and iOS,
Please check https://github.com/appium/appium/blob/master/docs/en/writing-running-appium/server-args.md
| *Option*            | *Man.* | *Description*     |
| remote_url          | Yes    | Appium server url |
| alias               | no     | alias             |</doc>
<status status="PASS" starttime="20220121 00:09:29.637" endtime="20220121 00:09:46.364"/>
</kw>
<status status="PASS" starttime="20220121 00:09:29.636" endtime="20220121 00:09:46.365"/>
</kw>
<kw name="Go To Echo Box">
<kw name="Wait Until Page Contains Element" library="AppiumLibrary">
<arg>//android.view.ViewGroup[@content-desc="Echo Box"]</arg>
<arg>timeout=10 seconds</arg>
<doc>Waits until element specified with `locator` appears on current page.</doc>
<status status="PASS" starttime="20220121 00:09:46.366" endtime="20220121 00:09:49.471"/>
</kw>
<kw name="Click Element" library="AppiumLibrary">
<arg>//android.view.ViewGroup[@content-desc="Echo Box"]</arg>
<doc>Click element identified by `locator`.</doc>
<msg timestamp="20220121 00:09:49.477" level="INFO">Clicking element '//android.view.ViewGroup[@content-desc="Echo Box"]'.</msg>
<status status="PASS" starttime="20220121 00:09:49.472" endtime="20220121 00:09:50.130"/>
</kw>
<status status="PASS" starttime="20220121 00:09:46.365" endtime="20220121 00:09:50.131"/>
</kw>
<status status="PASS" starttime="20220121 00:09:29.635" endtime="20220121 00:09:50.131"/>
</kw>
<kw name="Enter Text">
<arg>Hello Jello</arg>
<kw name="Wait Until Page Contains Element" library="AppiumLibrary">
<arg>//android.view.ViewGroup[@content-desc="messageSaveBtn"]</arg>
<arg>timeout=10 seconds</arg>
<doc>Waits until element specified with `locator` appears on current page.</doc>
<status status="PASS" starttime="20220121 00:09:50.137" endtime="20220121 00:09:50.980"/>
</kw>
<kw name="Input Text" library="AppiumLibrary">
<arg>accessibility_id=messageInput</arg>
<arg>${text}</arg>
<doc>Types the given `text` into text field identified by `locator`.</doc>
<msg timestamp="20220121 00:09:50.990" level="INFO">Typing text 'Hello Jello' into text field 'accessibility_id=messageInput'</msg>
<status status="PASS" starttime="20220121 00:09:50.980" endtime="20220121 00:09:51.943"/>
</kw>
<status status="PASS" starttime="20220121 00:09:50.136" endtime="20220121 00:09:51.944"/>
</kw>
<kw name="Tap Save Button">
<kw name="Click Element" library="AppiumLibrary">
<arg>//android.view.ViewGroup[@content-desc="messageSaveBtn"]</arg>
<doc>Click element identified by `locator`.</doc>
<msg timestamp="20220121 00:09:51.952" level="INFO">Clicking element '//android.view.ViewGroup[@content-desc="messageSaveBtn"]'.</msg>
<status status="PASS" starttime="20220121 00:09:51.945" endtime="20220121 00:09:52.583"/>
</kw>
<status status="PASS" starttime="20220121 00:09:51.944" endtime="20220121 00:09:52.583"/>
</kw>
<kw name="Text Should Be Visible">
<arg>Hello Jello</arg>
<kw name="Wait Until Page Contains Element" library="AppiumLibrary">
<arg>//android.widget.TextView[@content-desc="${text}"]</arg>
<arg>timeout=10 seconds</arg>
<doc>Waits until element specified with `locator` appears on current page.</doc>
<status status="PASS" starttime="20220121 00:09:52.586" endtime="20220121 00:09:53.414"/>
</kw>
<status status="PASS" starttime="20220121 00:09:52.585" endtime="20220121 00:09:53.414"/>
</kw>
<kw name="Close Application" library="AppiumLibrary" type="TEARDOWN">
<doc>Closes the current application and also close webdriver session.</doc>
<status status="PASS" starttime="20220121 00:09:53.437" endtime="20220121 00:09:55.186"/>
</kw>
<status status="PASS" starttime="20220121 00:09:29.633" endtime="20220121 00:09:55.189"/>
</test>
<test id="s1-s3-t2" name="Echo Box Should Not Return Empty Field">
<kw name="Run Keywords" library="BuiltIn" type="SETUP">
<arg>Open Android Application</arg>
<arg>AND</arg>
<arg>Go To Echo Box</arg>
<doc>Executes all the given keywords in a sequence.</doc>
<kw name="Open Android Application" library="resource">
<kw name="Open Application" library="AppiumLibrary">
<arg>http://127.0.0.1:4723/wd/hub</arg>
<arg>automationName=${ANDROID_AUTOMATION_NAME}</arg>
<arg>app=${ANDROID_APP}</arg>
<arg>platformName=${ANDROID_PLATFORM_NAME}</arg>
<arg>platformVersion=${ANDROID_PLATFORM_VERSION}</arg>
<arg>appPackage=${ANDROID_APP_PACKAGE}</arg>
<arg>deviceName=${ANDROID_DEVICE_NAME}</arg>
<doc>Opens a new application to given Appium server.
Capabilities of appium server, Android and iOS,
Please check https://github.com/appium/appium/blob/master/docs/en/writing-running-appium/server-args.md
| *Option*            | *Man.* | *Description*     |
| remote_url          | Yes    | Appium server url |
| alias               | no     | alias             |</doc>
<status status="PASS" starttime="20220121 00:09:55.194" endtime="20220121 00:10:11.822"/>
</kw>
<status status="PASS" starttime="20220121 00:09:55.194" endtime="20220121 00:10:11.823"/>
</kw>
<kw name="Go To Echo Box">
<kw name="Wait Until Page Contains Element" library="AppiumLibrary">
<arg>//android.view.ViewGroup[@content-desc="Echo Box"]</arg>
<arg>timeout=10 seconds</arg>
<doc>Waits until element specified with `locator` appears on current page.</doc>
<status status="PASS" starttime="20220121 00:10:11.824" endtime="20220121 00:10:14.765"/>
</kw>
<kw name="Click Element" library="AppiumLibrary">
<arg>//android.view.ViewGroup[@content-desc="Echo Box"]</arg>
<doc>Click element identified by `locator`.</doc>
<msg timestamp="20220121 00:10:14.769" level="INFO">Clicking element '//android.view.ViewGroup[@content-desc="Echo Box"]'.</msg>
<status status="PASS" starttime="20220121 00:10:14.766" endtime="20220121 00:10:15.254"/>
</kw>
<status status="PASS" starttime="20220121 00:10:11.823" endtime="20220121 00:10:15.255"/>
</kw>
<status status="PASS" starttime="20220121 00:09:55.193" endtime="20220121 00:10:15.255"/>
</kw>
<kw name="Enter Text">
<arg>${EMPTY}</arg>
<kw name="Wait Until Page Contains Element" library="AppiumLibrary">
<arg>//android.view.ViewGroup[@content-desc="messageSaveBtn"]</arg>
<arg>timeout=10 seconds</arg>
<doc>Waits until element specified with `locator` appears on current page.</doc>
<status status="PASS" starttime="20220121 00:10:15.261" endtime="20220121 00:10:16.644"/>
</kw>
<kw name="Input Text" library="AppiumLibrary">
<arg>accessibility_id=messageInput</arg>
<arg>${text}</arg>
<doc>Types the given `text` into text field identified by `locator`.</doc>
<msg timestamp="20220121 00:10:16.651" level="INFO">Typing text '' into text field 'accessibility_id=messageInput'</msg>
<status status="PASS" starttime="20220121 00:10:16.644" endtime="20220121 00:10:17.246"/>
</kw>
<status status="PASS" starttime="20220121 00:10:15.257" endtime="20220121 00:10:17.247"/>
</kw>
<kw name="Tap Save Button">
<kw name="Click Element" library="AppiumLibrary">
<arg>//android.view.ViewGroup[@content-desc="messageSaveBtn"]</arg>
<doc>Click element identified by `locator`.</doc>
<msg timestamp="20220121 00:10:17.256" level="INFO">Clicking element '//android.view.ViewGroup[@content-desc="messageSaveBtn"]'.</msg>
<status status="PASS" starttime="20220121 00:10:17.250" endtime="20220121 00:10:17.919"/>
</kw>
<status status="PASS" starttime="20220121 00:10:17.249" endtime="20220121 00:10:17.919"/>
</kw>
<kw name="Message Should Not Be Visible">
<kw name="Page Should Not Contain Text" library="AppiumLibrary">
<arg>Here's what you said before:</arg>
<doc>Verifies that current page not contains `text`.</doc>
<msg timestamp="20220121 00:10:18.099" level="INFO">Current page does not contains text 'Here's what you said before:'.</msg>
<status status="PASS" starttime="20220121 00:10:17.922" endtime="20220121 00:10:18.099"/>
</kw>
<status status="PASS" starttime="20220121 00:10:17.922" endtime="20220121 00:10:18.099"/>
</kw>
<kw name="Close Application" library="AppiumLibrary" type="TEARDOWN">
<doc>Closes the current application and also close webdriver session.</doc>
<status status="PASS" starttime="20220121 00:10:18.100" endtime="20220121 00:10:20.120"/>
</kw>
<status status="PASS" starttime="20220121 00:09:55.191" endtime="20220121 00:10:20.123"/>
</test>
<doc>test cases for the echo box</doc>
<status status="PASS" starttime="20220121 00:09:29.620" endtime="20220121 00:10:20.126"/>
</suite>
<suite id="s1-s4" name="List Demo Tests" source="C:\Users\Bonnie\Documents\Projects\test-automation-practices\appium_tests\LinkedIn_TheApp_TestSuite\List_Demo_Tests">
<suite id="s1-s4-s1" name="Close Cloud Description Test" source="C:\Users\Bonnie\Documents\Projects\test-automation-practices\appium_tests\LinkedIn_TheApp_TestSuite\List_Demo_Tests\close_cloud_description_test.robot">
<test id="s1-s4-s1-t1" name="Close Description Alert">
<kw name="Run Keywords" library="BuiltIn" type="SETUP">
<arg>Open Android Application</arg>
<arg>AND</arg>
<arg>Go To List Demo</arg>
<doc>Executes all the given keywords in a sequence.</doc>
<kw name="Open Android Application" library="resource">
<kw name="Open Application" library="AppiumLibrary">
<arg>http://127.0.0.1:4723/wd/hub</arg>
<arg>automationName=${ANDROID_AUTOMATION_NAME}</arg>
<arg>app=${ANDROID_APP}</arg>
<arg>platformName=${ANDROID_PLATFORM_NAME}</arg>
<arg>platformVersion=${ANDROID_PLATFORM_VERSION}</arg>
<arg>appPackage=${ANDROID_APP_PACKAGE}</arg>
<arg>deviceName=${ANDROID_DEVICE_NAME}</arg>
<doc>Opens a new application to given Appium server.
Capabilities of appium server, Android and iOS,
Please check https://github.com/appium/appium/blob/master/docs/en/writing-running-appium/server-args.md
| *Option*            | *Man.* | *Description*     |
| remote_url          | Yes    | Appium server url |
| alias               | no     | alias             |</doc>
<status status="PASS" starttime="20220121 00:10:20.149" endtime="20220121 00:10:39.913"/>
</kw>
<status status="PASS" starttime="20220121 00:10:20.149" endtime="20220121 00:10:39.914"/>
</kw>
<kw name="Go To List Demo" library="resource">
<kw name="Wait Until Page Contains Element" library="AppiumLibrary">
<arg>accessibility_id=List Demo</arg>
<arg>timeout=10 seconds</arg>
<doc>Waits until element specified with `locator` appears on current page.</doc>
<status status="PASS" starttime="20220121 00:10:39.915" endtime="20220121 00:10:42.561"/>
</kw>
<kw name="Click Element" library="AppiumLibrary">
<arg>accessibility_id=List Demo</arg>
<doc>Click element identified by `locator`.</doc>
<msg timestamp="20220121 00:10:42.565" level="INFO">Clicking element 'accessibility_id=List Demo'.</msg>
<status status="PASS" starttime="20220121 00:10:42.561" endtime="20220121 00:10:42.772"/>
</kw>
<status status="PASS" starttime="20220121 00:10:39.914" endtime="20220121 00:10:42.773"/>
</kw>
<status status="PASS" starttime="20220121 00:10:20.148" endtime="20220121 00:10:42.773"/>
</kw>
<kw name="Wait Until Page Contains" library="AppiumLibrary">
<arg>Check out these clouds</arg>
<arg>timeout=10 seconds</arg>
<doc>Waits until `text` appears on current page.</doc>
<status status="PASS" starttime="20220121 00:10:42.774" endtime="20220121 00:10:44.612"/>
</kw>
<kw name="Click Cloud Name" library="resource">
<arg>Cirrus</arg>
<kw name="Run Keyword And Return Status" library="BuiltIn">
<var>${visible}</var>
<arg>element should be visible</arg>
<arg>accessibility_id=${cloud}</arg>
<doc>Runs the given keyword with given arguments and returns the status as a Boolean value.</doc>
<kw name="Element Should Be Visible" library="AppiumLibrary">
<arg>accessibility_id=${cloud}</arg>
<doc>Verifies that element identified with locator is visible.</doc>
<status status="PASS" starttime="20220121 00:10:44.615" endtime="20220121 00:10:44.783"/>
</kw>
<msg timestamp="20220121 00:10:44.784" level="INFO">${visible} = True</msg>
<status status="PASS" starttime="20220121 00:10:44.614" endtime="20220121 00:10:44.784"/>
</kw>
<kw name="Run Keyword If" library="BuiltIn">
<arg>${visible}</arg>
<arg>click element</arg>
<arg>accessibility_id=${cloud}</arg>
<arg>ELSE</arg>
<arg>Run Keywords</arg>
<arg>Swipe</arg>
<arg>509</arg>
<arg>1668</arg>
<arg>550</arg>
<arg>901</arg>
<arg>100</arg>
<arg>AND</arg>
<arg>click element</arg>
<arg>accessibility_id=${cloud}</arg>
<doc>Runs the given keyword with the given arguments, if ``condition`` is true.</doc>
<kw name="Click Element" library="AppiumLibrary">
<arg>accessibility_id=${cloud}</arg>
<doc>Click element identified by `locator`.</doc>
<msg timestamp="20220121 00:10:44.794" level="INFO">Clicking element 'accessibility_id=Cirrus'.</msg>
<status status="PASS" starttime="20220121 00:10:44.786" endtime="20220121 00:10:45.009"/>
</kw>
<status status="PASS" starttime="20220121 00:10:44.785" endtime="20220121 00:10:45.009"/>
</kw>
<kw name="Wait Until Page Contains Element" library="AppiumLibrary">
<arg>id=android:id/alertTitle</arg>
<arg>timeout=10 seconds</arg>
<doc>Waits until element specified with `locator` appears on current page.</doc>
<status status="PASS" starttime="20220121 00:10:45.009" endtime="20220121 00:10:45.976"/>
</kw>
<status status="PASS" starttime="20220121 00:10:44.613" endtime="20220121 00:10:45.977"/>
</kw>
<kw name="Click Learn More Button" library="resource">
<kw name="Click Element" library="AppiumLibrary">
<arg>id=android:id/button3</arg>
<doc>Click element identified by `locator`.</doc>
<msg timestamp="20220121 00:10:45.990" level="INFO">Clicking element 'id=android:id/button3'.</msg>
<status status="PASS" starttime="20220121 00:10:45.986" endtime="20220121 00:10:46.351"/>
</kw>
<kw name="Wait Until Page Contains Element" library="AppiumLibrary">
<arg>id=android:id/title_template</arg>
<arg>timeout=10 seconds</arg>
<doc>Waits until element specified with `locator` appears on current page.</doc>
<status status="PASS" starttime="20220121 00:10:46.352" endtime="20220121 00:10:47.500"/>
</kw>
<status status="PASS" starttime="20220121 00:10:45.985" endtime="20220121 00:10:47.500"/>
</kw>
<kw name="Click OK Button" library="resource">
<kw name="Click Element" library="AppiumLibrary">
<arg>id=android:id/button1</arg>
<doc>Click element identified by `locator`.</doc>
<msg timestamp="20220121 00:10:47.509" level="INFO">Clicking element 'id=android:id/button1'.</msg>
<status status="PASS" starttime="20220121 00:10:47.503" endtime="20220121 00:10:48.467"/>
</kw>
<kw name="Wait Until Page Does Not Contain Element" library="AppiumLibrary">
<arg>id=android:id/alertTitle</arg>
<arg>timeout=10 seconds</arg>
<doc>Waits until element specified with `locator` disappears from current page.</doc>
<status status="PASS" starttime="20220121 00:10:48.467" endtime="20220121 00:10:48.799"/>
</kw>
<status status="PASS" starttime="20220121 00:10:47.502" endtime="20220121 00:10:48.800"/>
</kw>
<kw name="Alert Should Not Be Visible" library="resource">
<kw name="Page Should Not Contain Element" library="AppiumLibrary">
<arg>id=android:id/alertTitle</arg>
<doc>Verifies that current page not contains `locator` element.</doc>
<msg timestamp="20220121 00:10:49.246" level="INFO">Current page not contains element 'id=android:id/alertTitle'.</msg>
<status status="PASS" starttime="20220121 00:10:48.814" endtime="20220121 00:10:49.248"/>
</kw>
<status status="PASS" starttime="20220121 00:10:48.813" endtime="20220121 00:10:49.249"/>
</kw>
<kw name="Close Application" library="AppiumLibrary" type="TEARDOWN">
<doc>Closes the current application and also close webdriver session.</doc>
<status status="PASS" starttime="20220121 00:10:49.254" endtime="20220121 00:10:52.360"/>
</kw>
<status status="PASS" starttime="20220121 00:10:20.147" endtime="20220121 00:10:52.363"/>
</test>
<doc>test cases for the list demo</doc>
<status status="PASS" starttime="20220121 00:10:20.136" endtime="20220121 00:10:52.367"/>
</suite>
<suite id="s1-s4-s2" name="Close List Alert Tests" source="C:\Users\Bonnie\Documents\Projects\test-automation-practices\appium_tests\LinkedIn_TheApp_TestSuite\List_Demo_Tests\close_list_alert_tests.robot">
<test id="s1-s4-s2-t1" name="Close Alert With OK">
<kw name="Run Keywords" library="BuiltIn" type="SETUP">
<arg>Open Android Application</arg>
<arg>AND</arg>
<arg>Go To List Demo</arg>
<doc>Executes all the given keywords in a sequence.</doc>
<kw name="Open Android Application" library="resource">
<kw name="Open Application" library="AppiumLibrary">
<arg>http://127.0.0.1:4723/wd/hub</arg>
<arg>automationName=${ANDROID_AUTOMATION_NAME}</arg>
<arg>app=${ANDROID_APP}</arg>
<arg>platformName=${ANDROID_PLATFORM_NAME}</arg>
<arg>platformVersion=${ANDROID_PLATFORM_VERSION}</arg>
<arg>appPackage=${ANDROID_APP_PACKAGE}</arg>
<arg>deviceName=${ANDROID_DEVICE_NAME}</arg>
<doc>Opens a new application to given Appium server.
Capabilities of appium server, Android and iOS,
Please check https://github.com/appium/appium/blob/master/docs/en/writing-running-appium/server-args.md
| *Option*            | *Man.* | *Description*     |
| remote_url          | Yes    | Appium server url |
| alias               | no     | alias             |</doc>
<status status="PASS" starttime="20220121 00:10:52.386" endtime="20220121 00:11:13.381"/>
</kw>
<status status="PASS" starttime="20220121 00:10:52.386" endtime="20220121 00:11:13.382"/>
</kw>
<kw name="Go To List Demo" library="resource">
<kw name="Wait Until Page Contains Element" library="AppiumLibrary">
<arg>accessibility_id=List Demo</arg>
<arg>timeout=10 seconds</arg>
<doc>Waits until element specified with `locator` appears on current page.</doc>
<status status="PASS" starttime="20220121 00:11:13.383" endtime="20220121 00:11:16.118"/>
</kw>
<kw name="Click Element" library="AppiumLibrary">
<arg>accessibility_id=List Demo</arg>
<doc>Click element identified by `locator`.</doc>
<msg timestamp="20220121 00:11:16.126" level="INFO">Clicking element 'accessibility_id=List Demo'.</msg>
<status status="PASS" starttime="20220121 00:11:16.119" endtime="20220121 00:11:16.386"/>
</kw>
<status status="PASS" starttime="20220121 00:11:13.383" endtime="20220121 00:11:16.387"/>
</kw>
<status status="PASS" starttime="20220121 00:10:52.385" endtime="20220121 00:11:16.387"/>
</kw>
<kw name="Close Cloud Alert">
<arg>Cirrus</arg>
<arg>1</arg>
<kw name="Wait Until Page Contains" library="AppiumLibrary">
<arg>Check out these clouds</arg>
<arg>timeout=10 seconds</arg>
<doc>Waits until `text` appears on current page.</doc>
<status status="PASS" starttime="20220121 00:11:16.390" endtime="20220121 00:11:18.809"/>
</kw>
<kw name="Click Cloud Name" library="resource">
<arg>${cloud}</arg>
<kw name="Run Keyword And Return Status" library="BuiltIn">
<var>${visible}</var>
<arg>element should be visible</arg>
<arg>accessibility_id=${cloud}</arg>
<doc>Runs the given keyword with given arguments and returns the status as a Boolean value.</doc>
<kw name="Element Should Be Visible" library="AppiumLibrary">
<arg>accessibility_id=${cloud}</arg>
<doc>Verifies that element identified with locator is visible.</doc>
<status status="PASS" starttime="20220121 00:11:18.811" endtime="20220121 00:11:19.301"/>
</kw>
<msg timestamp="20220121 00:11:19.301" level="INFO">${visible} = True</msg>
<status status="PASS" starttime="20220121 00:11:18.811" endtime="20220121 00:11:19.301"/>
</kw>
<kw name="Run Keyword If" library="BuiltIn">
<arg>${visible}</arg>
<arg>click element</arg>
<arg>accessibility_id=${cloud}</arg>
<arg>ELSE</arg>
<arg>Run Keywords</arg>
<arg>Swipe</arg>
<arg>509</arg>
<arg>1668</arg>
<arg>550</arg>
<arg>901</arg>
<arg>100</arg>
<arg>AND</arg>
<arg>click element</arg>
<arg>accessibility_id=${cloud}</arg>
<doc>Runs the given keyword with the given arguments, if ``condition`` is true.</doc>
<kw name="Click Element" library="AppiumLibrary">
<arg>accessibility_id=${cloud}</arg>
<doc>Click element identified by `locator`.</doc>
<msg timestamp="20220121 00:11:19.310" level="INFO">Clicking element 'accessibility_id=Cirrus'.</msg>
<status status="PASS" starttime="20220121 00:11:19.303" endtime="20220121 00:11:19.595"/>
</kw>
<status status="PASS" starttime="20220121 00:11:19.302" endtime="20220121 00:11:19.595"/>
</kw>
<kw name="Wait Until Page Contains Element" library="AppiumLibrary">
<arg>id=android:id/alertTitle</arg>
<arg>timeout=10 seconds</arg>
<doc>Waits until element specified with `locator` appears on current page.</doc>
<status status="PASS" starttime="20220121 00:11:19.595" endtime="20220121 00:11:20.816"/>
</kw>
<status status="PASS" starttime="20220121 00:11:18.809" endtime="20220121 00:11:20.816"/>
</kw>
<kw name="Click Close Alert Button" library="resource">
<arg>${button}</arg>
<kw name="Click Element" library="AppiumLibrary">
<arg>id=android:id/button${button}</arg>
<doc>Click element identified by `locator`.</doc>
<msg timestamp="20220121 00:11:20.825" level="INFO">Clicking element 'id=android:id/button1'.</msg>
<status status="PASS" starttime="20220121 00:11:20.818" endtime="20220121 00:11:21.192"/>
</kw>
<status status="PASS" starttime="20220121 00:11:20.817" endtime="20220121 00:11:21.193"/>
</kw>
<kw name="Alert Should Not Be Visible" library="resource">
<kw name="Page Should Not Contain Element" library="AppiumLibrary">
<arg>id=android:id/alertTitle</arg>
<doc>Verifies that current page not contains `locator` element.</doc>
<msg timestamp="20220121 00:11:22.191" level="INFO">Current page not contains element 'id=android:id/alertTitle'.</msg>
<status status="PASS" starttime="20220121 00:11:21.194" endtime="20220121 00:11:22.191"/>
</kw>
<status status="PASS" starttime="20220121 00:11:21.193" endtime="20220121 00:11:22.192"/>
</kw>
<status status="PASS" starttime="20220121 00:11:16.389" endtime="20220121 00:11:22.192"/>
</kw>
<kw name="Close Application" library="AppiumLibrary" type="TEARDOWN">
<doc>Closes the current application and also close webdriver session.</doc>
<status status="PASS" starttime="20220121 00:11:22.193" endtime="20220121 00:11:26.708"/>
</kw>
<status status="PASS" starttime="20220121 00:10:52.384" endtime="20220121 00:11:26.714"/>
</test>
<test id="s1-s4-s2-t2" name="Close Alert with Cancel">
<kw name="Run Keywords" library="BuiltIn" type="SETUP">
<arg>Open Android Application</arg>
<arg>AND</arg>
<arg>Go To List Demo</arg>
<doc>Executes all the given keywords in a sequence.</doc>
<kw name="Open Android Application" library="resource">
<kw name="Open Application" library="AppiumLibrary">
<arg>http://127.0.0.1:4723/wd/hub</arg>
<arg>automationName=${ANDROID_AUTOMATION_NAME}</arg>
<arg>app=${ANDROID_APP}</arg>
<arg>platformName=${ANDROID_PLATFORM_NAME}</arg>
<arg>platformVersion=${ANDROID_PLATFORM_VERSION}</arg>
<arg>appPackage=${ANDROID_APP_PACKAGE}</arg>
<arg>deviceName=${ANDROID_DEVICE_NAME}</arg>
<doc>Opens a new application to given Appium server.
Capabilities of appium server, Android and iOS,
Please check https://github.com/appium/appium/blob/master/docs/en/writing-running-appium/server-args.md
| *Option*            | *Man.* | *Description*     |
| remote_url          | Yes    | Appium server url |
| alias               | no     | alias             |</doc>
<status status="PASS" starttime="20220121 00:11:26.719" endtime="20220121 00:11:47.599"/>
</kw>
<status status="PASS" starttime="20220121 00:11:26.718" endtime="20220121 00:11:47.600"/>
</kw>
<kw name="Go To List Demo" library="resource">
<kw name="Wait Until Page Contains Element" library="AppiumLibrary">
<arg>accessibility_id=List Demo</arg>
<arg>timeout=10 seconds</arg>
<doc>Waits until element specified with `locator` appears on current page.</doc>
<status status="PASS" starttime="20220121 00:11:47.602" endtime="20220121 00:11:50.250"/>
</kw>
<kw name="Click Element" library="AppiumLibrary">
<arg>accessibility_id=List Demo</arg>
<doc>Click element identified by `locator`.</doc>
<msg timestamp="20220121 00:11:50.255" level="INFO">Clicking element 'accessibility_id=List Demo'.</msg>
<status status="PASS" starttime="20220121 00:11:50.250" endtime="20220121 00:11:50.484"/>
</kw>
<status status="PASS" starttime="20220121 00:11:47.601" endtime="20220121 00:11:50.484"/>
</kw>
<status status="PASS" starttime="20220121 00:11:26.717" endtime="20220121 00:11:50.484"/>
</kw>
<kw name="Close Cloud Alert">
<arg>Fog</arg>
<arg>2</arg>
<kw name="Wait Until Page Contains" library="AppiumLibrary">
<arg>Check out these clouds</arg>
<arg>timeout=10 seconds</arg>
<doc>Waits until `text` appears on current page.</doc>
<status status="PASS" starttime="20220121 00:11:50.487" endtime="20220121 00:11:52.342"/>
</kw>
<kw name="Click Cloud Name" library="resource">
<arg>${cloud}</arg>
<kw name="Run Keyword And Return Status" library="BuiltIn">
<var>${visible}</var>
<arg>element should be visible</arg>
<arg>accessibility_id=${cloud}</arg>
<doc>Runs the given keyword with given arguments and returns the status as a Boolean value.</doc>
<kw name="Element Should Be Visible" library="AppiumLibrary">
<arg>accessibility_id=${cloud}</arg>
<doc>Verifies that element identified with locator is visible.</doc>
<status status="PASS" starttime="20220121 00:11:52.344" endtime="20220121 00:11:52.462"/>
</kw>
<msg timestamp="20220121 00:11:52.462" level="INFO">${visible} = True</msg>
<status status="PASS" starttime="20220121 00:11:52.343" endtime="20220121 00:11:52.462"/>
</kw>
<kw name="Run Keyword If" library="BuiltIn">
<arg>${visible}</arg>
<arg>click element</arg>
<arg>accessibility_id=${cloud}</arg>
<arg>ELSE</arg>
<arg>Run Keywords</arg>
<arg>Swipe</arg>
<arg>509</arg>
<arg>1668</arg>
<arg>550</arg>
<arg>901</arg>
<arg>100</arg>
<arg>AND</arg>
<arg>click element</arg>
<arg>accessibility_id=${cloud}</arg>
<doc>Runs the given keyword with the given arguments, if ``condition`` is true.</doc>
<kw name="Click Element" library="AppiumLibrary">
<arg>accessibility_id=${cloud}</arg>
<doc>Click element identified by `locator`.</doc>
<msg timestamp="20220121 00:11:52.467" level="INFO">Clicking element 'accessibility_id=Fog'.</msg>
<status status="PASS" starttime="20220121 00:11:52.463" endtime="20220121 00:11:52.621"/>
</kw>
<status status="PASS" starttime="20220121 00:11:52.463" endtime="20220121 00:11:52.621"/>
</kw>
<kw name="Wait Until Page Contains Element" library="AppiumLibrary">
<arg>id=android:id/alertTitle</arg>
<arg>timeout=10 seconds</arg>
<doc>Waits until element specified with `locator` appears on current page.</doc>
<status status="PASS" starttime="20220121 00:11:52.622" endtime="20220121 00:11:53.422"/>
</kw>
<status status="PASS" starttime="20220121 00:11:52.342" endtime="20220121 00:11:53.422"/>
</kw>
<kw name="Click Close Alert Button" library="resource">
<arg>${button}</arg>
<kw name="Click Element" library="AppiumLibrary">
<arg>id=android:id/button${button}</arg>
<doc>Click element identified by `locator`.</doc>
<msg timestamp="20220121 00:11:53.428" level="INFO">Clicking element 'id=android:id/button2'.</msg>
<status status="PASS" starttime="20220121 00:11:53.423" endtime="20220121 00:11:53.552"/>
</kw>
<status status="PASS" starttime="20220121 00:11:53.422" endtime="20220121 00:11:53.553"/>
</kw>
<kw name="Alert Should Not Be Visible" library="resource">
<kw name="Page Should Not Contain Element" library="AppiumLibrary">
<arg>id=android:id/alertTitle</arg>
<doc>Verifies that current page not contains `locator` element.</doc>
<msg timestamp="20220121 00:11:54.054" level="INFO">Current page not contains element 'id=android:id/alertTitle'.</msg>
<status status="PASS" starttime="20220121 00:11:53.555" endtime="20220121 00:11:54.054"/>
</kw>
<status status="PASS" starttime="20220121 00:11:53.554" endtime="20220121 00:11:54.055"/>
</kw>
<status status="PASS" starttime="20220121 00:11:50.485" endtime="20220121 00:11:54.055"/>
</kw>
<kw name="Close Application" library="AppiumLibrary" type="TEARDOWN">
<doc>Closes the current application and also close webdriver session.</doc>
<status status="PASS" starttime="20220121 00:11:54.056" endtime="20220121 00:11:56.309"/>
</kw>
<status status="PASS" starttime="20220121 00:11:26.716" endtime="20220121 00:11:56.312"/>
</test>
<doc>test cases for the list demo</doc>
<status status="PASS" starttime="20220121 00:10:52.372" endtime="20220121 00:11:56.315"/>
</suite>
<suite id="s1-s4-s3" name="Learn More Option Tests" source="C:\Users\Bonnie\Documents\Projects\test-automation-practices\appium_tests\LinkedIn_TheApp_TestSuite\List_Demo_Tests\learn_more_option_tests.robot">
<test id="s1-s4-s3-t1" name="Learn More Altocumulus Message">
<kw name="Run Keywords" library="BuiltIn" type="SETUP">
<arg>Open Android Application</arg>
<arg>AND</arg>
<arg>Go To List Demo</arg>
<doc>Executes all the given keywords in a sequence.</doc>
<kw name="Open Android Application" library="resource">
<kw name="Open Application" library="AppiumLibrary">
<arg>http://127.0.0.1:4723/wd/hub</arg>
<arg>automationName=${ANDROID_AUTOMATION_NAME}</arg>
<arg>app=${ANDROID_APP}</arg>
<arg>platformName=${ANDROID_PLATFORM_NAME}</arg>
<arg>platformVersion=${ANDROID_PLATFORM_VERSION}</arg>
<arg>appPackage=${ANDROID_APP_PACKAGE}</arg>
<arg>deviceName=${ANDROID_DEVICE_NAME}</arg>
<doc>Opens a new application to given Appium server.
Capabilities of appium server, Android and iOS,
Please check https://github.com/appium/appium/blob/master/docs/en/writing-running-appium/server-args.md
| *Option*            | *Man.* | *Description*     |
| remote_url          | Yes    | Appium server url |
| alias               | no     | alias             |</doc>
<status status="PASS" starttime="20220121 00:11:56.338" endtime="20220121 00:12:12.096"/>
</kw>
<status status="PASS" starttime="20220121 00:11:56.337" endtime="20220121 00:12:12.096"/>
</kw>
<kw name="Go To List Demo" library="resource">
<kw name="Wait Until Page Contains Element" library="AppiumLibrary">
<arg>accessibility_id=List Demo</arg>
<arg>timeout=10 seconds</arg>
<doc>Waits until element specified with `locator` appears on current page.</doc>
<status status="PASS" starttime="20220121 00:12:12.097" endtime="20220121 00:12:14.691"/>
</kw>
<kw name="Click Element" library="AppiumLibrary">
<arg>accessibility_id=List Demo</arg>
<doc>Click element identified by `locator`.</doc>
<msg timestamp="20220121 00:12:14.694" level="INFO">Clicking element 'accessibility_id=List Demo'.</msg>
<status status="PASS" starttime="20220121 00:12:14.691" endtime="20220121 00:12:14.909"/>
</kw>
<status status="PASS" starttime="20220121 00:12:12.097" endtime="20220121 00:12:14.909"/>
</kw>
<status status="PASS" starttime="20220121 00:11:56.336" endtime="20220121 00:12:14.909"/>
</kw>
<kw name="Open Learn More About Cloud Alert">
<arg>Altocumulus</arg>
<kw name="Wait Until Page Contains" library="AppiumLibrary">
<arg>Check out these clouds</arg>
<arg>timeout=10 seconds</arg>
<doc>Waits until `text` appears on current page.</doc>
<status status="PASS" starttime="20220121 00:12:14.912" endtime="20220121 00:12:16.752"/>
</kw>
<kw name="Click Cloud Name" library="resource">
<arg>${cloud}</arg>
<kw name="Run Keyword And Return Status" library="BuiltIn">
<var>${visible}</var>
<arg>element should be visible</arg>
<arg>accessibility_id=${cloud}</arg>
<doc>Runs the given keyword with given arguments and returns the status as a Boolean value.</doc>
<kw name="Element Should Be Visible" library="AppiumLibrary">
<arg>accessibility_id=${cloud}</arg>
<doc>Verifies that element identified with locator is visible.</doc>
<status status="PASS" starttime="20220121 00:12:16.753" endtime="20220121 00:12:16.901"/>
</kw>
<msg timestamp="20220121 00:12:16.901" level="INFO">${visible} = True</msg>
<status status="PASS" starttime="20220121 00:12:16.753" endtime="20220121 00:12:16.901"/>
</kw>
<kw name="Run Keyword If" library="BuiltIn">
<arg>${visible}</arg>
<arg>click element</arg>
<arg>accessibility_id=${cloud}</arg>
<arg>ELSE</arg>
<arg>Run Keywords</arg>
<arg>Swipe</arg>
<arg>509</arg>
<arg>1668</arg>
<arg>550</arg>
<arg>901</arg>
<arg>100</arg>
<arg>AND</arg>
<arg>click element</arg>
<arg>accessibility_id=${cloud}</arg>
<doc>Runs the given keyword with the given arguments, if ``condition`` is true.</doc>
<kw name="Click Element" library="AppiumLibrary">
<arg>accessibility_id=${cloud}</arg>
<doc>Click element identified by `locator`.</doc>
<msg timestamp="20220121 00:12:16.908" level="INFO">Clicking element 'accessibility_id=Altocumulus'.</msg>
<status status="PASS" starttime="20220121 00:12:16.902" endtime="20220121 00:12:17.102"/>
</kw>
<status status="PASS" starttime="20220121 00:12:16.901" endtime="20220121 00:12:17.102"/>
</kw>
<kw name="Wait Until Page Contains Element" library="AppiumLibrary">
<arg>id=android:id/alertTitle</arg>
<arg>timeout=10 seconds</arg>
<doc>Waits until element specified with `locator` appears on current page.</doc>
<status status="PASS" starttime="20220121 00:12:17.103" endtime="20220121 00:12:18.176"/>
</kw>
<status status="PASS" starttime="20220121 00:12:16.752" endtime="20220121 00:12:18.177"/>
</kw>
<kw name="Click Learn More Button" library="resource">
<kw name="Click Element" library="AppiumLibrary">
<arg>id=android:id/button3</arg>
<doc>Click element identified by `locator`.</doc>
<msg timestamp="20220121 00:12:18.181" level="INFO">Clicking element 'id=android:id/button3'.</msg>
<status status="PASS" starttime="20220121 00:12:18.178" endtime="20220121 00:12:18.301"/>
</kw>
<kw name="Wait Until Page Contains Element" library="AppiumLibrary">
<arg>id=android:id/title_template</arg>
<arg>timeout=10 seconds</arg>
<doc>Waits until element specified with `locator` appears on current page.</doc>
<status status="PASS" starttime="20220121 00:12:18.302" endtime="20220121 00:12:19.043"/>
</kw>
<status status="PASS" starttime="20220121 00:12:18.177" endtime="20220121 00:12:19.044"/>
</kw>
<kw name="Alert Should Be Visible" library="resource">
<arg>${cloud}</arg>
<kw name="Element Should Contain Text" library="AppiumLibrary">
<arg>id=android:id/alertTitle</arg>
<arg>${cloud}</arg>
<doc>Verifies element identified by ``locator`` contains text ``expected``.</doc>
<msg timestamp="20220121 00:12:19.048" level="INFO">Verifying element 'id=android:id/alertTitle' contains text 'Altocumulus'.</msg>
<status status="PASS" starttime="20220121 00:12:19.044" endtime="20220121 00:12:19.123"/>
</kw>
<status status="PASS" starttime="20220121 00:12:19.044" endtime="20220121 00:12:19.123"/>
</kw>
<status status="PASS" starttime="20220121 00:12:14.910" endtime="20220121 00:12:19.124"/>
</kw>
<kw name="Close Application" library="AppiumLibrary" type="TEARDOWN">
<doc>Closes the current application and also close webdriver session.</doc>
<status status="PASS" starttime="20220121 00:12:19.125" endtime="20220121 00:12:20.874"/>
</kw>
<status status="PASS" starttime="20220121 00:11:56.334" endtime="20220121 00:12:20.875"/>
</test>
<test id="s1-s4-s3-t2" name="Learn More Altostratus Message">
<kw name="Run Keywords" library="BuiltIn" type="SETUP">
<arg>Open Android Application</arg>
<arg>AND</arg>
<arg>Go To List Demo</arg>
<doc>Executes all the given keywords in a sequence.</doc>
<kw name="Open Android Application" library="resource">
<kw name="Open Application" library="AppiumLibrary">
<arg>http://127.0.0.1:4723/wd/hub</arg>
<arg>automationName=${ANDROID_AUTOMATION_NAME}</arg>
<arg>app=${ANDROID_APP}</arg>
<arg>platformName=${ANDROID_PLATFORM_NAME}</arg>
<arg>platformVersion=${ANDROID_PLATFORM_VERSION}</arg>
<arg>appPackage=${ANDROID_APP_PACKAGE}</arg>
<arg>deviceName=${ANDROID_DEVICE_NAME}</arg>
<doc>Opens a new application to given Appium server.
Capabilities of appium server, Android and iOS,
Please check https://github.com/appium/appium/blob/master/docs/en/writing-running-appium/server-args.md
| *Option*            | *Man.* | *Description*     |
| remote_url          | Yes    | Appium server url |
| alias               | no     | alias             |</doc>
<status status="PASS" starttime="20220121 00:12:20.895" endtime="20220121 00:12:38.590"/>
</kw>
<status status="PASS" starttime="20220121 00:12:20.894" endtime="20220121 00:12:38.590"/>
</kw>
<kw name="Go To List Demo" library="resource">
<kw name="Wait Until Page Contains Element" library="AppiumLibrary">
<arg>accessibility_id=List Demo</arg>
<arg>timeout=10 seconds</arg>
<doc>Waits until element specified with `locator` appears on current page.</doc>
<status status="PASS" starttime="20220121 00:12:38.592" endtime="20220121 00:12:41.845"/>
</kw>
<kw name="Click Element" library="AppiumLibrary">
<arg>accessibility_id=List Demo</arg>
<doc>Click element identified by `locator`.</doc>
<msg timestamp="20220121 00:12:41.853" level="INFO">Clicking element 'accessibility_id=List Demo'.</msg>
<status status="PASS" starttime="20220121 00:12:41.846" endtime="20220121 00:12:42.065"/>
</kw>
<status status="PASS" starttime="20220121 00:12:38.591" endtime="20220121 00:12:42.065"/>
</kw>
<status status="PASS" starttime="20220121 00:12:20.893" endtime="20220121 00:12:42.065"/>
</kw>
<kw name="Open Learn More About Cloud Alert">
<arg>Altostratus</arg>
<kw name="Wait Until Page Contains" library="AppiumLibrary">
<arg>Check out these clouds</arg>
<arg>timeout=10 seconds</arg>
<doc>Waits until `text` appears on current page.</doc>
<status status="PASS" starttime="20220121 00:12:42.067" endtime="20220121 00:12:44.260"/>
</kw>
<kw name="Click Cloud Name" library="resource">
<arg>${cloud}</arg>
<kw name="Run Keyword And Return Status" library="BuiltIn">
<var>${visible}</var>
<arg>element should be visible</arg>
<arg>accessibility_id=${cloud}</arg>
<doc>Runs the given keyword with given arguments and returns the status as a Boolean value.</doc>
<kw name="Element Should Be Visible" library="AppiumLibrary">
<arg>accessibility_id=${cloud}</arg>
<doc>Verifies that element identified with locator is visible.</doc>
<status status="PASS" starttime="20220121 00:12:44.262" endtime="20220121 00:12:44.381"/>
</kw>
<msg timestamp="20220121 00:12:44.381" level="INFO">${visible} = True</msg>
<status status="PASS" starttime="20220121 00:12:44.261" endtime="20220121 00:12:44.381"/>
</kw>
<kw name="Run Keyword If" library="BuiltIn">
<arg>${visible}</arg>
<arg>click element</arg>
<arg>accessibility_id=${cloud}</arg>
<arg>ELSE</arg>
<arg>Run Keywords</arg>
<arg>Swipe</arg>
<arg>509</arg>
<arg>1668</arg>
<arg>550</arg>
<arg>901</arg>
<arg>100</arg>
<arg>AND</arg>
<arg>click element</arg>
<arg>accessibility_id=${cloud}</arg>
<doc>Runs the given keyword with the given arguments, if ``condition`` is true.</doc>
<kw name="Click Element" library="AppiumLibrary">
<arg>accessibility_id=${cloud}</arg>
<doc>Click element identified by `locator`.</doc>
<msg timestamp="20220121 00:12:44.386" level="INFO">Clicking element 'accessibility_id=Altostratus'.</msg>
<status status="PASS" starttime="20220121 00:12:44.382" endtime="20220121 00:12:44.562"/>
</kw>
<status status="PASS" starttime="20220121 00:12:44.381" endtime="20220121 00:12:44.562"/>
</kw>
<kw name="Wait Until Page Contains Element" library="AppiumLibrary">
<arg>id=android:id/alertTitle</arg>
<arg>timeout=10 seconds</arg>
<doc>Waits until element specified with `locator` appears on current page.</doc>
<status status="PASS" starttime="20220121 00:12:44.562" endtime="20220121 00:12:45.577"/>
</kw>
<status status="PASS" starttime="20220121 00:12:44.260" endtime="20220121 00:12:45.577"/>
</kw>
<kw name="Click Learn More Button" library="resource">
<kw name="Click Element" library="AppiumLibrary">
<arg>id=android:id/button3</arg>
<doc>Click element identified by `locator`.</doc>
<msg timestamp="20220121 00:12:45.581" level="INFO">Clicking element 'id=android:id/button3'.</msg>
<status status="PASS" starttime="20220121 00:12:45.578" endtime="20220121 00:12:45.683"/>
</kw>
<kw name="Wait Until Page Contains Element" library="AppiumLibrary">
<arg>id=android:id/title_template</arg>
<arg>timeout=10 seconds</arg>
<doc>Waits until element specified with `locator` appears on current page.</doc>
<status status="PASS" starttime="20220121 00:12:45.683" endtime="20220121 00:12:45.783"/>
</kw>
<status status="PASS" starttime="20220121 00:12:45.577" endtime="20220121 00:12:45.784"/>
</kw>
<kw name="Alert Should Be Visible" library="resource">
<arg>${cloud}</arg>
<kw name="Element Should Contain Text" library="AppiumLibrary">
<arg>id=android:id/alertTitle</arg>
<arg>${cloud}</arg>
<doc>Verifies element identified by ``locator`` contains text ``expected``.</doc>
<msg timestamp="20220121 00:12:45.792" level="INFO">Verifying element 'id=android:id/alertTitle' contains text 'Altostratus'.</msg>
<kw name="Capture Page Screenshot" library="AppiumLibrary">
<doc>Takes a screenshot of the current page and embeds it into the log.</doc>
<msg timestamp="20220121 00:12:47.846" level="INFO" html="true">&lt;/td&gt;&lt;/tr&gt;&lt;tr&gt;&lt;td colspan="3"&gt;&lt;a href="appium-screenshot-1.png"&gt;&lt;img src="appium-screenshot-1.png" width="800px"&gt;&lt;/a&gt;</msg>
<status status="PASS" starttime="20220121 00:12:47.035" endtime="20220121 00:12:47.846"/>
</kw>
<msg timestamp="20220121 00:12:47.852" level="FAIL">ValueError: Element locator 'id=android:id/alertTitle' did not match any elements.</msg>
<status status="FAIL" starttime="20220121 00:12:45.785" endtime="20220121 00:12:47.852"/>
</kw>
<status status="FAIL" starttime="20220121 00:12:45.784" endtime="20220121 00:12:47.854"/>
</kw>
<status status="FAIL" starttime="20220121 00:12:42.066" endtime="20220121 00:12:47.856"/>
</kw>
<kw name="Close Application" library="AppiumLibrary" type="TEARDOWN">
<doc>Closes the current application and also close webdriver session.</doc>
<status status="PASS" starttime="20220121 00:12:47.857" endtime="20220121 00:12:49.591"/>
</kw>
<status status="FAIL" starttime="20220121 00:12:20.890" endtime="20220121 00:12:49.592">ValueError: Element locator 'id=android:id/alertTitle' did not match any elements.</status>
</test>
<test id="s1-s4-s3-t3" name="Learn More Cirrocumulus Message">
<kw name="Run Keywords" library="BuiltIn" type="SETUP">
<arg>Open Android Application</arg>
<arg>AND</arg>
<arg>Go To List Demo</arg>
<doc>Executes all the given keywords in a sequence.</doc>
<kw name="Open Android Application" library="resource">
<kw name="Open Application" library="AppiumLibrary">
<arg>http://127.0.0.1:4723/wd/hub</arg>
<arg>automationName=${ANDROID_AUTOMATION_NAME}</arg>
<arg>app=${ANDROID_APP}</arg>
<arg>platformName=${ANDROID_PLATFORM_NAME}</arg>
<arg>platformVersion=${ANDROID_PLATFORM_VERSION}</arg>
<arg>appPackage=${ANDROID_APP_PACKAGE}</arg>
<arg>deviceName=${ANDROID_DEVICE_NAME}</arg>
<doc>Opens a new application to given Appium server.
Capabilities of appium server, Android and iOS,
Please check https://github.com/appium/appium/blob/master/docs/en/writing-running-appium/server-args.md
| *Option*            | *Man.* | *Description*     |
| remote_url          | Yes    | Appium server url |
| alias               | no     | alias             |</doc>
<status status="PASS" starttime="20220121 00:12:49.600" endtime="20220121 00:13:05.888"/>
</kw>
<status status="PASS" starttime="20220121 00:12:49.599" endtime="20220121 00:13:05.889"/>
</kw>
<kw name="Go To List Demo" library="resource">
<kw name="Wait Until Page Contains Element" library="AppiumLibrary">
<arg>accessibility_id=List Demo</arg>
<arg>timeout=10 seconds</arg>
<doc>Waits until element specified with `locator` appears on current page.</doc>
<status status="PASS" starttime="20220121 00:13:05.890" endtime="20220121 00:13:08.579"/>
</kw>
<kw name="Click Element" library="AppiumLibrary">
<arg>accessibility_id=List Demo</arg>
<doc>Click element identified by `locator`.</doc>
<msg timestamp="20220121 00:13:08.583" level="INFO">Clicking element 'accessibility_id=List Demo'.</msg>
<status status="PASS" starttime="20220121 00:13:08.580" endtime="20220121 00:13:08.766"/>
</kw>
<status status="PASS" starttime="20220121 00:13:05.890" endtime="20220121 00:13:08.767"/>
</kw>
<status status="PASS" starttime="20220121 00:12:49.597" endtime="20220121 00:13:08.767"/>
</kw>
<kw name="Open Learn More About Cloud Alert">
<arg>Cirrocumulus</arg>
<kw name="Wait Until Page Contains" library="AppiumLibrary">
<arg>Check out these clouds</arg>
<arg>timeout=10 seconds</arg>
<doc>Waits until `text` appears on current page.</doc>
<status status="PASS" starttime="20220121 00:13:08.770" endtime="20220121 00:13:10.443"/>
</kw>
<kw name="Click Cloud Name" library="resource">
<arg>${cloud}</arg>
<kw name="Run Keyword And Return Status" library="BuiltIn">
<var>${visible}</var>
<arg>element should be visible</arg>
<arg>accessibility_id=${cloud}</arg>
<doc>Runs the given keyword with given arguments and returns the status as a Boolean value.</doc>
<kw name="Element Should Be Visible" library="AppiumLibrary">
<arg>accessibility_id=${cloud}</arg>
<doc>Verifies that element identified with locator is visible.</doc>
<status status="PASS" starttime="20220121 00:13:10.444" endtime="20220121 00:13:10.587"/>
</kw>
<msg timestamp="20220121 00:13:10.587" level="INFO">${visible} = True</msg>
<status status="PASS" starttime="20220121 00:13:10.444" endtime="20220121 00:13:10.587"/>
</kw>
<kw name="Run Keyword If" library="BuiltIn">
<arg>${visible}</arg>
<arg>click element</arg>
<arg>accessibility_id=${cloud}</arg>
<arg>ELSE</arg>
<arg>Run Keywords</arg>
<arg>Swipe</arg>
<arg>509</arg>
<arg>1668</arg>
<arg>550</arg>
<arg>901</arg>
<arg>100</arg>
<arg>AND</arg>
<arg>click element</arg>
<arg>accessibility_id=${cloud}</arg>
<doc>Runs the given keyword with the given arguments, if ``condition`` is true.</doc>
<kw name="Click Element" library="AppiumLibrary">
<arg>accessibility_id=${cloud}</arg>
<doc>Click element identified by `locator`.</doc>
<msg timestamp="20220121 00:13:10.592" level="INFO">Clicking element 'accessibility_id=Cirrocumulus'.</msg>
<status status="PASS" starttime="20220121 00:13:10.589" endtime="20220121 00:13:10.792"/>
</kw>
<status status="PASS" starttime="20220121 00:13:10.588" endtime="20220121 00:13:10.792"/>
</kw>
<kw name="Wait Until Page Contains Element" library="AppiumLibrary">
<arg>id=android:id/alertTitle</arg>
<arg>timeout=10 seconds</arg>
<doc>Waits until element specified with `locator` appears on current page.</doc>
<status status="PASS" starttime="20220121 00:13:10.792" endtime="20220121 00:13:11.655"/>
</kw>
<status status="PASS" starttime="20220121 00:13:10.443" endtime="20220121 00:13:11.655"/>
</kw>
<kw name="Click Learn More Button" library="resource">
<kw name="Click Element" library="AppiumLibrary">
<arg>id=android:id/button3</arg>
<doc>Click element identified by `locator`.</doc>
<msg timestamp="20220121 00:13:11.660" level="INFO">Clicking element 'id=android:id/button3'.</msg>
<status status="PASS" starttime="20220121 00:13:11.656" endtime="20220121 00:13:11.788"/>
</kw>
<kw name="Wait Until Page Contains Element" library="AppiumLibrary">
<arg>id=android:id/title_template</arg>
<arg>timeout=10 seconds</arg>
<doc>Waits until element specified with `locator` appears on current page.</doc>
<status status="PASS" starttime="20220121 00:13:11.789" endtime="20220121 00:13:12.578"/>
</kw>
<status status="PASS" starttime="20220121 00:13:11.655" endtime="20220121 00:13:12.578"/>
</kw>
<kw name="Alert Should Be Visible" library="resource">
<arg>${cloud}</arg>
<kw name="Element Should Contain Text" library="AppiumLibrary">
<arg>id=android:id/alertTitle</arg>
<arg>${cloud}</arg>
<doc>Verifies element identified by ``locator`` contains text ``expected``.</doc>
<msg timestamp="20220121 00:13:12.586" level="INFO">Verifying element 'id=android:id/alertTitle' contains text 'Cirrocumulus'.</msg>
<status status="PASS" starttime="20220121 00:13:12.580" endtime="20220121 00:13:12.648"/>
</kw>
<status status="PASS" starttime="20220121 00:13:12.579" endtime="20220121 00:13:12.648"/>
</kw>
<status status="PASS" starttime="20220121 00:13:08.769" endtime="20220121 00:13:12.648"/>
</kw>
<kw name="Close Application" library="AppiumLibrary" type="TEARDOWN">
<doc>Closes the current application and also close webdriver session.</doc>
<status status="PASS" starttime="20220121 00:13:12.649" endtime="20220121 00:13:14.661"/>
</kw>
<status status="PASS" starttime="20220121 00:12:49.595" endtime="20220121 00:13:14.662"/>
</test>
<test id="s1-s4-s3-t4" name="Learn More Cirrostratus Message">
<kw name="Run Keywords" library="BuiltIn" type="SETUP">
<arg>Open Android Application</arg>
<arg>AND</arg>
<arg>Go To List Demo</arg>
<doc>Executes all the given keywords in a sequence.</doc>
<kw name="Open Android Application" library="resource">
<kw name="Open Application" library="AppiumLibrary">
<arg>http://127.0.0.1:4723/wd/hub</arg>
<arg>automationName=${ANDROID_AUTOMATION_NAME}</arg>
<arg>app=${ANDROID_APP}</arg>
<arg>platformName=${ANDROID_PLATFORM_NAME}</arg>
<arg>platformVersion=${ANDROID_PLATFORM_VERSION}</arg>
<arg>appPackage=${ANDROID_APP_PACKAGE}</arg>
<arg>deviceName=${ANDROID_DEVICE_NAME}</arg>
<doc>Opens a new application to given Appium server.
Capabilities of appium server, Android and iOS,
Please check https://github.com/appium/appium/blob/master/docs/en/writing-running-appium/server-args.md
| *Option*            | *Man.* | *Description*     |
| remote_url          | Yes    | Appium server url |
| alias               | no     | alias             |</doc>
<status status="PASS" starttime="20220121 00:13:14.665" endtime="20220121 00:13:30.346"/>
</kw>
<status status="PASS" starttime="20220121 00:13:14.665" endtime="20220121 00:13:30.346"/>
</kw>
<kw name="Go To List Demo" library="resource">
<kw name="Wait Until Page Contains Element" library="AppiumLibrary">
<arg>accessibility_id=List Demo</arg>
<arg>timeout=10 seconds</arg>
<doc>Waits until element specified with `locator` appears on current page.</doc>
<status status="PASS" starttime="20220121 00:13:30.348" endtime="20220121 00:13:33.061"/>
</kw>
<kw name="Click Element" library="AppiumLibrary">
<arg>accessibility_id=List Demo</arg>
<doc>Click element identified by `locator`.</doc>
<msg timestamp="20220121 00:13:33.064" level="INFO">Clicking element 'accessibility_id=List Demo'.</msg>
<status status="PASS" starttime="20220121 00:13:33.061" endtime="20220121 00:13:33.233"/>
</kw>
<status status="PASS" starttime="20220121 00:13:30.347" endtime="20220121 00:13:33.234"/>
</kw>
<status status="PASS" starttime="20220121 00:13:14.664" endtime="20220121 00:13:33.234"/>
</kw>
<kw name="Open Learn More About Cloud Alert">
<arg>Cirrostratus</arg>
<kw name="Wait Until Page Contains" library="AppiumLibrary">
<arg>Check out these clouds</arg>
<arg>timeout=10 seconds</arg>
<doc>Waits until `text` appears on current page.</doc>
<status status="PASS" starttime="20220121 00:13:33.236" endtime="20220121 00:13:35.324"/>
</kw>
<kw name="Click Cloud Name" library="resource">
<arg>${cloud}</arg>
<kw name="Run Keyword And Return Status" library="BuiltIn">
<var>${visible}</var>
<arg>element should be visible</arg>
<arg>accessibility_id=${cloud}</arg>
<doc>Runs the given keyword with given arguments and returns the status as a Boolean value.</doc>
<kw name="Element Should Be Visible" library="AppiumLibrary">
<arg>accessibility_id=${cloud}</arg>
<doc>Verifies that element identified with locator is visible.</doc>
<status status="PASS" starttime="20220121 00:13:35.325" endtime="20220121 00:13:35.449"/>
</kw>
<msg timestamp="20220121 00:13:35.449" level="INFO">${visible} = True</msg>
<status status="PASS" starttime="20220121 00:13:35.325" endtime="20220121 00:13:35.449"/>
</kw>
<kw name="Run Keyword If" library="BuiltIn">
<arg>${visible}</arg>
<arg>click element</arg>
<arg>accessibility_id=${cloud}</arg>
<arg>ELSE</arg>
<arg>Run Keywords</arg>
<arg>Swipe</arg>
<arg>509</arg>
<arg>1668</arg>
<arg>550</arg>
<arg>901</arg>
<arg>100</arg>
<arg>AND</arg>
<arg>click element</arg>
<arg>accessibility_id=${cloud}</arg>
<doc>Runs the given keyword with the given arguments, if ``condition`` is true.</doc>
<kw name="Click Element" library="AppiumLibrary">
<arg>accessibility_id=${cloud}</arg>
<doc>Click element identified by `locator`.</doc>
<msg timestamp="20220121 00:13:35.455" level="INFO">Clicking element 'accessibility_id=Cirrostratus'.</msg>
<status status="PASS" starttime="20220121 00:13:35.450" endtime="20220121 00:13:35.644"/>
</kw>
<status status="PASS" starttime="20220121 00:13:35.450" endtime="20220121 00:13:35.644"/>
</kw>
<kw name="Wait Until Page Contains Element" library="AppiumLibrary">
<arg>id=android:id/alertTitle</arg>
<arg>timeout=10 seconds</arg>
<doc>Waits until element specified with `locator` appears on current page.</doc>
<status status="PASS" starttime="20220121 00:13:35.645" endtime="20220121 00:13:36.565"/>
</kw>
<status status="PASS" starttime="20220121 00:13:35.324" endtime="20220121 00:13:36.566"/>
</kw>
<kw name="Click Learn More Button" library="resource">
<kw name="Click Element" library="AppiumLibrary">
<arg>id=android:id/button3</arg>
<doc>Click element identified by `locator`.</doc>
<msg timestamp="20220121 00:13:36.572" level="INFO">Clicking element 'id=android:id/button3'.</msg>
<status status="PASS" starttime="20220121 00:13:36.567" endtime="20220121 00:13:37.534"/>
</kw>
<kw name="Wait Until Page Contains Element" library="AppiumLibrary">
<arg>id=android:id/title_template</arg>
<arg>timeout=10 seconds</arg>
<doc>Waits until element specified with `locator` appears on current page.</doc>
<status status="PASS" starttime="20220121 00:13:37.534" endtime="20220121 00:13:37.578"/>
</kw>
<status status="PASS" starttime="20220121 00:13:36.566" endtime="20220121 00:13:37.579"/>
</kw>
<kw name="Alert Should Be Visible" library="resource">
<arg>${cloud}</arg>
<kw name="Element Should Contain Text" library="AppiumLibrary">
<arg>id=android:id/alertTitle</arg>
<arg>${cloud}</arg>
<doc>Verifies element identified by ``locator`` contains text ``expected``.</doc>
<msg timestamp="20220121 00:13:37.585" level="INFO">Verifying element 'id=android:id/alertTitle' contains text 'Cirrostratus'.</msg>
<status status="PASS" starttime="20220121 00:13:37.580" endtime="20220121 00:13:37.658"/>
</kw>
<status status="PASS" starttime="20220121 00:13:37.579" endtime="20220121 00:13:37.658"/>
</kw>
<status status="PASS" starttime="20220121 00:13:33.235" endtime="20220121 00:13:37.659"/>
</kw>
<kw name="Close Application" library="AppiumLibrary" type="TEARDOWN">
<doc>Closes the current application and also close webdriver session.</doc>
<status status="PASS" starttime="20220121 00:13:37.659" endtime="20220121 00:13:39.501"/>
</kw>
<status status="PASS" starttime="20220121 00:13:14.663" endtime="20220121 00:13:39.504"/>
</test>
<test id="s1-s4-s3-t5" name="Learn More Cirrus Message">
<kw name="Run Keywords" library="BuiltIn" type="SETUP">
<arg>Open Android Application</arg>
<arg>AND</arg>
<arg>Go To List Demo</arg>
<doc>Executes all the given keywords in a sequence.</doc>
<kw name="Open Android Application" library="resource">
<kw name="Open Application" library="AppiumLibrary">
<arg>http://127.0.0.1:4723/wd/hub</arg>
<arg>automationName=${ANDROID_AUTOMATION_NAME}</arg>
<arg>app=${ANDROID_APP}</arg>
<arg>platformName=${ANDROID_PLATFORM_NAME}</arg>
<arg>platformVersion=${ANDROID_PLATFORM_VERSION}</arg>
<arg>appPackage=${ANDROID_APP_PACKAGE}</arg>
<arg>deviceName=${ANDROID_DEVICE_NAME}</arg>
<doc>Opens a new application to given Appium server.
Capabilities of appium server, Android and iOS,
Please check https://github.com/appium/appium/blob/master/docs/en/writing-running-appium/server-args.md
| *Option*            | *Man.* | *Description*     |
| remote_url          | Yes    | Appium server url |
| alias               | no     | alias             |</doc>
<status status="PASS" starttime="20220121 00:13:39.510" endtime="20220121 00:13:55.521"/>
</kw>
<status status="PASS" starttime="20220121 00:13:39.509" endtime="20220121 00:13:55.522"/>
</kw>
<kw name="Go To List Demo" library="resource">
<kw name="Wait Until Page Contains Element" library="AppiumLibrary">
<arg>accessibility_id=List Demo</arg>
<arg>timeout=10 seconds</arg>
<doc>Waits until element specified with `locator` appears on current page.</doc>
<status status="PASS" starttime="20220121 00:13:55.523" endtime="20220121 00:13:58.262"/>
</kw>
<kw name="Click Element" library="AppiumLibrary">
<arg>accessibility_id=List Demo</arg>
<doc>Click element identified by `locator`.</doc>
<msg timestamp="20220121 00:13:58.266" level="INFO">Clicking element 'accessibility_id=List Demo'.</msg>
<status status="PASS" starttime="20220121 00:13:58.262" endtime="20220121 00:13:58.457"/>
</kw>
<status status="PASS" starttime="20220121 00:13:55.522" endtime="20220121 00:13:58.457"/>
</kw>
<status status="PASS" starttime="20220121 00:13:39.509" endtime="20220121 00:13:58.458"/>
</kw>
<kw name="Open Learn More About Cloud Alert">
<arg>Cirrus</arg>
<kw name="Wait Until Page Contains" library="AppiumLibrary">
<arg>Check out these clouds</arg>
<arg>timeout=10 seconds</arg>
<doc>Waits until `text` appears on current page.</doc>
<status status="PASS" starttime="20220121 00:13:58.460" endtime="20220121 00:14:00.364"/>
</kw>
<kw name="Click Cloud Name" library="resource">
<arg>${cloud}</arg>
<kw name="Run Keyword And Return Status" library="BuiltIn">
<var>${visible}</var>
<arg>element should be visible</arg>
<arg>accessibility_id=${cloud}</arg>
<doc>Runs the given keyword with given arguments and returns the status as a Boolean value.</doc>
<kw name="Element Should Be Visible" library="AppiumLibrary">
<arg>accessibility_id=${cloud}</arg>
<doc>Verifies that element identified with locator is visible.</doc>
<status status="PASS" starttime="20220121 00:14:00.366" endtime="20220121 00:14:01.068"/>
</kw>
<msg timestamp="20220121 00:14:01.068" level="INFO">${visible} = True</msg>
<status status="PASS" starttime="20220121 00:14:00.366" endtime="20220121 00:14:01.068"/>
</kw>
<kw name="Run Keyword If" library="BuiltIn">
<arg>${visible}</arg>
<arg>click element</arg>
<arg>accessibility_id=${cloud}</arg>
<arg>ELSE</arg>
<arg>Run Keywords</arg>
<arg>Swipe</arg>
<arg>509</arg>
<arg>1668</arg>
<arg>550</arg>
<arg>901</arg>
<arg>100</arg>
<arg>AND</arg>
<arg>click element</arg>
<arg>accessibility_id=${cloud}</arg>
<doc>Runs the given keyword with the given arguments, if ``condition`` is true.</doc>
<kw name="Click Element" library="AppiumLibrary">
<arg>accessibility_id=${cloud}</arg>
<doc>Click element identified by `locator`.</doc>
<msg timestamp="20220121 00:14:01.073" level="INFO">Clicking element 'accessibility_id=Cirrus'.</msg>
<status status="PASS" starttime="20220121 00:14:01.069" endtime="20220121 00:14:01.251"/>
</kw>
<status status="PASS" starttime="20220121 00:14:01.068" endtime="20220121 00:14:01.251"/>
</kw>
<kw name="Wait Until Page Contains Element" library="AppiumLibrary">
<arg>id=android:id/alertTitle</arg>
<arg>timeout=10 seconds</arg>
[...]
</kw>
<status status="PASS" starttime="20220121 00:28:35.768" endtime="20220121 00:28:39.229"/>
</kw>
<status status="PASS" starttime="20220121 00:28:35.767" endtime="20220121 00:28:39.231"/>
</test>
<test id="s1-s6-s2-t4" name="Select Photo 4">
<kw name="Select A Photo">
<arg>4</arg>
<kw name="Click Photo" library="resource">
<arg>${photo}</arg>
<kw name="Wait Until Page Contains Element" library="AppiumLibrary">
<arg>//android.view.ViewGroup[${photo}]/android.widget.ImageView</arg>
<doc>Waits until element specified with `locator` appears on current page.</doc>
<status status="PASS" starttime="20220121 00:28:39.238" endtime="20220121 00:28:39.517"/>
</kw>
<kw name="Click Element" library="AppiumLibrary">
<arg>//android.view.ViewGroup[${photo}]/android.widget.ImageView</arg>
<doc>Click element identified by `locator`.</doc>
<msg timestamp="20220121 00:28:39.527" level="INFO">Clicking element '//android.view.ViewGroup[4]/android.widget.ImageView'.</msg>
<status status="PASS" starttime="20220121 00:28:39.518" endtime="20220121 00:28:39.894"/>
</kw>
<kw name="Wait Until Page Contains Element" library="AppiumLibrary">
<arg>id=android:id/alertTitle</arg>
<arg>timeout=20 seconds</arg>
<doc>Waits until element specified with `locator` appears on current page.</doc>
<status status="PASS" starttime="20220121 00:28:39.894" endtime="20220121 00:28:40.610"/>
</kw>
<status status="PASS" starttime="20220121 00:28:39.236" endtime="20220121 00:28:40.610"/>
</kw>
<kw name="Selected Photo Message Appears" library="resource">
<kw name="Element Should Contain Text" library="AppiumLibrary">
<arg>id=android:id/alertTitle</arg>
<arg>Selected Photo</arg>
<doc>Verifies element identified by ``locator`` contains text ``expected``.</doc>
<msg timestamp="20220121 00:28:40.617" level="INFO">Verifying element 'id=android:id/alertTitle' contains text 'Selected Photo'.</msg>
<status status="PASS" starttime="20220121 00:28:40.612" endtime="20220121 00:28:40.755"/>
</kw>
<status status="PASS" starttime="20220121 00:28:40.611" endtime="20220121 00:28:40.755"/>
</kw>
<kw name="Click OK Button" library="resource" type="TEARDOWN">
<kw name="Click Element" library="AppiumLibrary">
<arg>id=android:id/button1</arg>
<doc>Click element identified by `locator`.</doc>
<msg timestamp="20220121 00:28:40.764" level="INFO">Clicking element 'id=android:id/button1'.</msg>
<status status="PASS" starttime="20220121 00:28:40.758" endtime="20220121 00:28:41.719"/>
</kw>
<kw name="Wait Until Page Does Not Contain Element" library="AppiumLibrary">
<arg>id=android:id/alertTitle</arg>
<arg>timeout=10 seconds</arg>
<doc>Waits until element specified with `locator` disappears from current page.</doc>
<status status="PASS" starttime="20220121 00:28:41.719" endtime="20220121 00:28:41.780"/>
</kw>
<status status="PASS" starttime="20220121 00:28:40.756" endtime="20220121 00:28:41.781"/>
</kw>
<status status="PASS" starttime="20220121 00:28:39.234" endtime="20220121 00:28:41.781"/>
</kw>
<status status="PASS" starttime="20220121 00:28:39.233" endtime="20220121 00:28:41.783"/>
</test>
<test id="s1-s6-s2-t5" name="Select Photo 5">
<kw name="Select A Photo">
<arg>5</arg>
<kw name="Click Photo" library="resource">
<arg>${photo}</arg>
<kw name="Wait Until Page Contains Element" library="AppiumLibrary">
<arg>//android.view.ViewGroup[${photo}]/android.widget.ImageView</arg>
<doc>Waits until element specified with `locator` appears on current page.</doc>
<status status="PASS" starttime="20220121 00:28:41.791" endtime="20220121 00:28:41.970"/>
</kw>
<kw name="Click Element" library="AppiumLibrary">
<arg>//android.view.ViewGroup[${photo}]/android.widget.ImageView</arg>
<doc>Click element identified by `locator`.</doc>
<msg timestamp="20220121 00:28:41.977" level="INFO">Clicking element '//android.view.ViewGroup[5]/android.widget.ImageView'.</msg>
<status status="PASS" starttime="20220121 00:28:41.970" endtime="20220121 00:28:42.330"/>
</kw>
<kw name="Wait Until Page Contains Element" library="AppiumLibrary">
<arg>id=android:id/alertTitle</arg>
<arg>timeout=20 seconds</arg>
<doc>Waits until element specified with `locator` appears on current page.</doc>
<status status="PASS" starttime="20220121 00:28:42.330" endtime="20220121 00:28:43.237"/>
</kw>
<status status="PASS" starttime="20220121 00:28:41.790" endtime="20220121 00:28:43.238"/>
</kw>
<kw name="Selected Photo Message Appears" library="resource">
<kw name="Element Should Contain Text" library="AppiumLibrary">
<arg>id=android:id/alertTitle</arg>
<arg>Selected Photo</arg>
<doc>Verifies element identified by ``locator`` contains text ``expected``.</doc>
<msg timestamp="20220121 00:28:43.244" level="INFO">Verifying element 'id=android:id/alertTitle' contains text 'Selected Photo'.</msg>
<status status="PASS" starttime="20220121 00:28:43.239" endtime="20220121 00:28:43.440"/>
</kw>
<status status="PASS" starttime="20220121 00:28:43.238" endtime="20220121 00:28:43.441"/>
</kw>
<kw name="Click OK Button" library="resource" type="TEARDOWN">
<kw name="Click Element" library="AppiumLibrary">
<arg>id=android:id/button1</arg>
<doc>Click element identified by `locator`.</doc>
<msg timestamp="20220121 00:28:43.450" level="INFO">Clicking element 'id=android:id/button1'.</msg>
<status status="PASS" starttime="20220121 00:28:43.442" endtime="20220121 00:28:44.439"/>
</kw>
<kw name="Wait Until Page Does Not Contain Element" library="AppiumLibrary">
<arg>id=android:id/alertTitle</arg>
<arg>timeout=10 seconds</arg>
<doc>Waits until element specified with `locator` disappears from current page.</doc>
<status status="PASS" starttime="20220121 00:28:44.439" endtime="20220121 00:28:44.604"/>
</kw>
<status status="PASS" starttime="20220121 00:28:43.441" endtime="20220121 00:28:44.604"/>
</kw>
<status status="PASS" starttime="20220121 00:28:41.789" endtime="20220121 00:28:44.604"/>
</kw>
<status status="PASS" starttime="20220121 00:28:41.787" endtime="20220121 00:28:44.605"/>
</test>
<test id="s1-s6-s2-t6" name="Select Photo 6">
<kw name="Select A Photo">
<arg>6</arg>
<kw name="Click Photo" library="resource">
<arg>${photo}</arg>
<kw name="Wait Until Page Contains Element" library="AppiumLibrary">
<arg>//android.view.ViewGroup[${photo}]/android.widget.ImageView</arg>
<doc>Waits until element specified with `locator` appears on current page.</doc>
<status status="PASS" starttime="20220121 00:28:44.611" endtime="20220121 00:28:44.830"/>
</kw>
<kw name="Click Element" library="AppiumLibrary">
<arg>//android.view.ViewGroup[${photo}]/android.widget.ImageView</arg>
<doc>Click element identified by `locator`.</doc>
<msg timestamp="20220121 00:28:44.836" level="INFO">Clicking element '//android.view.ViewGroup[6]/android.widget.ImageView'.</msg>
<status status="PASS" starttime="20220121 00:28:44.830" endtime="20220121 00:28:45.167"/>
</kw>
<kw name="Wait Until Page Contains Element" library="AppiumLibrary">
<arg>id=android:id/alertTitle</arg>
<arg>timeout=20 seconds</arg>
<doc>Waits until element specified with `locator` appears on current page.</doc>
<status status="PASS" starttime="20220121 00:28:45.167" endtime="20220121 00:28:45.852"/>
</kw>
<status status="PASS" starttime="20220121 00:28:44.610" endtime="20220121 00:28:45.853"/>
</kw>
<kw name="Selected Photo Message Appears" library="resource">
<kw name="Element Should Contain Text" library="AppiumLibrary">
<arg>id=android:id/alertTitle</arg>
<arg>Selected Photo</arg>
<doc>Verifies element identified by ``locator`` contains text ``expected``.</doc>
<msg timestamp="20220121 00:28:45.860" level="INFO">Verifying element 'id=android:id/alertTitle' contains text 'Selected Photo'.</msg>
<status status="PASS" starttime="20220121 00:28:45.854" endtime="20220121 00:28:45.967"/>
</kw>
<status status="PASS" starttime="20220121 00:28:45.853" endtime="20220121 00:28:45.968"/>
</kw>
<kw name="Click OK Button" library="resource" type="TEARDOWN">
<kw name="Click Element" library="AppiumLibrary">
<arg>id=android:id/button1</arg>
<doc>Click element identified by `locator`.</doc>
<msg timestamp="20220121 00:28:45.978" level="INFO">Clicking element 'id=android:id/button1'.</msg>
<status status="PASS" starttime="20220121 00:28:45.970" endtime="20220121 00:28:46.889"/>
</kw>
<kw name="Wait Until Page Does Not Contain Element" library="AppiumLibrary">
<arg>id=android:id/alertTitle</arg>
<arg>timeout=10 seconds</arg>
<doc>Waits until element specified with `locator` disappears from current page.</doc>
<status status="PASS" starttime="20220121 00:28:46.889" endtime="20220121 00:28:46.931"/>
</kw>
<status status="PASS" starttime="20220121 00:28:45.969" endtime="20220121 00:28:46.932"/>
</kw>
<status status="PASS" starttime="20220121 00:28:44.609" endtime="20220121 00:28:46.932"/>
</kw>
<status status="PASS" starttime="20220121 00:28:44.607" endtime="20220121 00:28:46.933"/>
</test>
<kw name="Close Application" library="AppiumLibrary" type="TEARDOWN">
<doc>Closes the current application and also close webdriver session.</doc>
<status status="PASS" starttime="20220121 00:28:46.936" endtime="20220121 00:28:49.464"/>
</kw>
<doc>test cases for the photo demo</doc>
<status status="PASS" starttime="20220121 00:27:58.900" endtime="20220121 00:28:49.464"/>
</suite>
<status status="PASS" starttime="20220121 00:27:32.838" endtime="20220121 00:28:49.477"/>
</suite>
<suite id="s1-s7" name="Webview Tests" source="C:\Users\Bonnie\Documents\Projects\test-automation-practices\appium_tests\LinkedIn_TheApp_TestSuite\webview_tests.robot">
<test id="s1-s7-t1" name="Clear the URL Input">
<kw name="Run Keywords" library="BuiltIn" type="SETUP">
<arg>Open Android Application</arg>
<arg>AND</arg>
<arg>Go To Web View Demo</arg>
<doc>Executes all the given keywords in a sequence.</doc>
<kw name="Open Android Application" library="resource">
<kw name="Open Application" library="AppiumLibrary">
<arg>http://127.0.0.1:4723/wd/hub</arg>
<arg>automationName=${ANDROID_AUTOMATION_NAME}</arg>
<arg>app=${ANDROID_APP}</arg>
<arg>platformName=${ANDROID_PLATFORM_NAME}</arg>
<arg>platformVersion=${ANDROID_PLATFORM_VERSION}</arg>
<arg>appPackage=${ANDROID_APP_PACKAGE}</arg>
<arg>deviceName=${ANDROID_DEVICE_NAME}</arg>
<doc>Opens a new application to given Appium server.
Capabilities of appium server, Android and iOS,
Please check https://github.com/appium/appium/blob/master/docs/en/writing-running-appium/server-args.md
| *Option*            | *Man.* | *Description*     |
| remote_url          | Yes    | Appium server url |
| alias               | no     | alias             |</doc>
<status status="PASS" starttime="20220121 00:28:49.501" endtime="20220121 00:29:11.264"/>
</kw>
<status status="PASS" starttime="20220121 00:28:49.500" endtime="20220121 00:29:11.264"/>
</kw>
<kw name="Go To Web View Demo">
<kw name="Wait Until Page Contains Element" library="AppiumLibrary">
<arg>accessibility_id=Webview Demo</arg>
<arg>timeout=10 seconds</arg>
<doc>Waits until element specified with `locator` appears on current page.</doc>
<status status="PASS" starttime="20220121 00:29:11.266" endtime="20220121 00:29:16.408"/>
</kw>
<kw name="Click Element" library="AppiumLibrary">
<arg>accessibility_id=Webview Demo</arg>
<doc>Click element identified by `locator`.</doc>
<msg timestamp="20220121 00:29:16.414" level="INFO">Clicking element 'accessibility_id=Webview Demo'.</msg>
<status status="PASS" starttime="20220121 00:29:16.408" endtime="20220121 00:29:17.355"/>
</kw>
<status status="PASS" starttime="20220121 00:29:11.265" endtime="20220121 00:29:17.355"/>
</kw>
<status status="PASS" starttime="20220121 00:28:49.500" endtime="20220121 00:29:17.355"/>
</kw>
<kw name="Click Clear Button">
<kw name="Wait Until Page Contains" library="AppiumLibrary">
<arg>Please navigate to a webpage</arg>
<arg>timeout=10 seconds</arg>
<doc>Waits until `text` appears on current page.</doc>
<status status="PASS" starttime="20220121 00:29:17.358" endtime="20220121 00:29:20.408"/>
</kw>
<kw name="Click Element" library="AppiumLibrary">
<arg>//android.view.ViewGroup[@content-desc="clearBtn"]</arg>
<doc>Click element identified by `locator`.</doc>
<msg timestamp="20220121 00:29:20.413" level="INFO">Clicking element '//android.view.ViewGroup[@content-desc="clearBtn"]'.</msg>
<status status="PASS" starttime="20220121 00:29:20.408" endtime="20220121 00:29:21.062"/>
</kw>
<status status="PASS" starttime="20220121 00:29:17.357" endtime="20220121 00:29:21.063"/>
</kw>
<kw name="URL Should Display Default">
<kw name="Element Should Contain Text" library="AppiumLibrary">
<arg>accessibility_id=urlInput</arg>
<arg>https://appiumpro.com</arg>
<doc>Verifies element identified by ``locator`` contains text ``expected``.</doc>
<msg timestamp="20220121 00:29:21.074" level="INFO">Verifying element 'accessibility_id=urlInput' contains text 'https://appiumpro.com'.</msg>
<status status="PASS" starttime="20220121 00:29:21.067" endtime="20220121 00:29:21.233"/>
</kw>
<status status="PASS" starttime="20220121 00:29:21.066" endtime="20220121 00:29:21.233"/>
</kw>
<kw name="Close Application" library="AppiumLibrary" type="TEARDOWN">
<doc>Closes the current application and also close webdriver session.</doc>
<status status="PASS" starttime="20220121 00:29:21.239" endtime="20220121 00:29:23.585"/>
</kw>
<status status="PASS" starttime="20220121 00:28:49.498" endtime="20220121 00:29:23.595"/>
</test>
<test id="s1-s7-t2" name="Enter A Valid URL">
<kw name="Run Keywords" library="BuiltIn" type="SETUP">
<arg>Open Android Application</arg>
<arg>AND</arg>
<arg>Go To Web View Demo</arg>
<doc>Executes all the given keywords in a sequence.</doc>
<kw name="Open Android Application" library="resource">
<kw name="Open Application" library="AppiumLibrary">
<arg>http://127.0.0.1:4723/wd/hub</arg>
<arg>automationName=${ANDROID_AUTOMATION_NAME}</arg>
<arg>app=${ANDROID_APP}</arg>
<arg>platformName=${ANDROID_PLATFORM_NAME}</arg>
<arg>platformVersion=${ANDROID_PLATFORM_VERSION}</arg>
<arg>appPackage=${ANDROID_APP_PACKAGE}</arg>
<arg>deviceName=${ANDROID_DEVICE_NAME}</arg>
<doc>Opens a new application to given Appium server.
Capabilities of appium server, Android and iOS,
Please check https://github.com/appium/appium/blob/master/docs/en/writing-running-appium/server-args.md
| *Option*            | *Man.* | *Description*     |
| remote_url          | Yes    | Appium server url |
| alias               | no     | alias             |</doc>
<status status="PASS" starttime="20220121 00:29:23.610" endtime="20220121 00:29:45.550"/>
</kw>
<status status="PASS" starttime="20220121 00:29:23.608" endtime="20220121 00:29:45.550"/>
</kw>
<kw name="Go To Web View Demo">
<kw name="Wait Until Page Contains Element" library="AppiumLibrary">
<arg>accessibility_id=Webview Demo</arg>
<arg>timeout=10 seconds</arg>
<doc>Waits until element specified with `locator` appears on current page.</doc>
<status status="PASS" starttime="20220121 00:29:45.551" endtime="20220121 00:29:47.864"/>
</kw>
<kw name="Click Element" library="AppiumLibrary">
<arg>accessibility_id=Webview Demo</arg>
<doc>Click element identified by `locator`.</doc>
<msg timestamp="20220121 00:29:47.867" level="INFO">Clicking element 'accessibility_id=Webview Demo'.</msg>
<status status="PASS" starttime="20220121 00:29:47.864" endtime="20220121 00:29:48.451"/>
</kw>
<status status="PASS" starttime="20220121 00:29:45.550" endtime="20220121 00:29:48.452"/>
</kw>
<status status="PASS" starttime="20220121 00:29:23.606" endtime="20220121 00:29:48.452"/>
</kw>
<kw name="Enter URL">
<kw name="Input Text" library="AppiumLibrary">
<arg>accessibility_id=urlInput</arg>
<arg>http://www.google.com</arg>
<doc>Types the given `text` into text field identified by `locator`.</doc>
<msg timestamp="20220121 00:29:48.458" level="INFO">Typing text 'http://www.google.com' into text field 'accessibility_id=urlInput'</msg>
<status status="PASS" starttime="20220121 00:29:48.453" endtime="20220121 00:29:50.649"/>
</kw>
<status status="PASS" starttime="20220121 00:29:48.453" endtime="20220121 00:29:50.649"/>
</kw>
<kw name="Click Go Button">
<kw name="Click Element" library="AppiumLibrary">
<arg>//android.view.ViewGroup[@content-desc="navigateBtn"]</arg>
<doc>Click element identified by `locator`.</doc>
<msg timestamp="20220121 00:29:50.662" level="INFO">Clicking element '//android.view.ViewGroup[@content-desc="navigateBtn"]'.</msg>
<status status="PASS" starttime="20220121 00:29:50.652" endtime="20220121 00:29:51.606"/>
</kw>
<kw name="Wait Until Page Contains Element" library="AppiumLibrary">
<arg>id=android:id/alertTitle</arg>
<arg>timeout=10 seconds</arg>
<doc>Waits until element specified with `locator` appears on current page.</doc>
<status status="PASS" starttime="20220121 00:29:51.607" endtime="20220121 00:29:52.234"/>
</kw>
<status status="PASS" starttime="20220121 00:29:50.650" endtime="20220121 00:29:52.234"/>
</kw>
<kw name="Alert Should Be Visible">
<kw name="Element Should Contain Text" library="AppiumLibrary">
<arg>id=android:id/message</arg>
<arg>Sorry, you are not allowed to visit that url</arg>
<doc>Verifies element identified by ``locator`` contains text ``expected``.</doc>
<msg timestamp="20220121 00:29:52.239" level="INFO">Verifying element 'id=android:id/message' contains text 'Sorry, you are not allowed to visit that url'.</msg>
<status status="PASS" starttime="20220121 00:29:52.235" endtime="20220121 00:29:52.302"/>
</kw>
<status status="PASS" starttime="20220121 00:29:52.235" endtime="20220121 00:29:52.303"/>
</kw>
<kw name="Close Application" library="AppiumLibrary" type="TEARDOWN">
<doc>Closes the current application and also close webdriver session.</doc>
<status status="PASS" starttime="20220121 00:29:52.304" endtime="20220121 00:29:54.083"/>
</kw>
<status status="PASS" starttime="20220121 00:29:23.605" endtime="20220121 00:29:54.083"/>
</test>
<doc>test cases for the web view</doc>
<status status="PASS" starttime="20220121 00:28:49.485" endtime="20220121 00:29:54.086"/>
</suite>
<status status="FAIL" starttime="20220121 00:07:44.960" endtime="20220121 00:29:54.097"/>
</suite>
<statistics>
<total>
<stat pass="49" fail="1" skip="0">All Tests</stat>
</total>
<tag>
</tag>
<suite>
<stat pass="49" fail="1" skip="0" id="s1" name="LinkedIn TheApp TestSuite">LinkedIn TheApp TestSuite</stat>
<stat pass="3" fail="0" skip="0" id="s1-s1" name="Clipboard Tests">LinkedIn TheApp TestSuite.Clipboard Tests</stat>
<stat pass="1" fail="0" skip="0" id="s1-s2" name="Date Picker Tests">LinkedIn TheApp TestSuite.Date Picker Tests</stat>
<stat pass="2" fail="0" skip="0" id="s1-s3" name="Echo Box Tests">LinkedIn TheApp TestSuite.Echo Box Tests</stat>
<stat pass="32" fail="1" skip="0" id="s1-s4" name="List Demo Tests">LinkedIn TheApp TestSuite.List Demo Tests</stat>
<stat pass="1" fail="0" skip="0" id="s1-s4-s1" name="Close Cloud Description Test">LinkedIn TheApp TestSuite.List Demo Tests.Close Cloud Description Test</stat>
<stat pass="2" fail="0" skip="0" id="s1-s4-s2" name="Close List Alert Tests">LinkedIn TheApp TestSuite.List Demo Tests.Close List Alert Tests</stat>
<stat pass="14" fail="1" skip="0" id="s1-s4-s3" name="Learn More Option Tests">LinkedIn TheApp TestSuite.List Demo Tests.Learn More Option Tests</stat>
<stat pass="15" fail="0" skip="0" id="s1-s4-s4" name="View List Tests">LinkedIn TheApp TestSuite.List Demo Tests.View List Tests</stat>
<stat pass="2" fail="0" skip="0" id="s1-s5" name="Login Screen Tests">LinkedIn TheApp TestSuite.Login Screen Tests</stat>
<stat pass="7" fail="0" skip="0" id="s1-s6" name="Photo Demo Tests">LinkedIn TheApp TestSuite.Photo Demo Tests</stat>
<stat pass="1" fail="0" skip="0" id="s1-s6-s1" name="Close Photo Tests">LinkedIn TheApp TestSuite.Photo Demo Tests.Close Photo Tests</stat>
<stat pass="6" fail="0" skip="0" id="s1-s6-s2" name="View Photos Tests">LinkedIn TheApp TestSuite.Photo Demo Tests.View Photos Tests</stat>
<stat pass="2" fail="0" skip="0" id="s1-s7" name="Webview Tests">LinkedIn TheApp TestSuite.Webview Tests</stat>
</suite>
</statistics>
<errors>
</errors>
</robot>
